386;500
386;502
386;501
386;500
386;499
386;498
386;497
386;496
386;495
386;494
386;493
386;492
386;491
386;490
386;489
386;488
387;488
387;487
388;487
388;486
389;486
389;485
390;485
390;484
391;484
392;484
392;483
393;483
394;482
395;482
396;481
397;480
398;480
399;479
400;479
401;479
401;478
402;478
403;477
404;477
405;477
406;477
407;477
408;476
409;476
410;476
411;476
412;476
413;476
414;476
415;476
416;476
417;476
418;476
419;476
420;476
421;476
422;476
423;476
424;476
425;476
426;476
427;476
428;476
429;476
430;476
431;476
432;476
433;476
434;476
434;477
435;477
436;478
437;478
438;478
439;479
440;479
441;480
442;480
442;481
443;481
443;482
444;482
445;482
445;483
446;484
447;485
448;486
449;487
450;488
451;489
451;490
452;490
452;491
453;492
453;493
454;494
454;495
454;496
455;497
456;497
456;498
456;499
457;500
457;501
458;502
458;503
458;504
459;504
459;505
460;506
460;507
460;508
460;509
460;510
460;511
460;512
460;513
460;514
460;515
460;516
460;517
460;518
460;520
460;521
460;522
460;523
460;524
460;525
460;526
460;527
460;528
460;529
460;530
460;531
460;532
460;533
460;534
460;535
460;536
460;537
459;537
458;538
458;539
457;540
456;540
455;541
454;542
453;543
452;543
450;544
449;544
448;545
447;545
446;546
445;546
444;546
443;546
442;547
441;547
440;547
439;547
439;548
438;548
437;548
436;548
435;548
434;548
433;548
432;548
431;548
430;548
429;548
428;548
427;548
426;548
425;548
424;548
423;548
422;548
422;547
421;547
421;546
420;545
419;544
419;543
418;542
417;541
417;540
417;539
416;538
416;537
416;536
415;535
415;534
415;533
414;532
414;531
413;530
413;529
413;528
413;527
413;526
413;525
413;524
413;523
412;522
412;521
412;520
412;519
412;518
412;517
412;516
412;514
412;513
412;512
412;510
412;509
412;508
412;507
411;506
411;505
411;504
411;503
411;502
411;501
410;500
410;499
409;498
409;497
409;496
409;495
408;494
408;493
407;492
407;491
407;490
406;489
406;488
405;487
405;486
405;485
404;484
404;483
403;482
402;480
402;479
401;478
401;477
400;476
400;475
399;474
398;473
398;472
397;472
397;471
396;470
396;469
395;468
395;467
394;467
394;466
393;465
392;465
392;464
391;464
390;463
389;462
388;461
387;460
386;460
386;459
385;458
384;457
383;456
382;456
381;455
381;454
380;454
379;453
378;452
377;451
375;450
374;449
373;448
372;448
371;447
370;447
369;446
368;446
367;445
366;445
365;444
364;443
363;443
362;443
360;442
359;442
358;442
357;442
356;441
355;441
354;441
353;441
352;441
351;441
350;441
349;441
348;441
347;441
346;440
345;440
344;440
343;440
342;440
341;440
340;440
339;440
338;440
337;440
336;440
335;440
334;440
333;440
332;440
331;440
330;440
329;440
328;440
327;440
326;440
325;440
324;440
323;440
322;440
320;440
319;440
318;440
317;440
316;440
315;440
314;440
313;441
312;441
311;441
310;441
309;442
308;442
307;442
306;443
305;443
304;443
303;444
302;444
302;445
301;445
300;445
299;446
298;446
297;447
296;447
295;448
294;448
293;448
292;449
291;449
290;449
289;449
289;450
288;450
287;450
285;450
285;451
284;451
283;451
282;451
281;451
280;451
279;451
278;451
277;451
276;451
275;451
274;451
273;451
272;451
271;451
270;451
269;451
268;451
267;451
266;451
265;451
264;451
263;451
262;451
261;451
261;450
260;450
260;449
259;449
259;448
258;447
258;446
257;445
257;444
257;443
256;443
256;442
255;441
255;440
255;439
255;438
255;437
255;436
255;435
255;434
255;433
255;432
255;431
257;430
258;430
259;429
260;429
261;428
262;428
263;427
264;427
265;427
266;426
267;426
268;426
269;426
270;425
271;425
272;425
273;425
274;424
275;424
276;424
277;424
278;424
279;424
280;424
281;424
282;424
283;424
284;424
285;424
286;424
287;424
288;424
289;424
290;424
291;424
292;424
293;424
294;425
295;425
296;426
297;426
298;426
299;427
300;427
301;427
301;428
302;428
303;428
303;429
304;429
304;430
305;430
306;431
307;432
307;433
308;434
309;435
309;436
310;437
310;438
311;438
311;439
312;440
312;441
313;441
314;442
314;443
315;444
315;445
316;446
316;447
317;448
317;449
318;449
318;450
319;451
319;452
320;453
321;454
322;455
322;456
323;456
323;457
324;457
324;458
325;458
326;459
326;460
327;460
327;461
328;462
328;463
329;464
329;465
330;466
330;467
331;468
332;469
333;470
333;471
334;472
334;473
335;474
335;475
336;476
337;477
337;478
338;479
339;480
340;481
340;482
341;483
342;484
343;485
344;486
345;487
346;488
347;489
348;490
349;491
350;492
351;493
352;494
353;495
353;496
354;497
355;497
355;498
356;499
357;500
358;501
359;502
359;503
360;504
361;505
362;506
363;506
363;507
364;508
365;509
366;509
366;510
367;510
368;511
369;512
370;512
370;513
371;513
372;514
373;514
374;515
375;516
376;516
377;517
378;517
379;517
380;518
381;518
382;518
383;518
383;519
384;519
385;519
385;520
386;520
387;520
388;521
389;521
390;521
391;521
392;522
393;522
394;523
395;523
396;523
397;523
398;523
399;523
400;523
401;523
402;523
403;523
403;524
404;524
405;524
406;524
407;524
408;524
409;524
410;524
411;524
412;524
413;524
413;523
413;522
413;521
413;520
413;519
413;518
413;517
413;516
413;515
413;514
413;513
413;512
413;511
413;510
413;509
413;508
413;507
413;506
413;505
413;504
413;503
413;502
413;501
413;500
412;500
412;499
412;498
411;498
411;497
410;497
410;496
409;496
408;495
407;495
406;494
405;494
404;494
404;493
403;493
402;493
401;493
400;493
399;493
398;493
397;493
396;493
395;493
394;493
393;493
392;493
391;493
390;493
389;493
388;493
387;493
386;493
385;493
385;494
385;495
385;496
385;497
385;498
385;499
385;500
482;399
482;398
482;397
482;396
482;395
482;394
482;393
482;392
482;391
482;390
482;389
482;388
482;387
482;386
482;385
483;384
483;383
484;383
484;382
485;381
485;380
486;380
486;379
487;379
488;379
488;378
489;378
489;377
490;377
490;376
491;376
492;376
492;375
493;375
494;375
495;374
496;374
497;373
498;373
499;373
500;373
501;372
502;372
503;372
504;372
505;371
506;371
507;371
508;371
509;371
510;371
511;371
511;370
512;370
513;370
514;370
515;370
516;370
517;370
518;370
519;370
520;370
521;370
522;370
523;370
524;370
525;370
526;370
527;370
528;370
529;370
530;370
531;370
532;370
533;370
534;370
535;370
536;370
537;370
538;370
539;370
540;370
541;370
542;370
543;370
544;370
545;370
546;370
546;371
547;371
548;371
549;372
550;372
551;373
552;373
552;374
553;374
553;375
554;375
554;376
555;376
556;376
556;377
557;378
558;379
559;379
559;380
560;380
560;381
561;382
562;382
563;383
564;384
565;384
565;385
566;386
567;386
568;387
569;387
569;388
570;388
571;389
572;389
573;390
574;390
575;390
575;391
576;391
577;391
577;392
578;392
579;393
580;393
581;393
581;394
582;394
583;394
583;395
584;395
585;395
586;395
587;395
588;396
589;396
590;396
590;397
591;397
592;397
593;397
594;397
595;397
596;397
596;398
597;398
598;398
598;399
599;399
600;399
601;399
602;400
603;400
604;400
605;401
606;401
607;401
608;401
609;401
610;401
611;401
612;401
613;401
614;401
615;401
616;401
617;401
618;401
619;401
620;402
621;402
622;402
623;402
624;402
625;402
627;402
628;402
629;402
630;402
631;402
632;402
633;402
634;402
635;402
636;402
637;402
638;402
639;402
640;402
641;402
642;402
643;402
644;402
645;402
646;402
647;402
648;402
649;402
650;402
651;401
652;401
652;400
653;400
653;399
654;399
655;398
656;398
656;397
657;397
657;396
658;395
658;394
659;393
659;392
660;391
660;390
661;389
661;388
661;387
662;386
662;385
662;384
662;383
662;382
662;381
662;380
662;379
662;378
662;377
662;376
662;375
662;374
662;373
662;372
662;371
662;370
662;369
662;368
662;367
661;366
660;365
659;365
658;364
657;364
656;363
655;363
654;362
653;362
651;361
650;361
649;361
648;360
647;360
646;360
645;359
644;359
643;358
642;358
641;358
640;358
640;357
639;357
638;357
637;357
636;357
635;357
634;357
633;357
632;357
631;357
630;357
629;357
628;357
627;357
626;357
625;357
624;357
623;357
622;357
621;357
620;357
619;357
618;357
617;357
616;357
615;357
614;357
613;357
612;357
612;358
611;358
610;358
609;359
608;360
607;360
606;360
606;361
605;361
604;361
603;362
602;363
601;364
599;364
599;365
598;365
597;366
595;366
594;367
593;368
592;368
591;369
590;370
589;371
588;372
587;372
586;373
585;374
584;375
583;376
582;378
580;379
579;380
578;381
577;382
576;383
575;384
575;385
574;386
573;387
572;388
571;389
571;390
570;390
569;391
568;392
567;393
567;394
566;394
565;395
564;396
564;397
563;397
563;398
562;398
561;399
560;400
559;401
558;402
557;403
556;404
555;405
554;405
554;406
553;406
552;407
551;408
550;409
549;410
548;410
548;411
546;412
546;413
545;413
544;414
543;414
542;415
541;415
541;416
540;416
539;417
538;417
537;418
536;418
535;419
534;419
533;420
531;420
530;420
529;421
528;421
527;421
526;421
526;422
525;422
524;422
522;422
521;423
519;423
518;423
516;423
515;424
514;424
512;424
511;424
510;424
509;424
508;424
507;424
506;424
505;424
504;424
503;424
502;424
501;424
500;424
499;424
498;424
497;424
496;424
495;424
494;424
493;424
492;424
492;423
491;423
490;422
489;421
488;420
487;419
486;418
485;417
484;416
483;415
482;414
481;413
480;412
479;412
479;411
478;410
477;409
476;409
475;408
475;407
474;407
474;406
473;406
473;405
472;404
471;403
471;402
470;401
470;400
470;399
469;399
469;398
469;397
468;397
468;396
468;395
468;394
467;394
467;393
467;392
467;391
467;390
467;389
467;388
467;387
467;386
467;385
467;384
467;383
467;382
467;381
467;380
468;380
469;379
470;379
471;379
472;379
473;378
474;378
475;378
476;378
477;378
478;378
479;378
480;378
481;378
482;378
484;378
485;378
486;378
487;378
488;378
489;378
490;378
491;378
492;378
493;378
494;378
495;378
496;378
497;378
498;378
499;378
500;378
501;378
502;378
503;378
504;378
505;379
505;380
506;380
507;381
507;382
508;383
508;384
508;385
509;386
509;387
509;388
510;389
510;390
511;391
511;392
511;393
511;394
511;395
511;396
511;397
511;398
511;399
511;400
511;401
511;402
511;403
511;404
511;405
510;405
509;405
508;406
507;406
506;407
505;407
504;408
503;408
502;408
501;408
500;408
499;408
498;408
497;408
496;408
495;408
494;408
493;408
492;408
491;408
490;408
489;408
488;408
487;408
486;408
486;407
486;406
486;405
486;404
486;403
486;402
479;326
478;326
477;326
476;326
475;326
474;326
473;326
472;326
471;326
469;326
468;326
466;326
465;326
464;325
462;325
461;325
460;324
458;324
457;324
456;324
454;324
453;324
451;323
450;323
449;323
448;323
447;323
446;323
445;323
444;323
443;322
442;322
440;322
439;322
438;322
437;322
436;322
435;322
434;322
433;322
432;322
430;322
429;322
427;322
425;322
424;322
423;322
421;322
420;322
419;322
417;322
416;322
415;322
413;322
412;322
410;322
409;322
408;322
406;322
405;322
403;322
401;322
400;322
398;322
396;322
394;322
391;322
390;322
388;322
386;322
385;322
383;322
381;322
380;322
378;322
377;322
375;322
374;322
373;322
371;322
370;322
368;322
367;322
366;322
365;322
364;322
363;322
362;321
361;321
360;320
359;319
358;318
357;317
356;316
355;315
354;314
353;313
352;312
351;311
351;310
350;310
350;309
349;308
349;307
348;307
348;306
347;306
346;305
346;304
345;303
345;302
344;302
344;301
344;300
343;300
343;299
342;299
342;298
342;297
341;297
341;296
341;295
341;294
341;293
341;292
341;291
341;290
341;289
341;288
341;287
341;286
341;285
341;284
341;283
341;282
341;281
341;280
341;279
341;278
341;277
341;276
341;275
341;274
341;273
341;272
341;271
341;270
341;269
341;268
341;267
341;266
341;265
342;265
342;264
343;264
343;263
344;263
344;262
345;261
346;259
347;258
348;257
349;255
350;254
350;253
351;251
352;250
352;249
353;248
354;247
355;246
355;245
356;244
357;243
358;242
359;241
360;240
361;239
361;238
362;237
363;236
363;235
364;234
364;232
364;231
364;230
364;229
364;228
364;227
364;226
364;225
364;224
364;223
364;222
364;221
364;220
364;219
364;217
364;216
364;215
364;214
364;213
364;212
363;212
362;212
361;211
360;211
359;210
358;210
357;210
356;210
355;210
354;210
352;210
351;210
350;210
348;210
347;210
346;210
345;209
344;209
343;209
342;209
341;209
340;209
339;209
338;209
337;209
336;209
335;209
334;209
333;209
332;209
331;209
330;209
329;209
328;209
327;209
326;209
325;209
324;209
323;209
322;209
321;209
320;209
319;209
318;209
317;209
316;210
316;211
315;212
315;213
314;214
314;215
313;216
313;217
312;217
312;218
312;219
311;219
311;220
311;221
311;223
311;224
311;225
311;226
311;228
311;229
311;231
311;232
311;234
311;235
311;236
311;237
311;238
311;239
312;240
313;241
313;242
314;242
315;243
316;244
317;244
318;245
318;246
319;246
320;247
321;247
322;248
323;248
324;248
325;249
326;249
327;249
328;249
329;250
330;250
331;250
333;251
334;251
335;251
336;251
337;251
338;251
340;252
341;252
342;252
343;252
344;253
346;253
347;253
348;253
350;253
351;253
352;254
353;254
355;254
356;254
357;255
359;255
361;255
362;255
364;255
365;256
367;256
369;256
370;257
372;257
374;257
375;257
377;258
378;258
380;258
382;259
383;259
385;260
386;260
387;261
389;262
390;263
391;264
393;264
394;265
395;266
396;267
397;268
398;269
399;270
400;271
401;272
402;273
402;274
403;274
404;275
404;276
405;276
405;277
406;278
406;279
407;280
407;281
407;282
407;283
407;284
408;284
409;285
410;286
410;287
411;287
412;288
412;289
413;290
413;291
414;292
414;293
415;294
415;295
416;296
416;297
416;298
416;299
417;300
417;301
417;302
417;304
418;305
418;306
419;308
419;309
419;310
419;311
420;313
420;314
420;315
420;316
420;317
420;318
420;319
420;320
420;321
420;322
420;323
420;324
421;325
421;326
421;327
422;327
422;328
422;329
423;329
423;330
423;331
424;332
424;333
424;334
424;335
425;336
425;337
426;338
426;339
427;339
427;340
428;340
428;341
429;341
429;342
430;342
431;343
432;343
433;344
434;344
435;345
436;345
437;345
437;346
438;346
439;346
440;346
441;346
442;346
443;346
444;346
445;346
446;346
447;346
448;346
449;346
450;346
451;346
452;346
453;346
454;346
455;346
456;346
457;346
458;346
459;346
460;346
461;346
462;346
463;346
464;346
465;346
466;346
467;346
468;346
469;346
470;346
471;346
472;346
473;346
474;346
475;346
476;346
477;346
478;346
479;346
480;346
481;346
482;346
483;346
484;346
485;345
486;345
487;344
488;344
489;343
490;342
491;342
492;341
493;341
493;340
494;340
494;339
495;339
495;338
496;338
496;337
497;337
498;337
498;336
499;336
499;335
500;335
501;334
502;334
503;333
504;333
504;332
505;332
506;331
507;331
507;330
508;330
509;330
509;329
510;329
510;328
510;327
511;327
511;326
511;325
512;325
512;324
513;323
513;322
513;321
514;321
514;320
514;319
514;318
515;317
515;316
515;315
515;314
515;313
516;313
516;312
516;311
517;311
517;310
517;309
517;308
517;307
517;306
517;305
517;304
517;303
517;302
517;301
517;300
517;299
517;298
517;297
517;296
517;295
517;294
517;293
517;292
517;291
517;290
517;289
517;288
517;287
516;286
515;285
514;285
513;284
512;283
511;283
511;282
510;282
510;281
509;281
508;280
507;280
506;279
505;278
504;278
502;277
501;277
500;276
499;276
498;276
497;276
496;275
495;275
494;275
492;274
491;274
489;274
488;274
487;274
485;274
484;274
483;274
482;274
481;274
480;274
479;274
477;274
476;274
475;274
473;274
472;274
471;274
470;274
469;274
468;274
467;274
466;274
465;274
464;274
463;274
462;274
461;274
460;274
459;274
458;274
457;274
455;274
454;274
453;274
452;274
451;274
450;275
449;275
449;276
448;276
447;276
446;277
445;277
444;277
443;277
442;278
441;278
440;279
439;279
438;279
437;279
436;279
437;278
438;277
439;277
439;276
440;276
441;275
442;275
443;274
444;274
445;273
446;273
447;273
447;272
448;272
449;272
450;272
451;271
452;271
453;270
454;270
455;270
456;270
457;270
458;270
459;270
460;270
461;270
462;270
463;269
464;269
465;269
466;269
468;269
469;269
470;269
471;269
472;269
473;269
474;269
475;269
476;269
477;269
478;269
479;269
480;269
481;269
482;269
483;269
484;269
485;269
487;269
488;269
489;269
490;269
491;269
492;269
493;269
494;269
495;269
496;269
498;269
499;269
500;269
502;269
503;269
504;269
505;269
506;269
507;269
508;269
509;269
510;269
511;269
511;270
512;270
513;270
513;271
514;271
515;272
516;273
517;273
517;274
518;275
518;276
519;276
519;277
520;278
521;279
521;280
522;280
523;281
523;282
524;283
525;284
526;285
526;286
527;287
528;287
528;288
529;289
530;290
530;291
530;292
531;292
531;293
532;293
532;294
533;294
534;294
535;294
536;294
537;294
537;293
537;292
538;292
538;291
538;290
538;289
538;288
538;287
538;286
538;285
538;284
538;283
538;282
538;281
538;280
538;279
538;278
538;277
538;276
538;275
538;274
538;273
538;272
537;271
536;270
535;269
534;269
534;268
533;268
533;267
532;266
531;265
530;265
529;264
528;264
528;263
527;262
526;262
526;261
525;261
525;260
524;260
524;259
523;258
523;257
523;256
523;255
523;254
523;253
523;252
523;251
523;250
523;249
523;248
523;247
523;246
523;244
523;243
523;242
523;241
524;240
525;239
525;238
526;237
527;236
528;236
529;235
530;234
532;233
533;232
534;232
535;231
536;231
537;230
539;230
540;229
542;229
543;229
545;229
546;229
547;229
549;229
550;229
551;229
552;229
554;229
555;229
556;229
557;229
558;229
559;229
560;229
561;229
562;229
563;229
564;229
565;229
566;229
567;229
568;229
569;229
570;229
571;229
572;229
573;229
574;230
575;231
576;231
577;232
577;233
578;234
579;235
579;236
580;238
581;239
581;240
582;242
582;243
583;244
583;246
584;247
584;249
584;250
584;251
585;252
585;253
585;254
585;255
585;256
585;257
585;258
585;259
585;260
585;261
585;262
585;264
585;265
585;266
585;267
585;268
585;270
585;271
585;272
585;273
585;274
585;275
585;274
585;273
585;272
585;271
585;270
585;269
585;268
585;267
585;266
585;265
584;264
584;263
584;262
583;261
583;260
582;259
582;258
581;257
581;256
580;255
579;254
579;253
578;252
577;251
577;250
576;249
575;249
574;248
573;247
572;247
571;246
570;245
569;244
568;244
567;243
566;243
565;243
564;243
563;242
562;242
561;242
560;241
559;241
558;240
557;240
556;240
555;240
554;240
553;240
552;240
551;240
549;240
548;240
547;240
546;240
545;240
543;240
542;240
541;240
540;240
539;240
537;240
536;240
535;240
533;240
532;240
531;240
530;240
529;240
528;240
527;240
526;240
525;240
524;240
523;240
522;240
521;240
520;240
519;240
518;240
517;240
516;240
515;240
514;240
513;240
512;240
511;240
510;240
509;240
508;240
507;240
506;240
506;239
505;239
505;238
504;237
504;236
503;236
503;235
502;234
502;233
501;232
500;231
500;229
499;228
499;227
498;226
498;225
497;224
497;223
496;222
496;220
495;219
495;218
494;217
494;216
493;215
492;215
492;214
491;213
490;212
489;212
488;211
487;210
486;210
485;209
484;209
483;209
481;208
480;208
479;208
477;208
476;208
475;208
473;208
472;208
471;208
469;208
468;208
466;208
465;208
463;208
462;208
460;208
459;208
458;208
457;208
456;208
455;208
454;208
453;208
452;209
451;210
451;212
450;213
450;214
449;215
449;216
448;217
448;219
447;220
447;221
446;222
446;223
445;224
445;225
444;226
443;227
443;228
443;229
442;231
442;232
442;233
442;234
441;235
441;236
441;237
441;238
441;239
441;240
441;241
440;241
439;241
438;241
438;240
438;239
438;238
438;237
438;236
438;235
438;234
438;232
438;231
438;230
438;228
438;227
438;226
438;225
438;224
438;223
438;222
438;221
438;220
438;219
438;218
438;217
439;216
440;216
440;215
442;214
443;214
444;213
445;212
446;211
447;211
449;210
450;209
451;209
453;208
454;208
455;208
456;207
457;207
458;206
459;206
461;206
462;206
463;205
465;205
466;205
467;205
469;204
470;204
471;204
472;204
474;203
475;203
477;203
479;203
480;203
481;203
482;203
484;203
485;203
486;203
487;203
488;203
489;203
491;203
492;203
493;203
494;203
495;203
496;203
497;203
498;203
499;203
500;203
501;203
502;203
503;203
504;204
505;205
506;206
506;207
507;207
507;208
508;208
509;209
509;210
510;210
510;211
511;211
512;211
513;211
514;211
515;211
517;211
518;211
519;212
520;212
521;213
522;213
523;214
523;215
524;216
524;217
525;217
525;218
526;219
526;220
526;221
526;222
526;223
526;224
526;225
527;225
528;225
529;225
530;225
531;225
532;225
533;225
534;225
535;225
536;225
537;225
538;225
539;225
540;225
540;224
541;223
542;222
543;221
543;220
544;219
545;218
545;217
546;216
547;216
547;215
548;214
549;213
549;212
551;211
552;210
552;209
554;208
555;207
556;206
557;205
558;205
558;204
559;204
560;203
561;202
562;201
563;200
564;199
564;198
565;197
566;197
567;196
568;196
569;195
569;194
570;194
571;193
572;192
573;191
574;190
575;190
577;189
578;188
579;187
580;186
582;186
583;185
585;184
586;183
588;183
589;182
590;182
592;182
593;182
594;182
595;182
596;182
597;182
599;182
600;182
601;182
603;182
604;182
605;182
606;182
608;182
609;182
610;182
612;182
614;183
615;184
617;185
619;186
620;187
622;188
623;189
624;189
626;190
627;191
628;191
629;192
630;193
631;193
631;194
632;194
633;195
634;196
634;197
635;198
635;199
636;200
637;201
637;202
638;203
639;205
639;206
640;207
641;209
641;210
642;212
642;213
643;215
644;216
645;217
645;219
646;220
646;221
647;223
647;224
648;225
648;226
648;227
649;228
649;229
649;230
649;231
649;232
649;233
649;234
649;233
649;232
649;231
649;230
649;229
649;228
648;226
647;225
646;223
645;222
645;221
644;220
643;219
642;218
642;217
641;216
641;215
640;214
639;214
638;213
637;212
636;211
635;210
634;210
633;209
632;209
631;208
630;208
629;207
628;207
627;206
626;205
625;205
624;204
623;204
622;203
621;202
620;202
618;202
617;202
616;202
615;202
614;201
613;201
612;201
611;201
609;201
608;201
607;201
606;201
605;201
604;201
603;201
602;201
601;201
600;201
599;201
598;201
597;201
596;201
595;201
594;201
593;201
592;201
590;201
589;201
588;201
587;201
586;201
585;201
584;201
583;201
582;201
580;201
579;201
577;201
576;201
575;201
574;201
573;201
572;202
571;202
570;202
569;202
568;202
567;202
566;202
565;202
222;129
222;128
222;127
222;126
222;125
222;124
223;123
224;122
225;122
226;121
227;120
228;120
228;119
229;119
230;118
231;118
232;118
232;117
233;117
234;116
235;116
236;115
237;115
238;114
239;114
240;114
241;113
241;112
242;112
243;112
244;111
245;111
246;110
247;110
248;109
249;108
250;108
251;107
252;107
253;106
254;106
255;105
256;105
257;104
258;104
259;103
260;102
261;102
262;101
263;101
263;100
264;100
265;99
266;99
267;98
268;98
270;98
270;97
271;97
272;97
273;97
273;96
274;96
275;96
276;96
277;95
278;95
279;95
281;95
282;95
283;95
284;95
285;95
286;95
287;95
288;95
289;95
290;95
291;95
292;95
293;95
294;95
295;95
296;95
297;95
298;95
299;95
300;95
301;95
302;95
303;96
304;97
305;98
305;99
306;99
885;424
884;424
883;425
882;425
882;426
881;426
881;427
880;428
879;429
878;430
877;430
876;431
876;432
875;433
874;434
873;436
872;437
872;438
871;439
871;441
870;442
870;444
869;445
868;447
868;449
868;450
867;452
867;453
867;455
867;456
866;457
866;458
866;459
866;460
866;461
866;462
866;463
866;464
866;466
866;467
866;468
866;469
866;470
866;472
866;473
866;474
866;476
866;477
866;479
866;480
866;481
866;482
866;483
866;485
867;485
867;486
868;487
868;488
869;488
870;489
870;490
871;490
872;491
873;492
874;493
875;493
875;494
876;494
877;495
878;496
879;497
880;498
881;498
883;499
884;500
885;500
886;501
887;501
888;502
889;502
890;503
891;503
892;504
893;504
894;505
825;212
825;211
825;210
825;208
825;207
825;206
825;205
825;204
825;203
825;202
825;201
825;200
825;198
825;197
826;196
827;195
827;193
828;192
828;191
829;190
829;188
830;187
831;185
832;184
832;183
833;182
834;181
835;180
835;179
836;178
837;178
839;177
840;176
842;174
843;173
845;173
846;172
848;171
849;170
850;170
851;169
853;169
854;168
855;167
857;167
858;166
860;166
862;165
863;165
865;165
866;164
868;164
870;164
872;164
873;164
875;164
877;164
878;164
880;164
882;164
884;164
885;164
887;164
889;164
890;164
892;164
893;164
894;164
895;164
896;165
897;165
898;166
899;166
900;167
901;167
902;168
903;169
565;533
564;533
562;533
561;533
559;533
558;533
557;533
555;533
553;533
551;533
549;533
548;533
546;534
545;536
543;537
541;538
540;539
538;541
537;542
535;543
534;544
533;545
532;547
531;548
530;550
528;552
527;553
527;556
526;557
526;560
525;561
525;563
524;565
524;567
524;568
524;570
524;571
524;572
524;573
524;574
524;575
524;576
524;577
524;578
525;579
526;579
527;580
528;581
530;582
531;583
533;583
535;584
536;585
538;585
539;586
541;586
543;587
544;587
546;588
547;589
549;589
550;590
552;590
553;591
555;591
556;591
557;592
558;592
559;593
560;593
562;593
563;593
564;594
565;594
566;594
567;594
567;595
568;595
569;595
570;595
571;595
572;595
573;595
574;595
575;595
576;596
577;596
578;596
579;596
580;596
581;596
582;596
583;596
584;596
585;596
586;596
587;596
589;596
590;596
591;596
593;596
594;596
595;596
596;596
597;595
599;594
600;594
601;593
602;592
603;591
604;590
605;590
605;589
606;588
607;587
608;586
609;586
609;585
610;584
610;583
611;583
611;582
612;581
612;580
613;579
613;578
614;577
614;575
614;574
615;572
615;571
615;569
615;568
615;566
615;564
615;563
615;561
615;559
615;557
615;556
615;555
615;554
615;553
615;552
615;551
615;549
615;548
615;547
615;546
614;544
614;543
613;542
612;541
610;540
608;538
607;537
605;536
603;534
602;533
600;532
599;531
597;530
595;530
594;529
592;528
590;527
587;526
586;525
584;525
582;524
580;523
577;523
576;522
573;522
572;521
569;521
567;520
565;520
563;520
562;520
560;519
558;519
556;519
554;519
552;519
550;519
549;519
547;519
545;519
543;519
542;519
540;519
539;519
538;519
537;519
536;519
535;519
534;519
533;519
532;519
531;519
530;519
529;519
527;520
526;521
525;522
524;522
523;523
522;525
521;526
520;527
519;529
518;530
516;531
515;533
514;534
513;536
512;537
511;538
510;539
509;540
509;541
508;542
507;543
506;544
505;545
505;546
504;546
503;547
503;548
502;549
501;551
500;552
499;553
498;554
498;555
497;555
497;556
497;557
496;558
496;559
495;559
495;560
495;561
494;561
494;562
493;562
493;563
493;564
492;565
492;566
492;567
491;568
491;570
490;571
490;572
490;573
490;574
489;575
489;576
489;577
488;579
488;580
488;581
487;582
486;582
486;583
486;584
485;585
485;586
485;587
484;588
484;589
483;591
483;592
482;593
482;594
482;595
481;595
481;596
481;597
481;598
481;600
482;601
483;602
485;603
487;604
488;604
490;605
491;605
493;605
494;605
495;605
496;605
497;605
498;605
500;604
501;601
501;598
502;596
502;594
502;592
502;591
502;590
502;589
502;588
502;587
502;586
502;585
502;584
502;583
500;582
499;581
498;581
496;580
495;580
494;579
492;579
490;579
489;579
487;578
485;578
484;578
482;578
480;578
478;578
476;578
474;578
473;577
471;577
469;577
468;577
466;577
464;577
463;577
462;577
460;577
459;577
457;577
455;577
454;577
453;577
451;577
450;577
449;577
448;577
447;577
446;578
444;578
443;579
442;579
441;580
440;581
439;582
438;583
437;583
436;584
435;585
435;586
434;586
434;587
433;588
432;588
432;589
432;585
432;586
432;587
432;588
432;589
430;589
429;589
427;590
424;591
422;592
420;593
419;594
417;596
416;597
415;599
414;600
413;602
412;604
411;606
411;608
411;610
411;612
411;613
411;614
411;615
411;616
411;617
411;618
411;619
411;620
411;621
411;622
412;622
413;622
414;622
416;623
417;623
419;623
420;623
422;623
423;623
425;623
427;623
429;623
431;623
432;623
433;623
434;623
435;623
436;623
436;622
437;620
437;618
438;616
438;614
438;612
438;610
438;608
438;607
438;606
438;604
438;603
438;602
438;601
438;600
437;599
436;598
436;597
435;596
434;595
433;594
432;593
431;592
430;591
429;590
428;589
427;588
426;587
425;586
424;586
422;585
421;584
419;583
417;582
416;582
414;581
413;581
411;580
410;580
408;579
407;579
406;579
404;579
403;578
401;578
399;578
398;578
396;578
394;578
393;578
391;578
390;578
388;578
387;578
386;578
384;578
382;578
380;578
379;578
377;578
376;578
375;578
373;578
372;578
371;578
369;578
368;578
367;578
365;578
364;578
363;578
362;578
361;578
360;578
359;578
357;579
356;579
354;579
353;579
352;580
351;580
350;581
349;581
347;582
346;583
344;584
343;585
341;586
339;588
338;589
337;590
335;592
334;594
333;595
332;597
331;599
330;601
329;603
329;604
329;606
328;608
328;610
328;611
328;613
328;614
328;615
328;616
328;617
328;618
328;619
328;620
328;621
328;622
328;623
328;624
328;625
329;625
329;626
330;626
331;626
332;627
333;627
334;627
335;627
336;628
337;628
338;628
339;628
340;628
341;628
342;628
343;628
344;628
345;628
346;628
347;628
348;628
349;628
350;628
351;628
352;628
353;628
354;628
355;628
356;628
357;628
359;627
360;626
361;625
363;623
364;621
366;619
367;617
369;614
370;613
371;611
371;610
372;609
372;608
373;607
374;605
374;604
375;603
375;602
376;600
376;598
377;596
377;594
378;592
378;590
378;588
378;586
378;584
378;582
378;581
378;579
378;578
378;577
378;575
378;574
378;573
378;572
378;571
378;570
378;569
378;568
377;567
376;566
375;566
374;564
373;563
372;562
371;561
369;560
368;560
367;559
365;558
364;558
363;557
362;556
361;556
360;556
359;555
358;555
357;555
356;555
354;554
353;554
352;554
350;554
349;554
348;554
347;554
346;554
345;554
344;554
342;554
341;554
340;554
339;554
338;554
337;554
336;554
335;554
334;554
333;554
331;554
330;554
329;554
328;554
326;554
325;554
324;555
322;555
321;556
319;556
318;557
317;558
315;558
314;559
312;559
311;560
309;560
308;561
307;561
306;562
305;562
304;562
302;563
301;563
300;564
298;564
297;565
296;566
294;566
293;567
292;568
291;568
290;569
289;570
288;571
287;572
286;573
285;574
284;575
283;576
282;577
282;578
281;579
280;580
279;582
278;583
278;584
277;585
277;586
276;587
276;588
275;589
275;590
275;591
275;592
275;593
275;594
275;595
275;596
275;597
275;598
275;599
275;600
275;601
276;602
277;602
278;602
279;603
281;603
282;603
283;603
284;603
285;603
286;603
287;603
288;603
289;603
290;603
291;603
292;602
293;601
294;600
295;600
296;599
297;598
298;597
299;596
300;596
300;595
301;594
301;593
302;592
303;591
303;589
304;588
304;586
304;585
304;583
304;582
304;581
304;580
304;579
304;578
304;577
304;576
304;575
304;574
304;573
304;572
303;572
303;571
302;571
302;570
301;570
301;569
300;568
299;567
299;566
298;565
297;564
296;563
296;562
295;560
294;559
293;557
292;555
292;553
291;551
291;549
291;547
291;545
291;543
291;542
291;540
291;538
291;536
291;534
291;532
291;530
291;528
291;526
292;524
293;522
293;521
294;519
294;518
295;518
295;517
296;516
297;515
298;515
300;514
301;513
303;513
305;512
307;512
309;512
310;512
312;512
313;512
315;512
316;512
317;512
318;512
319;512
320;512
322;512
323;512
324;512
325;512
326;512
327;513
328;514
329;516
329;517
330;518
330;519
331;520
331;521
332;522
332;523
332;524
332;525
332;526
332;527
332;528
332;529
332;530
332;531
332;532
332;533
332;534
332;535
332;536
332;537
332;538
332;539
332;540
331;541
330;542
329;543
328;544
327;544
326;545
325;546
324;547
323;548
322;548
320;549
319;550
318;551
316;552
315;553
314;554
313;555
312;555
311;556
310;556
309;557
308;558
307;558
305;559
304;559
303;560
302;560
301;561
299;562
298;562
297;563
296;563
294;564
293;564
292;564
291;565
290;565
289;566
288;566
287;566
286;566
285;567
284;567
283;567
281;567
280;568
279;568
277;568
276;568
275;568
274;568
273;568
272;568
271;568
270;568
269;568
268;568
267;568
266;568
265;568
264;568
263;568
262;568
261;568
261;567
260;567
260;566
259;564
258;563
258;562
257;561
256;560
256;559
255;558
255;557
255;555
254;554
254;553
254;552
254;551
254;550
622;332
580;311
580;312
692;300
667;341
667;342
667;343
667;344
666;345
666;344
666;343
666;342
666;341
666;340
666;339
665;338
664;337
662;335
661;334
660;333
659;332
658;331
657;330
655;329
654;328
653;326
652;325
650;324
649;323
647;322
646;321
645;320
643;319
642;319
641;318
639;317
638;316
636;315
634;315
632;314
630;313
628;312
627;312
625;311
624;310
623;309
621;309
620;308
619;307
617;306
616;306
615;305
613;304
612;304
611;303
610;303
609;302
608;302
607;302
606;301
605;301
604;300
603;300
602;300
601;299
600;299
599;299
598;299
597;299
596;299
595;299
594;299
593;299
592;299
591;299
590;298
589;298
588;298
587;298
586;297
585;297
584;297
583;296
582;296
581;296
579;295
578;295
577;295
576;294
575;294
574;294
573;294
572;294
571;294
570;295
571;295
572;295
573;295
574;295
575;296
576;296
577;296
578;296
579;296
580;296
581;296
582;296
583;296
584;296
585;296
586;296
587;296
588;296
589;296
590;296
591;296
592;296
593;296
594;296
595;296
596;296
597;296
598;295
598;294
599;294
599;293
600;293
600;292
601;291
601;290
602;290
602;289
603;288
603;287
604;286
605;284
605;283
606;282
606;281
607;281
607;280
608;279
608;278
609;277
609;276
610;275
610;274
610;273
611;273
611;272
612;272
612;271
613;270
614;269
615;269
616;268
617;268
619;268
620;267
621;267
623;267
624;266
625;266
626;266
627;266
628;266
629;266
630;266
631;266
632;266
634;266
635;266
636;266
637;266
638;266
639;266
640;266
641;266
642;266
643;266
644;266
645;266
646;267
647;268
648;269
649;269
650;270
650;271
651;272
652;272
653;273
654;274
655;275
656;275
657;276
659;276
659;277
661;277
661;278
662;278
663;278
663;279
664;279
665;279
666;279
666;280
667;280
668;280
669;280
670;280
671;280
672;280
673;280
674;280
675;280
676;280
677;280
678;280
679;280
680;280
681;280
682;280
683;280
684;280
684;279
685;279
685;278
686;277
687;277
688;276
689;275
690;275
691;274
692;273
692;272
693;272
694;271
695;270
696;270
696;269
698;268
699;267
700;266
701;265
702;264
703;264
704;263
706;262
707;261
708;260
709;260
710;259
711;258
713;258
714;257
715;257
716;257
717;256
718;256
719;256
720;256
721;256
722;256
724;256
725;256
726;256
727;256
728;256
729;256
730;256
731;256
732;256
733;256
734;257
735;258
736;259
736;260
737;260
737;261
738;262
739;262
739;263
740;264
741;265
741;266
742;266
742;267
743;268
744;269
744;270
745;271
746;272
747;273
747;274
748;275
749;275
750;276
751;277
752;277
753;278
754;279
755;279
756;279
757;280
759;280
760;280
761;280
763;280
764;280
765;280
766;280
767;280
768;280
769;280
770;280
771;280
772;280
773;280
774;280
775;280
776;280
777;280
778;279
779;279
779;278
780;278
781;277
782;276
783;275
784;275
785;274
786;273
787;272
788;271
790;270
791;270
793;269
794;268
796;268
797;267
799;266
800;266
803;261
804;261
805;261
807;261
809;261
810;261
812;261
813;261
815;261
816;261
817;261
818;261
819;261
820;261
821;261
822;261
823;261
824;261
825;261
826;261
827;261
828;261
829;261
829;262
830;262
830;263
831;264
831;265
832;265
833;266
833;267
834;268
834;269
835;270
835;271
836;272
836;273
837;274
838;275
838;276
839;277
840;278
840;279
841;280
842;281
843;281
844;282
845;282
846;283
847;283
848;283
849;283
850;283
852;283
853;283
854;283
856;283
857;283
859;283
860;283
861;283
863;283
864;283
865;283
866;283
867;283
868;283
869;283
870;283
871;283
871;282
872;282
872;281
873;280
874;279
875;277
875;275
876;274
876;272
877;271
877;269
878;268
878;267
879;266
879;265
880;264
880;263
881;262
882;261
882;260
883;260
884;259
885;258
886;257
887;256
888;256
889;255
890;255
891;254
893;254
894;253
895;253
897;253
898;252
899;252
901;252
902;252
903;252
904;252
905;252
906;252
907;252
908;252
909;252
910;252
911;252
912;252
913;252
914;252
915;252
916;252
917;252
917;253
918;253
918;254
919;255
920;256
920;257
921;258
921;259
922;260
922;261
923;263
923;264
924;265
924;266
925;268
926;269
926;270
927;271
927;272
928;273
929;274
929;275
930;276
931;277
932;278
933;279
934;279
935;280
936;280
937;281
938;281
939;281
940;282
942;282
943;282
944;282
946;282
947;282
948;282
949;282
950;282
951;282
952;282
953;282
954;282
955;282
956;282
957;282
958;282
959;282
960;282
961;281
961;279
962;278
962;276
963;275
963;274
964;273
965;272
965;270
965;269
966;268
966;267
967;266
967;265
968;265
968;264
969;263
969;262
970;262
970;261
971;261
972;260
973;259
974;259
975;258
976;257
978;257
979;256
980;256
981;255
982;255
983;255
985;255
986;254
987;254
988;254
989;254
990;254
991;254
992;254
993;254
994;254
995;254
996;254
998;254
999;254
1000;254
1001;254
1002;254
1003;254
1004;254
1005;254
1006;254
1007;254
1008;254
1009;255
1010;256
1010;257
1011;257
1011;258
1012;259
1013;259
1013;260
1014;261
1015;262
1015;263
1016;264
1017;265
1017;266
1018;267
1018;268
1019;269
1019;270
1019;271
1020;272
1020;273
1021;273
1021;274
1021;275
1022;275
1022;276
1023;276
1023;277
1024;277
1025;278
1025;279
1026;279
1026;280
1027;280
1028;281
1029;281
1030;281
1030;282
1031;282
1031;283
1032;283
1033;283
1045;324
1044;324
1043;324
1042;324
1041;324
1040;324
1038;324
1037;324
1036;324
1034;324
1033;324
1032;324
1031;324
1030;324
1029;324
1028;324
1027;324
1026;324
1025;324
1024;324
1023;324
1022;324
1021;324
1020;324
1018;323
1017;322
1016;322
1015;321
1014;320
1013;320
1013;319
1012;318
1011;317
1010;316
1009;316
1009;315
1008;314
1007;313
1006;312
1006;311
1005;310
1004;309
1003;308
1003;307
1002;306
1001;305
1000;304
999;303
998;303
996;303
995;302
994;302
992;302
990;302
989;301
987;301
986;301
985;301
984;301
982;301
981;301
980;301
979;301
978;301
977;301
976;301
975;301
974;301
973;301
972;302
971;303
970;304
970;305
969;306
968;307
968;309
967;310
966;312
966;313
965;314
965;315
964;316
964;317
963;317
962;318
961;319
960;320
959;321
958;321
957;322
956;322
956;323
955;323
955;324
954;324
953;325
952;325
951;325
950;326
949;326
947;327
946;327
945;327
943;327
942;328
940;328
938;328
937;328
935;328
934;328
932;328
931;328
930;328
929;328
928;328
927;328
926;328
925;328
924;328
923;328
922;327
921;326
920;325
919;324
919;323
918;322
918;321
917;321
916;320
915;319
914;318
913;317
912;317
912;316
911;315
910;314
909;313
908;313
908;312
907;312
906;312
905;312
903;306
902;306
901;306
900;306
899;306
897;306
895;306
893;306
892;306
890;306
889;306
888;306
887;306
886;306
885;306
884;306
883;306
882;306
881;306
880;306
879;306
878;306
877;306
876;307
875;307
874;308
873;309
872;310
871;312
870;313
869;314
868;315
868;316
867;316
867;317
866;317
865;317
865;318
864;318
864;319
863;320
863;321
862;322
861;322
860;324
859;325
859;326
858;327
857;328
856;329
855;330
854;331
853;332
852;333
850;333
849;334
848;335
846;335
845;336
844;336
842;337
841;337
840;337
839;337
837;337
836;337
835;337
833;337
832;337
831;337
830;337
829;337
828;337
827;337
826;337
825;337
824;337
823;336
822;335
821;334
820;333
820;332
819;331
819;330
818;329
818;328
817;327
817;326
816;325
816;323
815;321
815;320
814;319
814;318
814;317
813;316
813;314
812;313
812;312
812;311
811;311
811;310
810;309
809;308
808;307
807;307
806;306
805;306
804;306
803;306
801;306
800;306
799;306
797;306
796;306
795;306
794;306
792;306
791;306
790;306
789;306
788;306
786;306
785;306
784;306
783;307
781;307
780;308
778;309
777;310
776;310
775;311
774;312
773;312
772;313
771;314
770;315
769;316
767;316
766;318
765;320
765;321
764;321
763;321
761;321
759;321
757;321
755;322
752;322
749;322
747;322
744;323
742;323
740;323
738;324
736;324
735;324
733;324
731;324
730;324
729;324
728;324
727;324
726;324
725;324
724;324
723;324
722;324
721;324
720;324
719;324
719;323
719;322
718;321
718;320
718;319
718;318
717;317
717;316
717;315
716;314
716;313
716;312
716;310
715;309
715;308
715;307
714;306
714;305
713;304
713;303
712;302
712;301
711;301
711;300
711;299
710;299
710;298
709;297
708;296
707;295
706;294
705;294
704;293
703;293
702;292
701;292
700;292
699;292
697;292
696;292
695;292
693;292
692;292
690;292
688;292
687;292
686;292
684;292
683;292
682;292
680;292
679;292
677;292
676;292
675;292
673;292
672;292
671;292
670;292
669;292
668;292
666;292
665;292
663;292
662;293
661;294
659;295
658;296
657;298
656;300
654;301
653;303
652;305
651;307
650;309
649;310
649;312
648;313
647;314
647;315
646;316
645;317
645;318
644;318
644;319
643;320
643;321
642;323
641;324
641;326
640;327
639;328
638;329
637;330
636;330
635;331
634;331
633;332
632;332
631;332
630;333
628;333
627;333
626;333
624;333
623;333
621;333
620;333
619;333
618;333
617;333
616;333
615;333
613;333
612;333
611;333
610;333
609;333
608;333
607;333
606;333
605;333
604;333
585;369
587;369
588;368
590;368
591;368
593;368
594;367
595;367
597;367
598;367
599;366
600;366
601;366
602;366
603;365
604;365
605;365
605;364
606;364
607;364
608;364
608;363
609;363
610;363
611;362
612;362
613;361
614;361
615;361
616;360
617;360
618;360
620;359
621;359
622;359
623;358
625;357
627;356
628;356
629;355
631;354
632;353
633;352
634;352
635;351
636;350
637;349
638;348
639;348
640;347
641;346
642;345
643;345
643;344
644;344
644;343
645;342
646;341
647;341
647;340
648;340
649;339
650;338
651;338
652;338
653;337
655;337
656;337
657;337
658;337
660;337
661;337
663;337
664;337
666;337
667;337
669;337
670;337
671;337
673;337
674;337
675;337
676;337
677;337
679;337
680;337
681;337
683;338
684;340
685;341
687;342
688;344
690;345
691;346
692;348
693;349
694;350
695;351
695;352
696;353
697;354
697;355
698;356
698;357
699;357
699;359
700;360
701;361
702;362
702;364
703;365
705;366
706;368
708;369
710;370
711;372
713;373
715;375
717;376
719;376
720;377
722;378
723;379
725;379
726;380
727;380
728;381
729;381
730;381
731;381
732;381
733;381
734;381
735;381
736;381
737;381
739;381
740;381
741;381
743;381
744;380
745;379
747;378
748;377
749;376
750;376
751;375
752;374
753;374
754;373
755;372
756;371
756;370
757;370
758;369
759;368
760;367
761;366
762;365
763;364
764;363
765;362
766;361
768;361
769;360
770;360
772;359
774;359
775;358
777;357
778;357
779;357
781;357
782;357
782;356
786;355
788;355
790;354
792;354
795;353
797;353
800;353
802;352
804;352
805;352
806;352
807;352
808;352
809;352
810;352
811;352
812;352
813;352
814;352
815;352
816;352
817;352
818;353
819;354
819;355
820;355
820;356
821;356
822;357
823;358
823;359
824;359
824;360
825;360
826;361
827;361
828;363
828;364
830;365
831;366
832;367
833;368
834;370
835;371
836;372
837;374
838;375
839;376
840;376
841;377
842;378
843;379
845;380
846;381
848;382
849;382
850;383
851;383
852;383
853;383
855;384
857;384
858;385
860;385
862;385
863;386
865;386
866;386
868;386
869;386
870;386
872;386
873;386
875;386
876;386
877;386
878;386
879;386
880;386
881;386
882;385
883;383
884;382
885;380
886;378
886;377
887;376
887;375
888;374
888;373
889;372
889;371
890;371
890;370
891;369
892;368
893;368
894;367
895;366
896;366
897;365
898;365
898;364
899;364
900;363
901;363
902;362
903;361
905;361
906;361
908;361
909;361
911;361
913;361
915;361
917;361
918;361
920;361
922;361
923;361
925;361
927;361
929;361
931;361
932;361
934;361
936;361
937;361
938;361
939;361
940;361
941;361
942;361
943;362
944;363
945;364
946;365
947;367
947;368
948;369
949;370
950;371
951;372
952;373
953;374
954;374
955;375
957;375
958;376
959;377
960;377
961;378
962;378
963;378
964;379
965;379
966;379
967;379
968;379
969;379
970;379
971;379
972;379
973;379
974;379
975;378
976;377
977;376
978;375
979;374
980;373
981;372
982;371
983;370
984;370
985;369
986;368
987;367
988;367
989;366
991;365
992;364
993;363
995;363
996;362
997;361
999;360
1001;359
1002;358
1004;357
1006;356
1007;355
1010;354
1012;347
1014;346
1015;346
1017;346
1019;346
1021;345
1023;345
1025;345
1027;345
1028;345
1029;345
1030;345
1032;345
1033;345
1034;345
1035;345
1036;345
1037;345
1038;345
1039;345
1040;346
1041;347
1042;348
1042;349
1043;350
1044;352
1045;353
1045;354
1046;355
1046;356
1047;356
1048;357
1048;358
1049;359
1049;360
1050;361
1051;362
1051;363
1052;364
1053;365
1053;366
1054;366
1055;367
1056;367
1057;367
1058;368
1059;368
1060;368
1061;368
1061;369
1062;369
1063;369
1064;369
1083;403
1083;402
1083;401
1083;400
1081;399
1080;398
1077;397
1074;395
1072;394
1069;393
1066;392
1064;391
1062;390
1060;390
1059;389
1057;389
1055;389
1053;388
1052;388
1050;388
1048;388
1047;388
1045;388
1044;388
1043;388
1041;388
1039;388
1037;388
1036;388
1034;388
1032;388
1030;388
1028;388
1026;388
1024;388
1022;388
1020;390
1018;391
1016;393
1014;394
1012;395
1011;397
1009;398
1008;399
1007;400
1006;401
1005;402
1004;403
1003;403
1002;404
1002;405
1001;406
1000;407
999;409
998;410
997;412
996;414
995;415
994;417
993;418
993;420
992;421
992;422
991;423
991;424
990;425
990;426
989;426
988;427
988;428
987;429
986;430
985;431
984;432
983;433
981;434
980;435
979;435
978;435
977;436
975;436
974;436
973;437
972;437
970;437
969;437
968;437
967;437
966;437
964;437
963;437
961;437
960;437
959;437
957;437
956;437
954;437
953;437
951;437
950;437
948;437
946;437
944;437
943;437
942;437
941;437
939;437
938;437
937;437
935;436
934;436
933;436
932;435
931;435
929;435
928;435
927;435
926;435
925;435
924;435
923;435
922;435
918;432
917;431
916;431
914;431
913;431
911;431
909;431
907;431
905;431
903;431
901;431
900;431
898;431
897;431
895;431
893;431
891;431
890;431
888;431
886;431
884;431
883;431
881;431
879;431
878;431
877;431
875;431
874;431
873;431
873;432
872;432
871;433
871;434
870;435
869;436
869;437
868;438
868;439
868;441
868;442
867;443
867;444
867;445
867;446
866;447
866;449
866;450
865;451
865;453
865;454
865;455
864;456
864;458
864;459
864;461
863;462
863;463
863;465
863;467
862;468
862;470
862;471
861;473
861;474
861;475
861;476
861;477
861;478
861;479
860;480
860;481
860;482
859;483
858;484
858;485
857;486
857;487
856;488
855;489
854;490
853;491
852;491
850;492
848;492
846;493
844;493
842;493
841;493
839;493
837;493
835;493
834;493
832;493
831;493
829;493
828;493
827;493
826;493
824;493
823;492
822;492
821;491
820;491
819;490
818;489
818;488
817;488
816;487
815;486
814;485
813;485
813;484
812;483
811;482
810;481
809;481
808;480
808;479
807;478
805;477
804;477
803;476
801;475
800;475
799;474
797;474
796;473
794;473
793;473
791;473
789;473
788;473
786;473
785;473
783;473
782;473
780;473
779;473
777;473
775;473
774;473
772;473
771;473
770;473
768;473
767;473
765;473
763;473
762;473
760;474
758;474
757;475
756;476
755;477
753;478
752;480
751;481
750;482
749;483
749;484
748;485
747;486
747;488
746;489
745;491
745;492
744;494
744;495
743;497
743;498
742;499
742;500
742;501
741;502
741;503
741;504
741;505
741;506
741;508
741;510
741;512
741;514
741;516
741;518
740;520
740;521
740;523
740;524
739;525
738;526
738;527
737;528
736;529
735;530
733;531
732;531
730;532
728;533
726;534
725;534
723;534
721;535
719;535
717;535
715;535
714;535
713;535
711;535
710;535
709;535
708;535
707;535
706;535
705;534
704;533
703;532
703;531
702;530
701;529
700;528
699;527
698;526
697;525
696;524
695;523
694;522
693;521
692;520
691;519
689;519
689;518
688;518
687;517
685;516
684;515
683;515
682;515
681;515
679;515
678;515
677;515
676;515
673;514
672;514
671;514
670;514
669;514
667;514
665;514
662;514
659;514
657;514
655;514
652;514
650;514
648;514
647;514
645;514
644;514
643;514
642;514
640;514
639;514
638;515
637;516
636;517
634;519
633;521
632;523
631;524
630;526
630;527
629;529
629;530
628;531
628;532
627;534
627;535
626;536
625;537
625;539
624;541
624;542
624;543
624;545
624;547
624;548
624;550
624;552
624;554
624;555
624;557
624;559
623;560
623;561
623;562
623;563
622;564
622;565
621;566
621;567
620;567
620;568
619;568
618;569
617;570
616;570
614;571
613;571
612;571
611;572
610;572
609;572
608;572
607;572
605;572
604;572
603;572
601;572
600;572
599;572
598;572
596;572
595;572
594;572
593;572
591;572
590;572
589;572
588;572
587;572
586;572
585;572
584;571
583;571
582;570
581;570
580;570
579;569
578;568
577;568
576;568
575;567
573;567
572;567
571;566
570;566
569;566
568;566
567;565
566;565
565;565
564;564
563;564
561;564
560;563
559;563
558;563
557;563
556;563
555;563
554;563
553;563
1097;438
1096;438
1095;438
1093;438
1091;438
1088;438
1086;438
1083;437
1081;436
1079;436
1077;435
1075;435
1074;434
1072;434
1071;434
1069;433
1068;433
1067;433
1066;433
1065;433
1063;433
1062;433
1060;433
1059;433
1057;433
1055;433
1054;433
1052;433
1051;433
1049;433
1048;433
1046;433
1044;433
1043;433
1041;433
1040;433
1038;433
1037;434
1036;435
1034;436
1033;438
1032;439
1031;440
1030;442
1029;443
1028;444
1027;446
1027;447
1026;448
1026;449
1025;450
1025;451
1024;452
1024;453
1024;454
1023;455
1023;457
1023;458
1022;459
1022;461
1022;462
1022;464
1021;466
1021;468
1021;470
1021;473
1021;475
1021;477
1021;478
1021;480
1021;481
1020;482
1020;483
1020;484
1020;485
1019;486
1019;487
1019;488
1018;489
1018;490
1017;491
1016;492
1015;493
1014;494
1013;495
1011;496
1009;497
1008;498
1006;498
1005;499
1003;499
1002;500
1000;500
998;500
996;500
994;500
992;500
990;500
989;500
988;500
986;500
985;500
984;500
983;500
981;500
980;500
979;500
978;500
977;500
976;500
975;500
974;500
973;499
972;498
971;498
970;497
969;497
968;496
967;496
966;495
965;495
964;494
963;494
962;494
962;493
961;493
960;493
958;493
957;492
956;492
955;491
954;491
953;491
952;490
951;490
950;490
949;490
947;489
946;489
945;488
944;488
943;487
942;487
940;486
939;486
938;485
937;485
936;484
934;483
933;483
932;483
930;482
929;482
928;482
926;482
925;482
923;482
921;482
919;482
917;482
915;482
913;482
911;483
909;484
908;485
906;485
905;486
904;487
902;488
901;490
900;491
898;492
897;493
897;494
896;495
895;496
894;497
893;499
892;503
888;504
886;504
885;505
883;506
880;507
879;508
877;509
875;509
874;510
873;511
872;512
870;514
869;515
868;517
866;519
865;520
864;522
862;523
861;524
860;525
859;527
858;527
857;528
856;529
855;530
855;531
853;532
852;533
850;535
849;536
848;538
846;539
845;540
845;542
844;542
843;543
842;544
841;545
840;545
838;546
837;547
836;547
834;548
833;549
832;549
830;550
829;550
827;550
826;550
824;550
823;550
822;550
820;550
819;550
818;550
816;550
815;550
814;550
812;550
811;550
810;548
808;547
807;545
806;544
805;543
804;542
802;541
801;540
800;539
798;538
797;537
795;536
793;536
791;535
789;535
788;535
785;535
783;535
781;535
779;535
777;535
775;535
773;535
771;535
769;535
767;535
765;535
763;535
762;536
759;538
758;539
756;541
754;542
752;544
751;545
749;547
747;549
746;551
744;552
743;554
741;555
740;557
740;558
738;558
737;558
736;558
735;558
734;558
733;558
732;558
730;559
728;560
727;562
725;563
724;564
723;566
721;567
720;568
719;569
718;570
716;571
715;572
713;573
712;574
710;575
709;576
707;577
705;578
704;579
702;579
701;580
699;581
698;581
697;582
695;582
694;582
693;582
691;582
690;582
688;582
687;582
686;582
684;582
683;582
681;582
680;582
679;582
678;582
677;582
676;582
675;581
674;579
673;578
672;577
672;576
671;574
671;573
670;572
669;571
669;570
669;568
669;567
668;566
668;565
668;564
668;563
667;562
666;561
665;560
664;559
663;558
662;558
660;558
658;558
656;558
654;558
652;558
650;558
647;558
645;558
643;558
641;558
639;558
637;558
635;558
633;560
631;561
629;562
627;563
626;564
624;565
622;566
621;567
619;569
618;570
617;571
615;573
614;574
613;576
611;578
610;579
609;581
607;583
606;585
605;586
605;587
604;588
604;589
603;589
603;590
602;590
602;591
601;591
600;592
599;593
598;594
597;595
596;596
595;597
592;597
591;597
590;597
588;597
586;598
584;599
582;600
580;601
578;602
575;603
573;605
571;606
569;607
568;608
566;609
564;610
563;610
561;611
559;612
557;612
556;613
554;613
552;613
550;613
549;613
548;613
546;613
545;613
544;613
542;613
541;613
540;613
539;613
538;613
537;612
536;611
535;611
534;610
534;609
533;608
532;607
531;606
530;605
530;603
529;602
528;600
527;599
527;598
526;596
526;595
525;594
525;592
525;591
525;590
524;588
524;587
524;586
523;585
523;584
522;583
521;582
520;581
519;581
516;580
514;579
511;579
508;579
504;579
501;579
497;579
494;579
490;579
487;579
485;579
483;579
482;579
1113;492
1113;493
1111;493
1110;493
1109;493
1108;493
1107;493
1106;493
1104;493
1103;493
1102;492
1100;491
1098;490
1096;489
1095;489
1092;488
1090;487
1088;487
1086;486
1084;486
1083;486
1081;485
1079;485
1077;485
1075;485
1073;485
1071;485
1069;485
1067;485
1066;485
1064;485
1062;485
1061;485
1059;485
1058;485
1056;485
1054;485
1053;485
1051;485
1050;486
1049;486
1048;487
1047;488
1046;489
1045;490
1044;491
1043;492
1043;493
1042;494
1041;496
1041;497
1040;499
1039;501
1039;502
1038;504
1038;505
1037;506
1037;508
1036;509
1036;510
1035;511
1035;512
1034;514
1033;515
1032;517
1031;518
1031;520
1030;522
1029;524
1028;525
1027;527
1027;528
1026;530
1025;531
1024;532
1023;534
1022;535
1021;536
1020;536
1019;537
1018;538
1017;539
1016;539
1014;540
1012;541
1011;541
1009;541
1008;542
1006;542
1004;542
1002;542
1001;542
999;542
998;542
996;542
995;542
994;542
993;542
992;542
991;542
990;542
988;542
987;542
986;542
984;542
983;542
982;542
980;542
979;542
978;542
977;542
976;542
975;542
974;542
973;542
972;542
971;542
970;542
969;542
969;541
968;540
968;539
967;539
967;538
966;537
965;536
964;535
964;534
963;533
962;532
962;531
961;530
960;529
960;528
959;528
957;527
956;526
955;525
954;525
953;524
952;524
951;523
949;523
948;522
947;522
945;522
944;522
943;522
942;522
941;522
939;522
938;522
937;522
936;522
934;522
933;522
932;522
930;522
929;522
927;522
926;523
925;523
924;524
923;525
922;526
920;527
919;528
918;530
917;531
916;532
915;534
914;535
913;536
912;537
911;538
911;539
910;541
909;542
908;543
907;545
907;546
906;547
905;548
904;550
903;551
902;554
901;556
901;557
900;559
899;561
898;562
897;565
896;565
895;565
894;565
893;566
892;567
891;569
890;570
889;571
888;572
887;573
886;574
885;575
885;576
884;577
883;577
882;578
881;579
880;580
879;580
878;581
877;582
876;583
874;584
873;585
872;586
871;586
870;587
869;588
867;588
866;589
865;590
863;590
862;591
860;591
859;592
858;592
856;593
855;593
854;593
853;594
852;594
850;594
849;594
848;595
847;595
846;595
845;595
844;595
843;595
842;595
841;595
840;595
839;595
838;595
837;595
836;595
834;595
833;595
832;595
831;595
830;595
829;595
828;595
826;595
825;595
824;594
823;594
822;593
821;593
821;592
820;592
819;591
818;591
817;590
816;589
815;588
814;587
813;587
812;586
811;586
810;585
809;585
808;584
807;584
806;583
805;583
804;582
803;581
802;581
800;581
799;580
798;580
797;580
796;580
795;580
793;579
792;579
791;579
789;579
788;579
786;579
785;579
784;579
782;579
781;579
779;579
778;579
776;579
774;579
773;579
771;579
770;579
768;579
767;579
765;580
764;580
763;581
762;582
761;583
760;585
757;585
756;585
755;585
754;585
753;586
751;587
750;588
749;589
747;590
746;591
745;593
743;594
742;595
741;597
739;598
738;599
737;600
736;601
735;602
734;603
733;604
732;605
731;606
730;607
729;609
729;610
728;612
727;613
726;615
725;616
725;617
724;619
723;620
722;621
721;623
720;624
718;625
717;626
715;627
713;628
711;629
709;630
708;630
706;631
704;631
703;631
701;632
700;632
698;632
697;632
696;632
694;632
693;632
692;632
690;632
689;632
688;632
686;632
685;632
684;632
682;631
681;630
679;629
678;628
676;627
675;626
673;625
672;625
670;624
669;623
668;622
666;621
665;620
664;619
663;618
662;617
661;615
660;614
659;613
658;612
657;611
657;610
656;610
655;609
654;609
653;608
653;607
652;607
651;607
650;607
649;607
647;605
646;605
645;605
644;605
643;605
641;605
640;605
638;605
635;605
634;605
631;605
629;605
627;605
626;605
624;605
622;605
621;605
620;605
618;606
617;607
616;608
615;609
614;610
612;611
611;613
610;614
610;615
609;616
608;617
607;618
606;619
605;620
605;621
604;622
603;623
602;624
601;625
600;626
599;627
599;628
598;629
597;629
596;630
595;631
595;632
594;633
593;634
592;635
591;636
590;637
588;638
587;639
586;639
584;640
583;641
581;642
579;643
577;643
575;644
574;645
572;645
570;646
568;646
566;646
564;646
562;646
560;646
558;646
557;646
555;646
554;646
552;646
551;646
550;646
549;646
548;646
547;646
546;646
545;646
544;646
543;645
542;644
541;643
540;643
540;642
539;642
539;641
538;641
