661;189
662;189
663;189
664;189
665;189
666;189
667;189
668;189
669;189
670;189
671;189
672;189
673;189
674;189
675;189
676;189
677;189
678;189
679;189
680;189
681;189
682;189
683;189
684;189
685;189
686;189
687;189
688;189
689;189
690;189
691;189
692;189
693;189
694;189
695;188
696;188
697;188
698;188
699;188
701;188
702;187
703;187
704;187
705;187
706;187
707;187
708;187
709;187
710;187
711;187
712;187
713;187
715;186
716;186
717;186
718;186
719;185
720;185
721;185
722;185
724;184
725;184
726;184
727;184
728;183
729;183
730;183
732;183
733;183
735;182
736;182
737;182
738;182
739;182
740;182
741;182
742;181
743;181
744;181
745;181
746;181
747;181
748;181
750;181
751;181
752;180
753;180
754;180
755;180
756;180
757;180
758;180
759;180
760;180
761;180
762;179
763;179
764;179
766;179
767;179
768;179
770;179
771;179
772;178
773;178
774;178
775;178
777;178
778;178
779;178
780;178
781;178
782;178
783;178
784;178
785;178
787;178
788;178
789;178
791;178
793;178
794;178
795;178
797;178
798;178
800;178
801;178
802;178
803;178
804;178
805;177
806;177
807;177
808;177
810;177
811;177
812;177
813;177
814;177
815;177
816;177
818;176
819;176
820;176
822;176
823;176
824;176
825;176
826;176
827;176
829;175
830;175
831;175
832;175
833;174
834;174
835;174
836;174
837;174
838;173
839;173
840;173
841;173
842;173
843;173
844;173
846;172
847;172
848;172
849;172
850;172
851;172
852;172
853;172
854;172
855;171
856;171
857;171
858;170
859;170
860;170
861;170
862;169
863;169
864;169
865;169
866;168
867;168
868;168
869;168
870;167
871;167
872;167
874;166
875;166
876;166
878;166
879;166
880;166
881;166
882;166
883;166
884;166
885;166
886;166
887;166
888;166
889;166
890;166
891;166
893;166
894;166
895;166
896;166
897;166
898;166
899;166
900;166
901;166
902;166
903;166
904;166
905;166
906;165
907;165
908;165
909;165
910;164
911;164
912;164
913;164
915;163
916;163
917;163
918;162
920;162
921;162
922;162
923;161
924;161
925;161
927;161
928;160
930;159
931;159
932;159
932;158
933;158
934;158
934;157
935;157
936;157
938;156
939;156
940;156
941;155
942;155
943;154
945;154
946;154
948;153
949;153
951;153
952;153
954;152
956;152
957;152
959;152
960;151
961;151
962;151
964;151
965;151
966;151
967;151
969;151
970;150
972;150
973;150
975;150
976;150
977;150
979;150
980;150
981;150
983;150
985;150
986;150
987;150
988;150
989;150
990;150
991;150
992;150
994;150
995;150
996;150
997;150
998;150
1000;150
1001;150
1003;150
1005;150
1006;150
1007;150
1009;150
1010;150
1011;150
1012;150
1013;150
1014;150
1015;150
1017;150
1018;150
1019;150
1020;150
1021;150
1022;150
1023;150
1024;150
1025;150
1026;150
1027;150
1028;150
1029;150
1030;150
1031;150
1031;151
1032;152
1032;153
1032;154
1033;155
1033;156
1033;157
1033;158
1034;159
1034;160
1034;161
1034;162
1034;163
1034;165
1034;166
1034;168
1034;169
1034;170
1034;171
1034;172
1034;173
1034;174
1034;175
1034;176
1034;177
1034;178
1034;179
1035;180
1036;180
1036;181
1037;181
1038;182
1039;182
1040;183
1041;183
1042;183
1043;184
1044;184
1045;185
1046;185
1047;185
1048;185
1049;185
1050;186
1051;186
1052;186
1052;187
1053;187
1054;187
1055;187
1055;188
1056;188
1057;188
1058;189
1059;189
1060;189
1061;190
1062;190
1063;190
1064;190
1065;190
1066;191
1067;191
1068;191
1069;192
1070;192
1071;193
1072;193
1072;194
1073;194
1073;195
1074;195
1074;196
1075;197
1075;198
1076;198
1076;199
1077;199
1077;200
1077;201
1077;202
1077;203
1077;204
1077;205
1077;207
1077;208
1077;209
1077;210
1077;211
1077;212
1077;213
1075;214
1074;214
1074;215
1073;215
1072;215
1071;216
1070;217
1069;217
1068;217
1067;217
1066;217
1065;217
1064;217
1063;217
1062;217
1061;217
1060;217
1059;217
1058;217
1057;217
1055;217
1054;217
1053;217
1052;217
1051;217
1050;217
1049;217
1048;217
1047;217
1045;217
1044;217
1043;217
1041;217
1040;217
1039;217
1037;217
1036;217
1035;217
1034;217
1033;217
1032;217
1031;217
1029;217
1028;217
1027;217
1025;217
1024;217
1023;217
1022;217
1021;217
1020;217
1018;217
1017;217
1016;217
1014;217
1013;217
1012;217
1010;216
1009;216
1007;216
1006;216
1004;216
1002;216
1001;216
999;216
998;216
997;216
996;216
995;216
994;216
993;216
992;216
990;216
989;216
987;216
985;216
984;216
983;216
982;216
981;216
980;216
979;216
978;216
977;217
976;218
975;219
975;220
974;221
974;222
974;223
974;224
974;225
974;226
974;227
974;228
974;229
974;230
974;231
974;232
974;233
975;233
976;234
977;234
978;234
979;234
980;235
981;235
983;235
984;235
985;235
986;235
987;235
988;235
989;235
990;235
991;235
992;235
993;235
994;235
995;235
996;235
997;235
998;235
1000;235
1001;235
1002;235
1004;235
1005;235
1006;235
1008;235
1009;235
1011;235
1013;235
1014;234
1015;234
1016;234
1017;234
1018;234
1019;234
1020;234
1021;234
1022;234
1023;234
1024;234
1025;234
1026;234
1027;234
1028;234
1029;235
1030;235
1031;235
1032;236
1034;236
1035;236
1037;237
1039;237
1040;237
1041;238
1043;238
1044;238
1045;239
1046;239
1047;239
1048;239
1050;240
1051;240
1052;240
1054;241
1055;241
1056;241
1057;241
1058;241
1059;241
1060;241
1061;241
1063;241
1064;241
1066;241
1067;241
1068;241
1070;241
1071;241
1072;241
1074;241
1075;241
1077;241
1078;241
1080;241
1081;241
1083;241
1084;241
1086;241
1087;241
1088;241
1090;241
1091;241
1092;241
1094;241
1096;241
1098;241
1100;241
1102;241
1104;241
1105;241
1107;241
1108;241
1109;241
1110;241
1112;241
1113;241
1114;241
1116;241
1117;241
1118;241
1120;241
1121;241
1122;241
1124;242
1125;242
1126;243
1128;243
1129;244
1130;245
1131;246
1132;247
1133;247
1134;248
1135;249
1135;251
1136;252
1137;254
1137;255
1138;257
1138;258
1138;259
1139;260
1139;261
1139;262
1139;263
1139;264
1139;265
1139;266
1139;267
1139;268
1139;269
1139;270
1139;271
1138;271
1137;271
1136;272
1135;273
1134;273
1133;273
1131;274
1129;274
1127;275
1125;275
1123;275
1122;275
1120;275
1119;275
1118;275
1117;275
1115;275
1112;275
1110;275
1108;275
1106;275
1104;275
1103;275
1101;275
1099;275
1097;275
1094;275
1092;275
1090;275
1088;275
1086;275
1085;275
1083;275
1081;275
1079;276
1077;276
1075;276
1073;276
1071;276
1070;276
1067;276
1066;276
1063;276
1061;276
1059;276
1056;276
1054;276
1051;276
1049;276
1047;277
1044;277
1042;277
1039;277
1037;277
1034;278
1032;278
1030;279
1027;279
1025;280
1022;280
1019;281
1017;282
1015;282
1013;283
1010;284
1008;285
1005;285
1003;285
1000;286
997;287
995;288
992;289
990;289
988;290
986;291
984;292
983;292
982;293
981;293
980;293
980;294
979;294
978;294
978;295
978;296
978;297
978;298
978;299
989;303
994;304
998;306
1002;306
1005;307
1009;307
1012;307
1014;307
1016;307
1017;307
1019;307
1020;307
1022;307
1024;307
1026;307
1027;307
1029;307
1030;307
1032;307
1033;307
1034;307
1036;307
1037;307
1039;307
1041;307
1043;307
1045;307
1047;307
1048;307
1050;307
1052;307
1053;307
1055;307
1056;307
1057;307
1058;307
1059;307
1060;307
1061;307
1062;307
1063;307
1064;307
1065;307
1066;307
1067;307
1068;307
1069;307
1070;307
1072;307
1073;307
1074;307
1075;307
1076;307
1077;307
1078;307
1079;307
1080;307
1081;307
1082;307
1083;307
1084;307
1084;308
1085;308
1086;309
1087;309
1088;311
1088;312
1089;312
1089;313
1090;313
1091;314
1092;314
1092;315
1093;316
1094;316
1094;317
1095;317
1095;318
1096;318
1096;319
1097;319
1097;320
1098;320
1098;321
1099;321
1099;322
1099;323
1099;324
1099;325
1099;326
1099;327
1099;328
1099;329
1099;330
1099;331
1099;332
1099;333
1099;334
1099;335
1099;336
1099;337
1099;338
1097;339
1096;339
1095;340
1093;341
1092;342
1091;343
1090;343
1088;344
1087;344
1086;345
1085;345
1084;346
1082;346
1081;346
1079;347
1078;347
1076;347
1075;347
1073;348
1072;348
1071;348
1069;348
1068;348
1067;348
1066;348
1064;348
1063;348
1060;348
1058;348
1057;348
1055;349
1053;349
1052;349
1050;349
1049;349
1048;349
1047;349
1045;349
1044;349
1043;349
1042;349
1041;349
1040;349
1039;350
1037;350
1036;350
1035;350
1034;350
1033;350
1032;350
1031;350
1029;350
1028;350
1027;350
1026;351
1025;351
1024;351
1023;351
1022;351
1021;351
1020;352
1018;352
1017;352
1016;352
1014;352
1013;352
1012;353
1010;353
1009;353
1007;353
1006;354
1005;354
1003;354
1002;354
1001;354
1000;354
999;354
998;354
997;355
995;355
994;355
993;355
992;355
991;355
989;355
988;355
987;355
986;355
985;355
984;355
983;355
982;355
981;355
980;355
979;355
977;355
976;355
975;355
974;355
973;355
972;356
971;356
970;356
969;356
968;357
967;357
966;358
965;358
964;358
964;359
963;359
963;360
962;360
962;361
961;362
961;363
961;364
960;365
960;366
960;367
960;369
959;370
959;371
959;372
959;373
959;374
959;375
959;376
959;377
959;378
959;379
959;380
959;381
959;382
959;383
960;384
961;384
962;385
964;385
965;385
966;385
967;385
968;385
969;385
970;385
971;386
972;386
973;386
975;386
976;386
977;386
978;386
980;386
981;386
982;386
984;386
985;386
986;386
987;386
988;386
989;386
990;386
991;386
992;386
993;386
994;386
995;386
996;386
997;386
998;386
999;386
1000;386
1001;386
1002;386
1003;387
1003;388
1003;389
1003;390
1003;391
1003;392
1003;393
1003;394
1003;395
1003;396
1003;397
1003;398
1003;399
1003;400
1003;401
1003;402
1002;403
1001;404
1000;404
999;405
998;406
997;406
996;406
995;406
994;407
993;407
992;407
991;407
990;407
988;407
987;407
986;407
985;407
984;407
983;407
982;407
980;407
979;407
978;407
977;407
976;407
975;407
973;407
972;407
971;407
970;407
969;407
968;407
967;407
966;407
965;407
964;406
963;406
962;406
961;405
960;405
959;405
958;404
957;404
956;404
954;404
953;403
952;403
951;402
950;402
949;402
948;401
947;401
945;400
944;400
943;399
942;399
940;398
939;398
938;397
937;397
935;396
934;396
933;396
932;395
931;395
930;395
929;394
928;394
927;394
926;393
925;393
924;392
923;391
922;391
922;390
921;390
920;389
920;388
919;388
919;387
918;386
917;385
917;384
916;383
916;382
915;381
915;380
914;379
914;378
913;377
913;376
913;375
912;374
912;373
912;372
911;372
911;371
911;370
911;369
911;368
911;367
911;366
911;365
911;364
911;363
911;362
911;361
911;360
911;359
911;358
911;357
911;356
911;355
911;354
911;353
911;352
911;351
911;350
911;349
911;348
911;347
911;346
911;345
911;344
911;343
912;342
912;341
913;340
913;339
914;339
914;337
915;337
915;336
916;336
916;335
917;335
917;334
918;334
919;333
920;333
921;332
922;332
923;331
924;331
924;330
925;329
926;329
926;328
927;328
928;327
928;326
929;326
930;325
930;324
931;324
931;323
931;322
932;322
932;321
932;320
932;319
932;318
932;317
932;316
932;315
932;314
932;313
931;312
930;311
929;311
928;310
927;310
927;309
926;309
925;309
924;308
923;308
923;307
922;307
921;306
920;305
920;304
919;304
919;303
919;302
919;301
918;301
918;300
918;299
918;298
918;297
918;296
918;295
918;294
918;293
918;292
918;291
918;290
919;290
919;289
920;288
921;287
921;286
922;286
922;285
923;284
924;283
924;282
925;281
926;281
926;280
927;279
928;278
929;277
929;276
929;275
929;274
929;273
929;272
929;271
929;270
929;269
929;267
929;266
930;266
930;265
930;264
930;263
930;262
930;261
930;260
930;259
930;258
930;257
930;256
930;255
930;254
930;253
930;252
929;251
928;251
927;250
926;249
925;249
924;249
924;248
923;248
922;248
921;247
920;247
919;247
918;246
917;246
915;246
914;246
912;246
911;246
910;246
909;246
908;246
907;246
905;246
904;246
903;246
902;246
901;246
900;246
899;246
898;246
897;246
896;246
895;246
894;246
893;246
892;246
891;246
890;246
889;246
888;246
887;246
886;246
885;247
884;247
883;248
882;248
882;249
881;250
879;251
878;252
878;253
877;253
877;254
876;254
875;255
875;256
874;256
874;257
873;257
873;258
872;260
871;261
871;262
870;263
869;264
869;265
868;266
867;267
867;268
866;268
866;269
865;270
864;271
863;272
863;273
862;273
862;274
862;275
861;275
861;276
861;277
861;278
861;279
861;280
861;281
861;283
861;284
861;285
861;286
861;287
861;288
861;289
861;290
861;292
862;294
862;295
863;296
864;298
864;299
864;301
865;301
865;302
865;303
865;304
865;305
865;306
865;307
865;308
865;309
865;310
865;311
865;312
865;313
865;314
864;315
863;315
862;316
861;316
860;317
859;317
857;318
856;318
854;318
853;319
851;319
850;319
849;319
848;319
847;319
846;319
845;319
844;319
843;319
841;319
840;319
839;319
838;319
837;319
836;319
835;319
834;318
833;317
832;316
831;314
831;313
830;313
830;311
830;310
830;309
830;308
830;307
830;306
830;305
830;303
830;302
830;301
830;300
830;299
830;298
830;297
830;296
830;295
830;294
830;293
830;292
830;291
830;290
830;289
830;288
830;287
831;286
831;285
831;284
832;283
832;282
832;281
832;280
832;279
832;278
832;277
832;276
832;275
832;273
832;272
832;271
832;270
832;269
832;268
832;267
832;266
832;265
832;264
831;263
831;262
830;262
830;261
829;260
828;260
828;259
827;258
826;258
826;257
825;256
824;255
823;255
822;254
821;253
820;253
819;253
818;252
817;252
816;251
815;251
814;250
813;250
812;249
811;249
810;249
809;249
808;249
807;248
805;248
804;248
803;248
802;248
801;248
800;248
799;248
798;248
797;248
796;248
795;248
793;248
792;248
791;248
789;249
788;249
786;250
785;251
784;252
782;253
781;254
780;254
780;255
779;256
778;256
777;258
776;261
775;263
774;265
774;266
774;267
774;268
773;269
773;270
773;271
773;272
773;273
773;274
773;275
773;276
773;277
773;279
773;280
773;281
773;283
773;285
773;286
773;288
773;289
773;290
773;291
773;292
773;294
773;295
773;296
773;297
773;298
773;299
773;300
773;301
773;302
773;303
773;304
773;305
773;306
774;307
775;307
776;308
776;309
777;310
778;312
779;313
780;313
781;314
782;315
783;316
784;317
785;318
786;319
787;320
788;321
788;322
789;323
790;324
791;325
791;327
792;328
792;329
793;330
793;331
794;331
794;332
795;333
795;334
795;335
795;336
795;337
795;338
795;339
795;340
795;341
795;342
795;343
793;343
792;344
790;344
788;345
786;346
785;347
783;348
782;348
780;348
779;348
777;349
776;349
775;350
773;350
772;350
770;350
768;350
766;350
764;350
763;350
762;350
761;350
760;350
759;350
758;350
757;350
756;350
755;350
754;350
753;350
752;349
751;349
750;348
749;347
748;347
747;346
746;345
745;344
744;343
744;342
743;341
742;340
742;339
741;339
740;338
740;337
740;336
739;336
739;334
738;333
738;332
738;331
737;330
737;329
737;328
736;327
736;326
735;325
735;324
735;323
734;322
733;322
733;321
732;321
732;320
731;319
730;318
729;318
728;318
727;317
726;317
725;317
724;317
723;317
722;317
721;317
720;317
719;317
718;317
717;317
716;317
715;317
714;317
713;317
713;318
712;318
712;319
711;320
710;320
710;321
709;322
709;323
708;324
708;325
707;326
707;327
706;328
705;330
705;331
704;332
704;333
703;334
703;336
703;338
703;339
703;340
702;341
702;343
702;344
702;345
702;347
702;348
702;350
702;351
702;352
702;354
702;356
702;358
703;359
704;360
705;361
706;361
707;362
708;363
709;363
710;364
711;365
713;365
714;366
715;367
717;368
718;369
720;369
722;370
724;371
727;372
729;373
731;374
733;375
735;375
736;376
738;376
739;376
740;376
741;377
742;377
743;378
744;378
745;379
746;379
747;379
748;380
750;380
751;380
753;380
754;380
756;380
758;381
759;381
761;381
762;381
764;382
765;382
767;382
769;382
770;383
772;383
773;384
774;384
775;384
776;385
777;385
778;385
780;386
781;386
783;386
784;387
785;387
786;387
787;388
788;388
790;389
791;389
792;390
794;391
795;391
797;392
799;392
800;393
801;393
802;394
803;395
804;395
805;396
807;396
808;397
809;397
810;397
810;398
811;398
812;398
813;399
814;399
815;399
816;400
817;400
818;401
819;401
820;402
821;402
822;403
823;403
824;404
825;404
826;405
826;406
827;406
828;407
828;410
829;410
830;410
831;411
832;411
833;411
834;412
835;412
836;413
837;414
839;415
840;416
841;416
843;417
843;418
844;418
845;419
847;419
848;420
849;420
850;421
851;421
852;422
853;423
854;423
855;424
856;425
857;426
859;427
860;427
862;429
863;429
864;430
866;431
867;432
868;433
869;434
870;434
871;436
872;437
873;438
874;440
875;441
877;442
878;443
878;444
879;445
880;446
881;447
882;448
883;449
884;450
885;451
886;452
887;453
888;454
889;455
890;456
891;457
892;459
893;460
894;461
895;463
896;466
896;468
897;470
898;471
898;472
899;474
899;475
899;476
900;477
900;478
900;479
900;480
901;482
901;483
901;485
901;486
902;487
902;488
902;490
902;492
902;495
902;497
902;498
902;499
902;500
902;501
903;502
904;503
904;504
905;505
906;506
907;508
908;509
908;510
909;512
909;513
910;514
910;515
911;516
911;517
911;519
912;520
912;521
912;522
913;523
913;524
913;525
914;526
914;527
914;528
915;529
915;531
915;532
915;534
916;534
916;535
916;536
916;537
916;538
916;539
917;539
917;540
917;542
917;543
917;544
917;545
917;546
917;547
917;548
917;549
917;550
918;550
918;551
918;552
919;554
919;555
919;556
919;557
919;558
920;559
920;560
920;561
920;562
920;564
920;565
920;566
920;567
920;568
920;569
920;570
921;571
921;572
921;573
921;575
921;576
921;577
921;578
922;580
922;581
922;582
922;583
922;584
922;585
922;586
922;587
922;588
922;589
922;590
922;591
922;592
922;593
922;594
922;595
922;596
922;597
922;598
922;599
922;600
922;601
922;602
922;603
922;604
922;605
922;606
922;607
922;608
922;609
922;610
922;611
922;612
922;613
922;614
922;615
922;616
922;617
922;618
922;619
922;620
921;620
921;621
920;621
920;622
919;622
917;623
916;624
914;625
912;626
911;627
909;628
908;628
907;629
906;629
905;630
904;630
904;631
902;631
901;632
900;632
899;633
897;634
896;634
894;635
893;635
892;635
891;635
890;635
889;635
888;635
887;635
886;635
885;635
884;635
883;635
881;635
880;635
879;635
877;635
876;635
875;635
873;635
872;635
871;635
870;635
869;635
868;635
867;635
866;635
866;634
865;633
865;632
864;632
864;631
864;630
863;630
863;629
863;628
862;626
862;625
862;622
862;621
861;619
861;617
861;616
860;614
860;613
860;612
860;610
859;609
859;608
859;607
859;606
858;604
858;603
857;601
857;600
856;598
856;596
855;595
855;593
854;592
854;590
853;589
852;587
851;585
851;584
850;583
849;582
848;581
848;580
847;579
846;578
845;577
844;577
843;576
842;575
841;575
840;574
839;573
838;573
837;572
836;572
835;572
834;572
833;572
832;572
831;572
830;572
829;572
828;572
827;572
826;573
825;574
824;576
822;578
821;580
821;582
820;583
819;585
818;586
818;588
817;589
817;590
816;592
816;593
815;594
815;595
814;596
814;598
814;599
814;600
813;601
813;603
813;605
813;607
812;610
812;612
812;614
811;615
811;617
811;618
811;619
811;620
811;621
811;622
811;624
811;625
811;627
811;628
810;629
810;630
810;631
810;632
810;633
810;634
810;635
809;636
809;637
809;638
809;639
809;640
809;641
808;641
808;642
808;643
808;644
808;648
808;649
808;650
808;651
808;652
808;653
808;654
808;655
808;656
808;657
808;659
808;660
807;661
807;662
806;663
806;664
805;665
805;666
804;667
804;669
803;670
803;671
802;672
802;673
801;674
800;676
799;677
799;678
798;679
798;680
797;680
796;681
796;682
795;682
795;683
794;684
793;685
792;686
791;686
790;687
789;688
788;688
787;689
786;689
785;689
784;689
783;689
782;689
781;689
780;689
779;689
778;689
777;689
776;689
776;688
776;686
775;685
775;684
775;682
774;681
774;680
774;678
774;677
774;675
774;674
774;673
774;670
774;669
774;667
774;666
774;665
774;664
774;663
774;662
774;661
774;660
774;659
774;658
774;656
775;655
775;654
776;653
776;652
776;651
776;650
777;649
777;648
777;647
777;645
778;644
778;643
778;642
778;641
778;640
778;638
778;637
778;636
778;635
778;634
778;633
778;632
778;631
778;630
778;629
778;628
778;626
778;625
778;624
778;622
778;621
778;620
777;618
777;617
776;615
775;614
774;613
774;611
773;609
772;608
771;606
770;605
769;604
768;603
767;602
766;601
765;600
764;599
763;598
762;597
761;596
760;595
759;593
758;592
758;591
757;590
756;589
755;588
754;587
754;586
753;585
752;584
751;584
750;583
750;582
749;581
748;580
747;579
746;578
746;577
745;576
744;576
744;575
743;575
743;574
742;573
742;572
741;572
741;571
740;570
739;569
738;568
737;567
736;567
735;566
734;565
733;564
732;564
732;563
731;562
730;562
729;561
728;560
727;560
727;559
726;558
725;557
724;557
723;556
722;555
721;554
720;553
719;553
718;552
717;552
717;551
716;551
715;551
714;551
713;551
712;551
711;551
711;552
711;553
711;554
711;555
711;556
711;557
711;558
711;560
711;561
711;562
711;563
711;564
711;565
711;566
711;568
711;570
711;572
711;575
711;578
711;580
711;581
711;583
711;584
711;586
711;587
711;589
711;591
711;592
711;594
711;595
711;597
711;599
711;601
711;603
712;606
712;608
713;610
713;612
713;614
714;616
714;617
714;618
715;621
715;622
715;623
715;624
716;626
716;628
716;629
716;631
716;633
716;635
716;636
716;637
716;639
716;640
716;642
716;643
716;645
716;647
716;648
716;650
716;651
716;652
716;653
716;654
716;655
715;655
714;656
714;657
713;658
712;659
711;659
710;660
708;661
707;662
705;663
704;663
703;664
702;664
701;664
700;665
699;665
698;665
697;665
695;665
694;665
693;665
692;665
691;665
690;665
688;665
687;665
686;665
685;665
684;665
683;664
683;663
682;662
681;661
680;659
679;657
679;654
678;653
678;651
677;650
677;648
677;646
676;644
676;643
676;641
676;640
676;638
676;637
676;636
676;635
676;633
676;632
676;630
676;629
676;628
676;626
676;624
676;623
676;622
676;621
676;620
676;619
676;618
676;617
676;616
676;615
676;614
676;613
676;612
676;611
676;610
676;609
676;607
676;606
676;605
676;603
676;602
676;600
676;599
675;596
675;595
674;593
674;591
674;590
673;589
673;588
672;586
671;585
671;583
670;582
670;580
669;579
669;578
669;577
669;576
668;576
668;575
668;574
668;573
667;573
667;572
667;571
666;570
666;569
665;568
665;567
665;566
664;565
664;564
663;563
663;562
663;560
662;560
662;559
662;558
661;557
661;556
661;555
661;554
661;553
661;552
661;551
661;550
661;549
661;548
661;547
661;546
661;545
660;545
660;544
660;543
660;542
660;541
659;540
658;539
658;538
657;537
657;536
657;535
656;535
656;534
655;533
655;531
654;531
654;530
653;530
653;529
652;528
652;527
651;527
650;526
650;525
649;524
648;523
647;523
646;522
645;522
644;521
643;521
642;521
641;520
640;520
639;520
638;520
637;520
637;521
636;521
636;522
636;523
636;524
636;525
635;526
635;527
635;528
635;530
634;531
634;533
634;534
634;535
634;537
634;539
634;540
634;543
634;545
634;548
634;549
634;550
634;552
634;553
634;555
634;557
634;558
634;560
634;561
634;563
634;564
634;565
634;567
634;568
634;570
634;573
634;574
634;577
634;579
634;581
634;583
634;584
634;585
634;587
634;589
634;590
634;592
634;593
634;594
634;596
634;598
634;600
634;611
634;617
634;621
634;626
634;628
634;630
634;631
634;633
634;634
634;635
634;638
633;640
633;643
632;645
632;647
632;649
631;650
631;651
631;652
630;652
630;654
630;655
629;656
628;656
628;658
627;659
626;660
625;660
625;661
624;662
623;663
622;664
618;664
615;664
613;664
611;664
610;664
609;664
608;664
607;664
606;664
605;664
604;664
603;664
602;664
601;664
600;664
599;664
598;663
597;661
597;660
596;659
595;657
595;656
594;656
594;654
594;653
593;653
593;652
593;650
593;649
593;648
593;647
593;646
593;645
593;643
593;642
593;641
593;640
593;639
593;638
593;637
593;636
593;635
593;634
593;633
593;630
593;629
593;628
593;627
593;626
593;625
593;623
593;621
593;618
593;617
593;616
593;615
593;614
592;614
592;613
591;612
590;612
590;611
589;611
589;610
588;610
587;610
586;610
585;610
584;610
583;610
582;610
581;610
580;610
579;610
578;610
578;611
577;613
577;615
576;617
576;619
575;620
575;622
575;623
574;624
574;625
574;626
574;627
574;628
574;629
574;630
574;631
574;632
574;633
574;635
574;636
574;637
574;638
574;640
574;641
574;642
574;644
574;645
574;646
574;648
574;649
574;650
574;651
574;652
574;654
574;655
574;656
574;658
574;659
574;660
574;661
574;662
574;663
574;664
574;666
574;667
574;668
574;669
574;670
574;671
574;672
574;673
574;674
573;674
572;674
571;674
570;674
569;674
569;673
568;673
568;672
568;671
568;670
568;669
568;668
568;667
568;666
567;666
566;666
566;665
565;665
565;664
564;663
564;662
563;661
563;660
563;659
562;658
562;657
562;656
561;656
561;655
561;654
561;652
561;651
561;650
561;649
561;648
561;647
561;646
561;645
561;644
561;643
561;642
561;641
561;639
561;638
561;637
561;636
561;635
561;634
561;633
561;631
561;630
561;629
561;627
561;626
561;624
561;623
561;622
561;620
561;619
561;618
561;617
561;616
560;615
560;614
560;612
560;611
559;610
559;608
559;607
559;606
559;604
558;603
558;602
558;601
558;600
557;599
557;598
557;597
556;596
556;595
556;594
556;593
555;592
555;591
555;590
555;589
555;588
555;586
555;585
555;584
554;583
554;582
554;581
554;580
554;579
554;577
553;576
553;575
553;574
553;573
553;572
552;572
552;571
552;570
552;569
551;568
551;567
551;566
550;565
550;564
549;563
549;561
548;560
548;559
547;557
547;556
546;555
545;554
545;553
545;552
544;550
544;549
543;548
543;546
542;545
541;543
540;542
540;541
540;540
539;540
539;539
538;539
538;538
537;538
537;537
536;537
536;536
535;536
535;535
534;535
534;534
533;533
532;533
531;532
530;532
529;532
528;532
527;532
526;532
525;532
524;532
523;532
523;533
523;534
522;536
522;538
522;540
522;541
522;543
522;544
522;545
522;547
522;548
522;549
522;550
522;551
522;552
522;554
522;555
522;556
522;557
522;558
522;559
522;560
522;562
522;563
522;564
522;565
522;567
522;569
522;571
522;573
522;574
522;576
522;577
522;578
522;579
522;580
522;582
522;584
522;585
522;586
522;588
522;589
522;590
522;592
522;593
522;595
522;596
522;599
522;601
522;603
522;605
522;607
522;609
522;610
522;612
522;613
522;614
522;615
522;617
522;618
522;619
522;621
522;622
522;623
522;625
522;626
522;628
522;630
522;632
522;633
522;635
522;637
522;639
522;641
522;642
522;644
522;645
522;646
522;648
522;649
522;651
522;653
522;655
521;656
520;657
519;659
519;660
518;661
517;662
517;663
516;664
515;665
514;666
513;667
512;667
511;668
510;668
510;669
509;669
507;669
506;669
504;669
503;669
501;669
499;669
498;669
496;669
494;669
492;669
491;669
490;669
488;669
487;669
486;669
485;669
484;669
482;669
481;668
478;664
476;662
474;660
472;652
471;651
471;649
470;648
470;646
469;643
469;642
469;639
469;637
469;635
469;632
469;631
469;629
469;628
469;627
469;626
469;624
469;623
469;622
469;620
469;618
469;616
469;615
469;614
469;613
469;611
469;610
468;609
468;607
468;605
468;599
468;598
468;597
468;596
468;595
468;594
468;593
467;592
467;591
467;590
467;589
466;589
466;588
466;587
466;585
466;584
466;582
466;581
466;579
465;578
465;577
465;575
465;574
465;573
465;572
465;571
465;570
465;569
465;568
465;567
465;566
465;565
465;564
465;563
465;562
465;561
465;560
465;559
465;558
465;557
465;556
465;555
465;554
465;553
465;552
465;551
465;549
465;548
465;547
465;546
465;545
465;542
465;540
465;539
465;538
465;537
465;536
465;535
465;534
465;533
465;532
465;531
465;529
465;528
465;527
465;526
465;525
465;524
465;523
465;521
465;520
465;519
465;517
465;516
465;515
465;514
465;513
465;512
465;511
465;510
465;509
465;508
465;507
465;506
465;505
465;504
465;503
465;502
465;501
465;500
465;499
465;498
465;497
466;496
466;495
466;494
467;494
467;493
468;493
468;492
469;491
470;490
471;489
472;489
472;488
473;488
473;487
474;487
474;486
474;485
474;484
475;484
475;483
475;482
475;481
475;480
475;479
474;479
473;479
472;479
471;479
470;479
469;479
468;479
467;479
466;479
465;479
464;479
463;479
462;479
461;479
460;479
459;479
458;479
457;479
456;479
455;479
454;479
453;479
453;480
453;481
452;481
452;482
451;483
451;484
450;485
450;486
449;487
449;489
448;490
448;491
448;492
447;493
447;494
447;495
447;496
446;497
446;498
446;501
446;504
446;505
446;508
446;509
446;511
446;512
446;513
446;514
446;516
446;517
446;524
446;527
446;530
446;531
446;532
446;535
446;536
446;538
446;540
446;542
446;544
446;545
446;546
446;547
446;548
446;549
446;550
446;552
446;554
446;555
446;556
446;557
446;558
446;559
446;560
446;561
446;562
445;562
444;562
444;563
443;563
442;564
440;564
439;564
437;564
436;564
435;564
434;564
433;564
432;564
431;564
430;564
429;564
428;564
427;564
426;564
425;563
424;562
423;560
423;558
422;558
422;557
421;556
421;555
420;553
420;552
419;550
419;549
419;548
419;547
418;545
418;544
418;542
418;540
417;540
417;539
417;537
417;536
416;535
416;534
416;533
416;531
416;529
416;528
416;527
416;526
416;525
416;523
416;521
416;519
416;518
416;517
416;516
416;515
416;514
416;513
416;512
416;511
416;510
416;508
416;507
416;505
416;504
416;503
416;498
416;497
416;496
416;495
416;493
416;492
416;491
416;490
416;488
416;485
416;483
416;482
416;481
416;479
416;478
416;477
417;476
417;474
418;473
418;472
418;471
419;471
419;470
420;468
421;467
421;466
422;466
422;465
423;464
423;463
424;463
424;462
425;462
425;461
426;461
426;460
427;459
428;458
429;458
429;457
430;456
431;455
432;455
433;454
434;454
434;453
435;452
436;452
437;451
438;450
439;449
440;448
441;447
442;446
443;445
444;444
445;443
446;442
447;442
448;441
449;440
450;439
451;438
452;438
453;437
454;437
455;436
456;435
457;435
458;434
460;433
461;433
462;432
463;431
464;431
465;431
466;430
467;429
468;429
469;428
470;428
471;427
472;427
473;427
474;426
475;425
477;425
478;424
479;424
480;424
481;424
482;423
483;423
484;423
485;422
486;422
487;422
487;421
488;421
489;421
490;421
491;421
492;421
493;421
494;421
496;421
497;420
498;420
499;420
500;420
502;420
503;420
504;420
505;420
506;420
507;420
508;419
509;419
510;419
511;418
512;418
513;418
513;417
514;417
515;417
516;416
517;415
518;414
519;414
519;413
520;412
520;411
521;410
521;409
522;408
522;407
522;406
523;406
523;405
523;404
523;403
523;402
523;401
523;400
523;399
523;398
523;397
523;396
523;395
523;394
523;393
523;392
523;391
523;390
522;389
522;388
521;388
521;387
520;386
520;385
519;385
519;384
518;383
518;382
517;381
517;380
516;380
515;379
515;378
514;377
513;376
512;375
511;374
510;373
509;372
508;371
507;370
505;369
504;369
503;368
502;368
501;367
500;366
499;366
498;365
497;365
496;364
495;364
494;364
493;363
492;363
490;363
489;363
488;363
486;363
485;363
484;363
483;363
482;363
481;363
480;363
479;363
478;363
477;363
476;363
475;363
474;363
472;363
471;363
470;365
468;366
467;367
466;368
465;369
464;370
463;371
462;372
461;373
460;374
459;375
458;376
457;377
456;378
455;378
455;379
454;379
453;379
452;380
451;381
449;382
449;383
448;383
447;384
445;384
444;385
443;385
442;386
441;386
440;386
439;386
438;386
437;387
436;387
435;388
434;388
433;389
432;389
432;390
431;391
430;391
429;392
428;393
427;394
426;394
425;395
424;396
423;397
422;397
421;398
421;399
420;399
419;399
418;400
417;401
417;402
416;402
415;403
414;403
413;403
413;404
412;404
411;404
410;404
409;404
408;404
407;404
406;404
405;404
404;404
403;404
402;404
401;404
400;404
398;403
396;403
395;402
393;401
392;401
390;400
389;399
387;399
386;398
385;398
384;397
383;397
382;396
381;395
380;395
379;395
378;394
377;394
376;393
375;393
374;393
374;392
373;392
373;391
372;391
372;390
372;389
372;388
372;387
372;386
372;385
372;384
373;384
374;384
376;384
377;383
378;383
379;383
379;382
380;382
381;382
382;381
383;381
384;381
385;381
386;381
387;381
388;381
389;381
390;381
391;381
392;381
392;380
393;380
395;380
396;380
397;380
398;379
399;378
401;378
402;378
403;378
404;378
405;378
406;377
407;376
407;375
408;375
408;374
408;373
408;372
408;371
408;370
408;369
408;368
408;367
408;366
408;365
407;364
406;363
405;363
403;363
402;363
400;363
399;363
398;362
397;362
396;362
394;362
393;362
392;362
391;361
390;361
389;361
388;361
387;361
386;361
385;361
384;361
383;361
382;361
381;361
380;361
379;361
378;361
377;360
376;360
375;360
374;360
373;360
372;360
371;360
370;360
369;360
368;360
367;360
366;360
365;360
364;360
363;360
362;360
361;360
360;360
359;360
358;360
357;360
356;360
355;360
354;360
354;361
353;361
352;361
351;361
350;361
349;361
348;361
347;361
346;361
345;361
344;362
342;363
340;364
339;364
338;364
337;365
336;365
335;365
334;365
333;365
333;366
333;367
332;367
332;368
331;368
331;369
330;370
329;371
329;372
328;372
328;373
327;374
326;375
325;375
325;376
324;377
323;378
322;379
321;380
320;381
319;382
318;382
317;383
316;384
315;385
314;385
313;386
312;387
311;388
310;388
310;389
309;389
309;390
308;390
307;391
306;391
306;392
305;393
303;393
302;394
301;395
300;395
299;396
298;396
297;396
296;397
295;397
294;397
293;397
291;397
290;398
289;398
288;398
287;398
285;398
284;398
282;398
281;398
280;398
279;398
278;398
277;398
276;398
275;398
274;398
274;397
273;396
272;394
272;393
271;391
271;390
271;388
271;387
271;386
271;385
271;384
271;383
271;382
271;381
271;380
271;377
271;376
271;375
271;374
271;373
271;372
271;371
271;370
272;369
273;367
274;367
275;366
276;365
277;364
278;363
279;362
280;362
281;361
282;360
283;359
284;358
286;357
287;356
288;355
290;354
291;354
292;353
293;353
294;353
295;352
297;352
298;351
299;351
300;350
301;350
302;350
303;349
304;349
305;349
306;349
308;348
309;348
310;347
311;347
312;346
313;346
315;346
316;345
318;345
319;344
321;344
322;343
324;343
325;342
326;342
328;342
329;341
330;341
332;341
333;340
334;340
335;339
336;338
337;337
338;337
339;337
339;336
340;336
340;335
340;334
340;333
340;332
340;331
340;330
340;329
339;328
337;328
335;328
333;328
331;328
328;328
325;328
323;328
321;328
318;328
316;328
313;328
311;328
309;328
307;328
305;329
303;329
302;330
301;330
299;331
298;331
296;332
295;333
293;333
290;334
288;335
285;336
283;336
280;337
278;338
275;339
273;340
271;341
269;342
267;342
265;343
263;344
262;345
261;345
260;346
258;347
257;347
255;348
253;349
251;350
250;351
248;353
246;354
244;356
242;357
241;358
234;360
230;361
228;362
225;362
223;362
221;362
219;362
218;362
217;362
216;362
215;362
214;362
213;362
212;362
211;362
210;362
209;362
207;362
206;362
204;362
203;362
201;362
200;362
198;362
195;362
193;362
191;361
189;361
187;360
185;360
184;359
182;358
180;358
179;357
177;357
175;356
174;356
172;355
171;355
170;354
169;353
168;352
167;351
166;349
165;348
164;347
162;345
162;344
161;343
160;342
160;341
159;340
158;338
158;337
157;336
157;334
156;333
156;332
156;331
155;330
155;329
155;328
155;327
155;326
155;324
155;322
155;321
155;319
155;318
155;316
155;315
155;314
155;312
155;311
155;309
155;307
155;305
155;304
155;303
155;300
155;299
155;298
155;297
155;296
155;295
156;294
157;293
157;292
158;292
159;291
160;290
162;289
163;288
164;287
165;286
167;285
168;284
169;283
170;282
172;282
173;281
175;280
176;279
177;278
179;277
180;277
182;277
183;276
185;276
186;275
187;275
189;275
190;274
191;274
192;274
193;274
194;274
195;274
196;274
197;274
198;274
199;274
200;274
202;274
203;274
204;274
205;274
206;274
208;274
209;274
210;274
211;274
213;274
214;274
215;274
216;274
217;274
218;274
219;274
220;274
221;275
222;275
224;276
225;276
226;276
227;277
228;277
230;278
231;278
232;279
234;279
235;279
237;280
238;280
240;281
242;281
244;281
246;281
247;282
249;282
251;282
252;282
254;283
255;283
256;283
258;284
259;284
261;284
262;284
263;284
265;284
266;284
267;285
269;285
270;285
272;285
273;285
274;285
275;285
276;285
277;285
278;285
279;285
280;285
281;285
281;284
281;282
281;281
281;280
281;279
281;278
281;277
281;275
281;274
281;273
281;272
281;270
281;269
281;268
281;267
281;266
281;265
281;264
281;263
281;262
281;261
281;259
281;258
281;257
281;256
281;255
281;254
281;252
281;251
281;250
281;248
281;247
281;246
281;244
281;243
281;241
281;240
281;239
281;238
281;237
281;236
281;235
282;235
282;234
282;233
283;233
283;232
284;232
284;231
285;231
285;230
286;230
287;230
288;230
289;230
290;230
291;230
292;230
293;230
294;230
295;230
296;230
297;230
299;230
300;230
301;230
302;230
303;230
304;230
305;230
306;230
307;230
308;230
309;230
310;230
311;230
312;230
313;230
314;230
315;230
316;230
317;230
318;231
320;232
321;233
322;233
323;234
324;235
326;236
327;237
328;238
330;239
331;240
333;242
334;243
335;244
337;245
338;246
339;246
340;247
341;248
342;248
342;249
343;249
344;250
345;251
346;251
347;252
348;252
349;253
351;253
353;254
355;255
356;256
359;257
361;257
363;258
366;259
367;259
368;259
369;260
370;260
372;260
373;261
374;261
376;262
378;262
380;263
382;264
384;265
386;265
388;266
389;266
390;267
391;267
392;267
393;267
394;268
396;269
397;269
399;270
401;271
402;272
404;273
405;274
407;274
409;275
411;276
413;276
414;277
416;278
417;278
418;278
419;279
420;279
421;279
422;279
423;279
424;279
425;279
426;279
427;279
428;279
428;278
429;277
429;276
430;275
430;274
430;272
430;271
430;269
430;268
430;267
430;266
430;265
430;263
430;262
430;261
430;259
430;257
430;256
430;255
430;254
430;253
430;252
430;251
430;250
428;249
427;247
426;246
425;244
424;243
423;241
422;240
421;239
420;238
419;237
417;236
416;235
414;233
412;232
411;231
409;230
408;229
406;228
404;227
403;227
401;226
399;225
397;224
395;223
393;222
391;221
390;221
388;220
386;219
385;218
384;217
382;217
381;216
380;216
378;215
376;214
375;213
374;213
372;212
371;211
370;210
368;210
367;209
366;207
365;207
364;206
363;205
362;204
361;203
360;202
359;201
358;200
357;199
356;198
355;197
355;196
354;195
354;194
354;193
354;192
354;191
354;190
354;189
354;188
354;187
354;186
353;184
352;182
351;180
350;178
350;176
349;175
349;173
349;172
349;171
348;169
348;167
348;164
348;162
348;160
348;158
348;157
348;156
348;155
348;154
348;153
348;152
348;151
348;150
348;148
348;146
348;144
348;141
348;140
348;139
348;138
348;137
349;136
350;135
351;134
352;133
353;132
355;131
356;130
357;129
358;128
360;128
361;127
363;126
364;126
365;125
366;124
368;123
369;123
371;122
372;121
374;120
375;120
377;119
379;118
380;117
382;117
384;116
386;115
388;114
390;113
392;112
394;111
397;110
399;109
401;108
404;108
405;107
407;106
409;105
412;105
414;104
416;104
419;104
420;103
422;103
424;103
426;102
428;102
431;102
433;102
435;102
438;101
439;101
441;101
443;101
445;101
447;101
449;101
451;101
452;101
454;101
455;101
456;101
458;101
460;101
461;101
463;101
465;101
466;101
468;101
469;101
470;101
471;101
472;101
473;101
475;102
476;102
477;104
478;105
479;106
480;107
481;107
481;108
482;108
482;109
483;109
483;110
484;111
485;112
485;113
485;114
485;115
485;116
485;117
485;118
485;119
485;120
485;121
485;122
485;123
485;124
485;127
485;128
485;130
485;132
484;133
483;135
482;136
481;137
480;138
480;139
479;139
479;140
478;141
477;141
476;142
475;143
474;144
473;146
471;147
470;148
468;149
466;151
465;152
463;154
462;156
460;157
459;159
458;161
457;162
456;163
456;164
455;164
455;165
455;166
455;167
455;168
455;169
455;170
455;171
455;172
455;173
455;174
455;175
456;175
457;175
458;176
460;176
461;176
463;176
464;176
466;176
468;176
469;176
471;176
472;175
473;174
475;173
476;172
478;171
479;170
480;169
481;168
482;167
483;165
484;164
485;163
486;162
487;161
488;160
488;159
489;157
490;155
491;154
492;153
492;150
493;149
493;147
494;146
494;144
494;142
494;141
495;139
495;137
496;135
496;134
497;132
497;130
498;128
498;127
499;125
500;123
500;122
501;120
502;118
503;117
504;115
504;113
505;112
506;111
507;109
509;107
510;105
511;103
513;101
514;100
515;99
516;98
517;97
518;96
519;94
521;93
522;92
524;91
525;90
527;89
529;88
531;87
533;86
534;86
536;85
537;85
539;84
540;83
542;83
544;83
545;82
547;82
549;82
550;82
552;82
553;82
555;82
556;82
558;82
559;82
560;82
562;82
563;82
564;82
566;82
567;82
569;82
570;82
571;82
572;82
573;82
574;82
575;83
576;83
577;84
578;85
579;86
579;87
580;87
581;88
581;89
582;90
582;91
583;93
583;95
583;98
583;100
583;101
583;103
583;105
583;106
583;108
583;109
583;110
583;111
583;113
583;115
582;116
581;118
579;119
578;121
577;122
575;124
574;126
573;127
571;128
570;131
568;133
566;135
564;138
563;140
561;142
560;144
559;145
558;146
557;148
556;148
555;148
554;148
553;148
552;150
551;152
550;154
548;156
547;157
546;159
545;160
544;161
544;162
543;163
542;164
541;165
540;166
539;167
538;168
537;170
536;171
535;173
534;175
533;177
532;178
531;180
530;182
529;183
529;184
528;185
528;186
527;188
526;189
525;190
524;191
524;192
523;194
523;195
522;195
522;197
521;198
520;199
519;202
519;204
518;206
518;207
517;210
517;212
516;213
515;215
515;217
515;218
514;219
514;220
514;222
514;223
513;224
513;225
513;227
513;229
513;231
513;233
513;235
513;237
513;239
513;240
513;242
513;243
513;244
513;245
513;246
513;247
513;249
513;250
513;251
513;252
513;253
514;254
515;254
516;255
517;255
518;256
520;257
522;257
524;257
525;257
527;257
529;257
531;257
533;257
534;257
535;257
536;257
537;257
538;257
539;256
539;255
540;253
541;251
541;250
542;248
543;246
543;244
544;243
544;242
544;241
545;239
545;238
546;236
547;235
547;234
547;233
547;232
548;232
548;231
548;230
549;230
549;229
550;229
551;228
552;227
553;226
554;225
555;225
556;225
557;225
558;225
559;225
560;225
561;225
562;225
563;225
564;225
565;225
566;226
566;227
566;228
567;228
567;229
567;231
567;233
567;236
567;239
567;241
567;243
567;245
567;246
567;247
567;248
567;249
567;250
567;251
567;252
567;253
567;254
567;255
566;257
566;258
565;258
564;260
563;263
562;265
561;267
560;268
559;270
559;272
558;273
557;276
556;278
555;281
555;283
554;286
554;288
553;290
553;292
553;294
553;295
553;296
553;297
553;298
553;299
553;300
553;301
553;303
553;304
553;305
553;306
554;308
555;310
557;311
559;312
561;314
563;316
564;317
566;318
568;319
569;320
571;321
573;322
574;323
577;323
579;324
581;325
583;325
584;325
586;325
588;325
589;325
591;325
593;325
595;325
596;325
597;325
599;325
600;325
601;325
603;325
604;325
606;325
607;325
609;323
610;322
611;321
612;321
612;320
613;319
614;319
615;317
616;315
617;313
618;312
619;310
619;308
620;307
620;306
621;305
621;304
621;303
621;302
621;301
621;300
621;298
621;296
621;295
621;293
621;291
621;290
621;288
621;287
621;286
621;285
621;284
621;283
621;281
621;280
621;278
621;277
621;275
621;274
621;272
621;270
620;268
620;266
619;264
618;262
618;260
617;258
616;257
616;255
615;254
614;253
614;251
613;250
612;249
611;248
611;246
610;245
609;244
609;243
608;241
607;240
607;238
606;236
605;235
605;233
604;232
604;231
604;229
603;228
603;226
603;225
602;223
602;222
602;221
602;220
602;219
602;218
602;217
602;216
602;215
602;214
602;213
602;212
602;210
602;209
602;208
602;207
602;206
602;205
602;204
602;203
602;202
602;201
602;200
602;199
602;198
603;198
603;197
604;197
604;196
605;195
605;194
606;194
607;194
607;193
608;192
609;192
609;191
611;191
612;191
612;190
614;190
614;189
615;189
616;189
616;188
617;188
618;188
618;187
619;187
620;187
621;187
622;187
623;187
624;187
626;186
627;186
628;186
629;186
630;186
631;186
632;186
633;186
634;186
635;186
636;186
637;186
638;186
639;186
640;186
641;186
642;186
643;186
644;186
645;186
646;186
647;186
648;186
649;186
650;186
651;186
652;186
653;186
654;186
655;186
656;186
657;186
657;187
657;188
657;189
657;190
658;190
659;190
659;191
659;192
659;193
659;194
659;195
659;196
659;197
659;198
659;199
659;200
659;201
659;202
659;203
659;204
659;205
659;206
659;207
659;208
659;209
659;210
659;212
659;213
659;215
659;216
659;217
659;218
659;219
659;220
659;221
659;222
659;223
659;224
659;225
659;226
659;227
659;228
659;229
659;230
659;231
659;232
659;233
659;234
659;236
659;238
659;239
659;241
659;242
659;243
659;245
659;246
659;247
659;248
659;249
659;250
659;251
659;252
659;253
659;254
659;255
659;256
659;257
659;258
659;259
659;260
659;261
659;262
659;263
659;264
659;265
658;266
658;268
658;270
657;272
657;273
657;275
657;277
657;278
657;279
657;281
657;282
657;283
657;284
657;285
657;286
657;287
657;288
657;289
657;290
657;291
657;292
657;293
657;294
657;295
657;296
657;297
657;298
657;299
657;300
657;301
657;302
657;303
657;304
657;305
657;306
657;307
657;308
657;309
657;310
657;311
657;312
657;313
657;314
657;315
657;316
657;317
657;318
657;319
657;320
657;321
657;322
657;323
657;324
657;325
657;326
657;327
657;328
657;329
657;330
657;331
657;332
657;333
657;334
657;335
657;336
657;337
657;338
657;339
657;340
657;341
657;342
657;343
657;344
657;345
657;346
657;347
657;348
657;349
657;351
657;352
657;354
657;355
657;356
657;357
657;359
657;361
657;362
657;363
657;364
657;365
657;366
657;367
657;368
657;369
657;370
657;371
657;372
657;373
657;374
657;375
657;376
657;378
657;379
657;380
657;381
657;382
657;383
656;383
655;383
654;383
653;383
652;383
651;383
650;383
649;383
647;383
646;383
644;383
642;383
641;383
640;383
639;383
638;383
637;383
636;383
635;382
634;382
633;382
632;382
631;382
630;382
628;381
626;381
625;381
623;381
622;381
621;381
619;381
618;381
617;381
615;381
614;381
613;381
612;381
611;381
610;381
609;381
608;381
607;381
607;382
606;382
605;383
604;384
603;385
603;387
602;388
602;390
601;391
601;393
600;394
600;395
600;396
599;397
599;398
599;399
599;400
599;401
599;402
599;403
599;404
599;405
599;406
599;407
599;408
599;409
599;410
599;411
599;412
599;413
599;415
599;416
599;417
600;419
601;420
602;421
603;423
604;423
605;424
606;425
607;426
608;427
610;428
611;428
613;429
614;429
615;430
617;430
618;430
619;431
620;431
622;431
623;431
624;431
626;431
628;431
630;431
631;431
633;431
635;431
637;431
638;431
640;431
642;431
644;431
646;431
648;431
650;431
652;431
654;431
656;431
657;431
659;431
661;431
662;430
663;429
664;429
665;428
666;427
667;426
667;425
668;424
669;423
669;422
670;420
670;419
671;419
671;418
671;417
671;416
671;415
671;414
671;413
671;412
671;411
671;410
671;409
671;408
671;407
671;406
671;405
671;404
671;403
671;402
671;401
670;400
669;399
668;398
667;397
666;396
664;395
663;394
662;393
660;392
659;391
657;390
656;389
654;388
652;388
651;387
649;386
648;386
646;386
644;386
643;386
641;386
639;386
637;386
635;386
633;386
631;386
629;386
628;386
626;386
624;386
623;386
622;386
620;386
619;386
618;386
617;386
616;386
616;387
615;387
615;388
615;389
614;390
614;391
613;393
613;394
612;395
612;396
612;397
612;398
612;399
612;400
612;401
612;402
612;403
612;404
612;405
612;406
613;406
614;407
615;408
616;408
617;408
618;409
619;409
621;409
623;409
624;409
625;409
627;409
628;409
629;409
631;409
632;409
633;409
635;409
636;409
637;409
638;409
639;409
640;409
641;409
642;409
643;409
644;409
645;409
646;409
647;409
648;409
649;409
650;409
650;408
650;407
650;406
650;405
650;404
650;403
650;402
650;401
649;401
649;400
648;400
648;399
647;399
646;399
646;398
645;398
645;397
644;397
643;397
642;396
641;396
640;396
639;396
638;396
637;396
636;396
635;396
634;396
633;396
