216;362
216;360
216;358
218;356
219;355
221;354
223;352
224;351
226;349
227;347
229;346
231;344
233;343
235;341
238;339
241;337
243;336
246;334
249;332
252;331
254;330
256;329
258;327
261;326
263;325
266;324
269;322
272;321
275;320
278;318
281;317
283;316
286;314
289;313
293;311
296;310
299;308
302;307
305;305
307;304
309;303
311;303
313;302
314;302
314;301
315;300
316;299
317;298
318;298
320;297
322;295
324;294
328;293
331;291
334;289
338;287
342;285
345;284
349;282
353;280
357;278
362;275
367;273
373;271
380;267
387;264
395;260
403;258
409;255
415;252
421;249
426;247
431;246
435;245
439;244
442;243
445;242
447;242
448;242
449;241
450;241
452;241
454;240
457;239
460;238
463;237
467;235
471;235
475;233
479;232
482;232
486;231
489;231
493;231
496;230
499;230
502;230
506;229
509;229
513;229
515;228
518;228
521;228
523;228
525;228
527;228
529;228
530;227
532;227
535;226
538;225
542;224
546;222
551;220
555;218
559;217
563;216
567;215
571;214
576;213
580;213
585;212
589;211
592;211
595;211
599;211
601;210
604;210
607;210
609;210
611;210
613;210
614;210
615;210
616;210
617;210
620;210
623;210
626;210
629;209
632;209
635;209
639;208
643;208
647;207
652;206
655;206
659;206
664;205
670;205
676;205
683;204
689;203
696;203
702;203
711;203
719;203
726;203
732;203
733;203
734;203
735;203
737;203
740;203
742;203
745;203
748;203
751;203
754;203
758;203
761;203
766;203
770;204
775;205
779;206
783;207
787;208
791;209
796;210
801;211
809;214
817;216
825;219
831;221
836;223
843;225
848;227
853;228
856;229
858;230
860;231
862;231
863;231
864;231
865;232
868;233
870;234
873;235
877;237
880;238
884;240
887;241
890;242
893;244
896;245
899;246
902;248
906;250
910;252
914;255
917;257
921;259
924;261
927;263
929;264
931;266
934;268
936;269
938;271
941;273
943;274
945;275
947;276
949;277
950;277
952;278
953;279
955;279
956;280
958;281
959;282
961;282
962;283
964;284
965;285
967;286
969;287
970;288
972;289
974;291
976;292
977;293
979;295
981;296
983;297
985;298
986;300
988;301
990;302
991;303
993;304
995;305
997;306
999;307
1000;307
1001;308
1003;309
1004;309
1005;310
1006;310
1008;310
1009;311
1010;312
1012;314
1014;315
1016;317
1018;319
1019;321
1021;322
1023;325
1025;327
1027;329
1029;332
1031;334
1033;337
1036;339
1038;342
1039;344
1041;345
1042;347
1044;348
1045;349
1046;351
1048;352
1050;354
1051;356
1053;359
1054;360
1055;362
1056;364
1057;365
1058;366
1058;367
1059;368
1060;370
1061;371
1062;372
1063;374
1064;375
1065;376
1066;376
1066;377
1067;378
1068;379
1070;380
1071;381
1072;382
1074;383
1075;384
1076;385
1077;386
1078;386
1079;387
1079;388
1080;388
1080;389
1081;390
1082;391
1083;392
1083;393
1084;394
1084;395
1085;395
1085;396
1086;397
1087;397
1088;398
1089;398
1090;399
1091;400
1092;401
1093;401
1093;402
1094;402
1095;403
1095;404
1096;405
1097;407
1098;408
1098;409
1099;409
1099;410
1100;411
1101;412
1101;413
1099;412
1097;412
1094;412
1091;412
1089;412
1086;412
1083;412
1079;412
1074;409
1068;407
1059;404
1050;402
1042;401
1036;399
1029;398
1022;397
1016;396
1010;395
1005;394
999;393
993;392
987;391
979;390
971;389
964;388
957;388
950;386
945;386
939;385
934;384
929;382
924;381
920;380
915;379
911;378
907;377
904;377
903;377
901;377
900;377
899;377
898;377
896;377
893;377
889;377
883;377
873;377
861;377
849;377
840;377
829;377
820;377
810;377
802;377
796;377
788;377
781;377
772;377
763;377
753;377
744;377
737;377
730;377
722;377
715;377
708;377
699;377
692;377
686;377
679;377
674;377
669;377
665;377
662;377
660;377
658;377
657;377
656;377
653;377
652;377
651;377
647;377
640;377
631;377
620;377
605;377
588;376
573;375
559;374
545;373
531;372
519;372
508;371
498;371
488;371
479;371
471;371
463;371
456;371
451;371
445;371
441;371
437;371
432;371
427;371
423;371
418;371
415;371
411;371
408;371
405;371
402;371
401;371
399;371
398;371
397;372
396;372
393;373
392;373
391;373
389;374
386;375
382;376
376;378
369;379
361;380
353;381
347;381
341;382
334;383
328;384
322;384
317;385
312;386
308;386
304;386
301;387
299;387
298;387
297;388
296;388
294;388
293;388
292;388
291;389
290;389
289;389
288;390
287;390
286;390
285;390
284;391
283;391
282;391
281;392
280;392
279;392
278;393
277;393
276;393
274;393
273;394
272;394
271;394
270;394
269;395
268;395
267;395
266;395
265;395
264;396
263;396
263;397
262;397
261;397
260;397
260;398
259;398
258;398
258;399
257;399
256;400
255;400
255;401
254;401
253;402
252;402
251;402
249;403
248;403
247;403
246;403
245;403
244;403
244;404
241;336
240;338
239;339
238;340
236;342
235;343
234;345
232;346
231;348
230;349
229;350
227;351
226;353
225;353
224;354
223;355
222;356
222;357
220;358
219;360
218;361
217;362
216;364
215;365
214;365
213;366
212;368
211;368
211;369
209;371
208;372
207;374
206;375
205;376
204;377
203;378
202;379
201;380
201;381
200;381
200;382
199;382
198;382
198;383
197;383
197;384
196;384
196;385
195;385
194;386
194;387
193;387
192;388
191;389
190;390
189;391
189;392
188;392
188;393
187;394
186;394
186;395
185;395
185;396
184;396
184;397
183;398
182;398
182;399
181;399
181;400
180;400
181;400
183;400
185;400
188;400
190;400
192;400
194;400
196;400
198;400
200;400
201;400
203;400
204;400
205;400
207;400
209;400
211;400
212;400
214;400
215;400
216;400
217;400
218;400
219;400
220;400
221;400
222;400
223;400
224;400
225;400
226;400
227;400
229;400
230;400
231;400
232;400
233;400
234;400
235;400
236;400
237;400
238;400
239;400
240;400
242;400
243;400
244;400
245;400
246;400
247;400
248;400
250;400
252;399
253;399
255;399
256;399
257;399
258;399
259;399
260;399
261;399
181;403
181;404
183;405
186;406
191;408
195;410
200;412
203;414
206;415
210;417
213;419
215;420
218;422
220;424
223;427
226;430
228;432
231;434
233;437
234;439
236;440
236;441
237;442
238;443
239;443
239;444
240;445
241;445
241;446
242;446
243;447
244;448
245;449
246;449
247;450
247;451
249;453
251;454
253;456
255;458
258;460
260;463
263;465
266;468
268;470
270;472
273;474
275;475
278;477
280;479
283;481
286;483
289;485
292;487
295;489
296;491
298;493
301;495
302;497
304;500
304;501
305;501
305;502
306;504
308;505
310;507
312;509
315;512
319;514
322;517
326;519
328;521
331;523
333;524
336;527
339;529
343;533
348;537
352;541
358;545
363;548
367;550
370;552
372;554
375;555
376;558
377;559
378;559
379;560
381;562
384;564
387;566
392;570
396;573
400;576
404;579
409;582
415;586
420;590
425;594
431;598
437;602
442;606
448;610
455;613
461;616
467;618
472;619
475;620
478;620
479;620
480;620
483;621
485;622
488;623
492;625
498;627
504;629
510;632
516;634
521;635
526;637
532;638
539;639
546;640
553;641
560;642
566;643
571;644
577;646
583;647
587;648
589;648
590;648
592;648
594;648
597;648
601;648
606;648
611;648
619;648
628;648
638;648
647;648
653;648
660;648
668;648
677;648
686;648
696;648
704;648
714;648
724;648
732;648
739;648
747;648
752;648
756;648
757;648
758;647
760;646
762;644
766;642
771;640
776;638
782;635
789;632
796;629
803;624
811;620
817;616
824;612
830;609
835;606
841;603
848;600
854;597
862;594
868;591
874;589
878;587
881;586
883;585
884;584
885;584
886;584
887;584
888;584
891;583
895;581
901;576
909;570
918;564
927;557
934;552
941;546
948;541
955;536
962;532
970;526
978;521
986;516
994;511
1002;506
1008;501
1013;497
1016;495
1018;493
1019;493
1020;492
1020;491
1020;490
1021;490
1022;489
1022;487
1024;485
1025;483
1027;481
1028;479
1030;478
1031;477
1031;476
1032;475
1033;474
1034;472
1035;471
1037;470
1039;468
1041;467
1042;465
1043;464
1045;463
1046;462
1047;461
1049;460
1050;459
1052;458
1054;457
1057;456
1058;455
1060;454
1061;454
1062;453
1063;452
1064;452
1064;451
1065;451
1066;451
1066;450
1067;450
1068;449
1068;448
1069;447
1071;446
1072;445
1073;444
1074;442
1075;441
1077;439
1078;438
1079;436
1080;435
1081;434
1082;433
1083;432
1083;431
1084;430
1084;429
1085;428
1086;427
1087;426
1087;425
1088;424
1089;423
1090;423
1090;422
1091;422
1091;421
1091;420
1092;419
1092;418
1093;417
1094;416
1095;415
1095;414
1096;413
1097;413
1097;412
1097;411
1098;411
1098;410
992;398
992;399
992;400
992;401
992;402
992;404
992;405
992;407
992;408
992;410
992;412
992;413
992;416
992;417
992;420
992;422
992;424
992;426
992;428
992;430
992;431
992;433
992;434
992;435
992;437
992;439
992;440
992;442
992;443
992;444
992;445
992;446
992;447
992;449
992;451
992;453
992;455
992;457
992;459
992;461
992;464
992;467
992;470
992;472
992;474
992;476
992;477
992;478
992;479
992;480
992;481
992;482
992;483
992;484
992;486
992;487
992;488
992;489
992;490
992;491
992;492
992;493
992;494
992;495
992;497
992;498
992;499
992;500
992;502
992;503
992;504
992;505
992;507
992;508
992;509
992;511
992;512
992;513
992;514
992;515
991;516
991;517
990;517
990;518
989;519
988;520
988;521
987;521
987;522
986;522
986;523
985;523
985;524
984;524
983;525
982;525
281;391
280;392
279;393
278;394
278;396
278;397
278;399
277;401
277;402
277;404
276;406
276;408
276;409
276;410
276;411
276;412
276;413
276;414
275;414
275;416
275;417
275;419
275;421
275;423
275;424
275;425
275;427
275;428
275;429
275;430
275;431
275;432
275;434
275;435
275;436
275;438
275;439
275;440
275;441
275;442
275;443
275;445
275;447
275;449
275;451
275;452
275;454
275;455
275;456
276;457
276;458
277;459
277;461
278;462
278;463
279;464
279;465
279;466
280;466
280;467
281;468
281;469
282;470
282;471
282;472
283;472
283;473
283;474
283;475
284;475
284;476
285;476
285;477
285;478
286;479
286;480
287;481
287;482
288;482
288;483
289;483
289;484
290;485
290;486
291;486
292;487
293;487
293;488
294;488
294;489
295;489
295;490
296;490
296;491
297;491
297;492
298;492
298;493
299;494
300;494
300;495
301;495
301;496
302;496
302;497
303;497
303;498
304;498
304;499
305;499
305;500
305;501
306;502
306;503
307;503
308;504
309;505
310;506
311;507
312;508
314;509
315;510
317;511
319;511
320;512
321;513
322;515
433;376
432;376
431;376
430;377
429;378
428;380
428;382
427;385
426;387
426;389
426;392
425;394
425;396
425;398
424;400
424;403
423;407
422;411
421;415
421;418
421;420
421;422
421;423
421;424
421;425
421;426
421;427
421;428
421;430
421;431
421;434
421;437
421;441
421;444
421;447
421;450
421;453
421;456
422;458
422;462
423;465
423;468
424;471
425;473
425;474
425;475
425;477
425;480
425;484
426;488
427;493
427;498
428;502
429;505
429;508
430;511
430;514
431;517
432;520
432;521
432;522
432;523
432;524
433;525
434;527
435;529
436;532
437;534
438;537
439;540
440;542
442;543
443;545
444;547
446;549
447;551
448;552
449;554
450;554
450;556
452;558
454;561
455;563
457;566
459;568
461;570
462;572
463;573
464;573
465;574
466;575
467;576
468;577
469;577
470;577
471;578
472;579
473;580
475;582
477;583
479;586
481;588
483;590
485;592
487;593
488;594
489;595
490;596
492;597
493;598
495;599
497;600
497;601
498;601
499;601
500;601
502;601
504;601
506;602
508;602
510;603
512;604
514;605
515;605
517;606
519;606
520;606
522;607
524;607
526;607
528;608
530;608
532;609
534;609
535;609
537;610
539;610
542;611
545;611
547;612
550;612
552;612
554;613
555;613
557;613
559;613
561;614
563;614
566;614
569;614
571;614
574;614
575;614
576;614
577;614
578;614
580;614
583;614
586;614
590;614
595;614
599;614
602;614
606;614
609;614
612;614
614;614
617;614
619;614
622;614
624;614
625;614
626;614
628;614
630;614
633;614
637;615
641;615
645;615
648;615
650;615
652;615
654;615
655;615
657;615
659;615
661;615
663;615
665;615
667;615
669;615
670;615
671;615
672;615
673;615
675;615
677;615
680;615
683;615
685;615
688;615
691;615
693;615
695;615
697;615
699;615
702;615
705;615
707;615
710;615
712;615
714;615
715;615
716;615
716;614
717;614
719;613
722;613
725;612
729;611
732;610
735;610
737;609
739;608
740;608
741;608
741;607
742;607
743;607
744;606
746;606
746;605
747;605
748;604
750;603
751;602
753;602
754;601
755;600
756;599
757;599
758;598
760;598
761;596
764;595
766;594
768;593
769;592
770;591
772;590
773;589
774;588
776;587
778;586
780;585
783;584
785;582
787;581
788;580
788;578
788;577
788;576
789;575
789;573
790;572
790;571
791;571
791;570
791;569
792;569
792;568
793;567
794;566
794;565
795;563
796;561
798;560
799;558
799;557
800;555
801;553
802;551
802;549
803;546
805;544
806;542
806;540
807;538
808;537
808;536
809;534
809;533
809;532
809;531
810;530
811;528
811;526
812;524
813;523
814;520
815;517
816;513
817;510
818;506
819;504
820;502
821;499
821;498
822;496
823;495
823;493
824;492
824;491
825;490
826;489
827;487
828;485
829;483
830;481
831;479
832;477
833;475
834;474
834;473
835;471
835;470
836;469
836;468
837;467
837;465
838;464
838;463
838;462
839;460
839;459
839;458
839;456
839;455
839;453
839;451
840;448
840;446
841;443
842;440
842;438
843;436
843;434
844;432
844;430
845;428
846;427
846;425
846;424
847;422
847;420
848;418
849;416
850;414
850;411
851;410
851;409
851;407
852;407
852;406
852;405
853;404
853;403
853;402
854;402
854;401
854;400
855;399
855;398
855;397
856;396
857;395
857;394
857;393
858;392
858;391
858;390
858;389
858;388
858;387
858;386
858;385
858;384
858;382
858;381
858;380
858;379
857;379
857;378
856;377
855;377
574;373
573;373
572;374
571;376
570;377
570;379
568;381
567;383
566;387
565;390
565;393
564;395
564;397
564;399
563;401
563;402
563;404
563;405
563;406
563;408
563;409
563;410
563;412
563;414
563;415
563;417
563;419
563;422
563;425
563;427
563;429
563;431
563;433
563;435
563;436
563;438
563;439
563;441
563;442
563;443
564;444
564;446
564;447
565;448
566;450
567;451
567;452
568;454
569;454
570;454
571;454
572;454
573;455
575;456
576;458
578;459
580;460
582;461
584;462
586;463
588;465
589;466
591;467
592;467
593;468
594;468
594;469
595;469
595;470
596;470
597;471
597;472
598;473
599;474
600;474
600;475
601;476
602;477
603;477
604;478
605;479
606;480
608;481
609;481
610;482
612;482
613;483
614;483
615;484
617;485
618;486
620;487
622;487
623;488
625;488
626;489
627;489
628;489
629;490
631;490
633;490
635;491
636;491
638;491
640;491
642;491
643;491
644;491
646;491
647;491
648;491
649;491
651;491
653;491
656;491
659;491
662;491
664;491
667;491
669;491
671;491
672;491
673;491
674;491
676;491
677;491
678;491
679;491
680;491
681;491
682;491
683;491
684;491
685;491
686;491
687;491
689;491
690;491
691;491
692;491
693;491
694;491
695;491
696;491
698;491
699;491
700;491
701;490
702;490
703;489
704;489
705;488
706;488
707;487
708;486
709;486
710;485
711;484
712;483
713;482
715;481
716;480
717;478
718;477
719;476
720;474
721;474
721;473
722;473
722;472
723;471
724;470
725;468
727;466
729;464
730;462
731;461
732;460
732;459
733;458
733;457
734;457
734;456
735;455
736;454
737;453
739;451
740;449
740;447
741;446
742;445
742;444
743;444
743;443
743;442
744;442
744;441
744;440
745;439
745;438
746;437
747;436
747;435
748;433
749;431
749;428
751;426
751;424
752;421
753;420
753;419
753;418
753;417
753;415
754;413
754;411
754;409
755;406
755;405
755;403
756;402
756;401
756;400
756;399
756;398
756;397
756;396
756;395
756;394
756;393
756;392
756;391
756;390
756;389
757;388
757;387
757;386
758;385
758;384
758;383
758;382
758;381
758;380
758;379
758;378
758;377
758;376
758;375
758;374
719;380
719;381
718;382
717;382
717;383
716;384
715;384
714;385
713;386
712;387
711;387
711;388
710;388
709;389
708;389
707;390
706;391
704;392
703;393
702;393
701;394
700;394
699;395
698;395
697;396
696;396
694;397
693;397
691;398
689;399
688;399
686;399
684;400
683;400
681;400
680;400
679;401
677;401
676;401
675;401
674;401
673;401
672;401
670;401
669;401
668;401
667;401
666;401
665;401
664;401
663;401
662;401
661;401
660;401
659;401
658;401
657;401
656;401
655;401
654;400
653;399
652;398
651;398
651;397
650;397
650;396
649;395
648;394
647;393
647;392
646;391
646;390
645;390
645;389
644;389
644;388
643;387
642;386
641;385
640;385
640;384
639;384
639;383
638;383
638;382
637;382
637;381
636;381
636;380
635;379
635;378
179;404
179;406
179;408
181;411
182;413
184;416
185;419
187;424
189;427
191;431
194;435
197;439
200;444
203;449
206;454
209;458
212;462
215;466
218;469
221;473
224;476
226;478
228;480
229;481
230;482
230;483
231;484
232;484
233;486
236;488
238;491
242;494
245;497
250;503
254;509
259;516
262;522
266;527
269;532
272;538
275;542
278;547
280;551
283;555
284;558
286;560
287;561
288;561
289;562
290;563
292;564
294;566
297;568
301;571
306;574
310;577
314;581
318;585
322;589
324;591
326;593
327;594
328;595
329;596
330;597
331;597
331;595
332;595
334;595
337;595
339;595
342;595
345;596
348;598
350;600
353;601
355;603
357;604
359;605
360;606
362;607
364;608
365;609
366;609
367;610
369;610
370;611
371;611
372;612
373;613
374;613
375;614
376;615
377;615
378;616
379;616
380;617
381;618
382;619
383;620
384;620
385;621
386;622
387;623
388;624
389;625
390;627
392;628
393;630
394;631
396;632
398;633
400;635
402;636
403;636
405;637
406;638
408;639
409;640
411;640
413;642
414;643
416;644
418;645
420;646
422;647
424;648
425;649
427;650
428;651
429;652
430;653
431;653
431;654
432;655
433;655
433;656
434;656
435;656
437;656
439;656
441;656
443;656
445;656
447;657
450;658
451;660
453;661
455;662
458;663
461;664
463;665
466;666
468;667
470;668
471;668
472;669
473;669
475;670
477;671
478;671
481;672
483;673
485;673
487;673
489;674
491;674
493;674
494;675
496;675
497;675
498;675
499;675
500;675
501;675
503;675
506;675
509;675
513;675
516;675
520;675
523;675
525;675
528;675
531;675
533;675
536;675
538;675
541;675
544;675
547;675
550;675
554;676
557;676
560;677
563;677
566;677
569;677
572;677
574;677
577;678
580;678
583;678
586;678
589;679
591;679
593;679
594;679
595;679
596;679
597;679
598;679
600;679
602;679
603;679
606;679
608;679
610;679
612;679
614;679
615;679
617;679
619;679
621;679
622;679
624;679
626;679
628;679
630;679
631;679
633;679
634;679
636;679
637;679
639;679
641;679
643;679
645;679
647;679
649;679
651;679
653;679
655;679
657;679
659;679
660;679
662;679
664;680
666;680
668;680
669;680
670;680
671;680
672;680
673;680
674;680
676;680
678;680
681;680
684;680
688;680
692;680
695;680
698;680
701;680
703;680
706;680
708;680
710;680
712;680
715;680
717;681
719;681
721;681
722;682
723;682
724;682
726;682
727;682
729;682
731;682
733;682
735;682
736;682
738;682
739;682
740;682
742;682
744;682
745;682
747;682
749;682
750;682
751;682
753;682
755;682
757;682
758;682
761;682
764;681
767;680
770;678
775;677
781;675
789;673
798;671
805;669
811;667
817;665
822;664
826;663
829;662
831;662
832;662
834;662
835;661
837;661
839;661
840;660
842;660
843;660
845;659
846;659
847;658
848;656
848;655
849;655
849;654
850;653
852;652
854;651
856;649
858;647
860;645
863;644
866;642
868;640
870;639
872;638
873;637
875;636
877;634
879;633
881;631
884;630
887;628
889;626
892;624
894;623
896;622
897;621
898;620
899;619
900;619
902;618
903;617
904;617
905;617
905;613
905;612
906;611
907;609
909;607
911;606
913;603
915;601
917;599
920;597
922;595
924;594
926;592
928;591
930;590
932;589
934;588
936;586
938;585
940;584
941;583
943;582
945;581
946;580
947;579
949;578
950;578
951;577
952;576
953;576
953;575
954;575
955;574
956;573
958;572
960;570
962;568
965;567
967;565
969;564
970;563
971;562
972;561
973;560
975;560
976;558
978;557
981;556
983;554
986;553
987;552
988;550
989;550
990;549
991;548
992;547
993;546
995;545
997;544
999;543
1001;541
1003;540
1004;539
1005;538
1006;538
1007;537
1009;536
1010;535
1012;534
1014;533
1017;531
1018;530
1019;529
1020;528
1021;527
1022;527
1022;526
1023;525
1024;524
1025;523
1026;522
1027;520
1028;519
1028;518
1029;517
1030;516
1031;515
1032;514
1033;513
1034;512
1035;510
1037;509
1038;508
1039;507
1040;506
1041;505
1042;504
1042;503
1042;502
1042;501
1042;500
1043;499
1044;497
1045;496
1047;493
1048;491
1049;489
1050;488
1051;487
1051;486
1051;485
1052;484
1052;483
1053;482
1054;481
1054;480
1055;479
1056;478
1057;477
1058;476
1058;475
1059;475
1059;474
1060;474
1061;473
1061;472
1062;471
1063;471
1063;470
1064;470
1064;469
1065;469
1066;468
1067;467
1068;466
1070;465
1071;464
1072;463
1073;462
1074;462
1074;461
1075;460
1076;460
1076;459
1077;459
1077;458
1077;457
1078;456
1079;455
1030;397
1032;397
1033;398
1035;398
1037;398
1039;398
1041;399
1043;399
1044;399
1046;400
1047;400
1048;400
1050;401
1051;401
1052;402
1054;402
1055;403
1056;403
1057;404
1058;404
1059;405
1060;405
1061;405
1062;406
1063;406
1064;406
1065;406
1066;407
1067;407
1068;408
1069;408
1070;408
1071;408
1072;408
1072;409
1073;409
1075;409
1076;410
1078;410
1080;411
1082;411
1084;411
1085;412
1086;412
1088;412
1090;412
1091;413
1093;414
1095;414
1097;415
1099;415
1100;416
1101;416
1102;416
1103;416
1105;417
1107;417
1110;417
1113;417
1118;417
1122;417
1125;417
1127;417
1129;417
1131;417
1132;417
1133;417
1134;417
1135;417
1137;417
1139;417
1143;416
1147;415
1154;413
1161;411
1167;409
1173;407
1180;404
1189;402
1198;400
1207;398
1216;396
1223;394
1228;393
1232;392
1235;391
1237;391
1238;390
1239;390
955;389
956;388
959;387
963;385
968;383
973;382
976;381
980;380
984;379
987;378
992;378
997;377
1002;376
1006;376
1009;376
1012;375
1014;375
1017;374
1019;374
1021;373
1024;373
1027;372
1030;371
1033;370
1036;369
1039;369
1041;368
1042;367
1044;367
1045;366
1046;366
1047;365
1048;364
1049;364
1050;364
1050;363
1051;363
1051;362
1052;362
1053;362
1053;361
1055;361
1057;360
1059;358
1062;357
1065;355
1068;353
1071;352
1074;351
1076;350
1078;349
1080;348
1082;347
1083;347
1084;346
1085;346
1086;345
1087;345
1088;344
1089;344
1091;343
1092;342
1094;342
1097;341
1100;340
1102;338
1104;337
1106;336
1108;335
1110;334
1112;333
1115;332
1117;331
1119;330
1122;330
1124;330
906;373
906;372
909;371
913;369
917;368
920;367
923;365
925;364
928;363
930;362
932;361
934;360
937;359
939;357
942;356
945;354
947;352
949;351
950;350
952;349
953;348
954;347
956;347
957;346
958;346
959;345
960;344
961;343
963;342
965;341
966;341
968;340
969;339
971;338
972;338
973;337
975;336
976;336
977;334
979;332
982;330
986;326
992;321
997;316
1001;313
1004;311
1007;309
1008;308
1009;307
1010;306
1011;306
1011;305
1012;305
1013;304
1014;304
1015;303
1016;303
1016;302
1016;301
1018;300
1019;298
1021;297
1022;296
1023;295
1024;295
1025;294
1026;294
1026;293
1027;293
1027;292
1027;291
1028;291
840;378
840;376
841;374
844;373
847;370
851;367
855;364
859;361
862;358
866;356
870;353
873;351
876;348
880;345
883;342
887;339
892;335
897;332
902;328
907;325
911;323
913;321
915;320
915;319
916;318
917;318
917;317
918;317
919;316
920;315
922;314
924;312
926;310
928;307
930;304
931;302
932;300
933;299
934;298
934;297
935;296
936;295
937;294
937;293
938;292
939;291
940;290
941;289
941;288
942;287
943;286
945;285
946;283
947;281
949;279
950;277
951;275
952;273
953;272
954;271
954;269
955;268
956;267
957;265
957;264
958;263
959;262
960;261
961;260
962;259
962;258
963;257
964;256
965;254
965;253
966;252
967;250
968;249
968;248
968;247
1065;477
1069;477
1076;477
1083;477
1091;477
1101;480
1108;483
1116;486
1123;489
1128;492
1133;494
1137;496
1140;498
1144;500
1148;503
1150;506
1154;508
1157;511
1161;514
1164;516
1167;519
1169;520
1170;521
1171;522
1172;522
1173;523
1174;524
1176;525
1177;526
1179;527
1180;528
1181;528
1182;529
1183;529
1184;530
1185;530
1186;531
1188;532
1189;533
1190;533
1192;534
1193;534
1194;535
1195;535
1196;536
1197;536
1198;537
1200;538
1201;539
1203;540
1204;541
1205;542
1206;543
1207;543
1207;544
1035;515
1036;514
1038;514
1040;514
1044;514
1049;513
1055;513
1061;513
1066;513
1072;513
1077;513
1081;513
1085;513
1089;513
1093;513
1096;513
1101;513
1105;513
1110;513
1114;513
1118;513
1120;514
1121;514
1122;514
1122;515
1123;515
1125;516
1127;516
1130;518
1132;518
1135;519
1137;520
1139;521
1141;522
1143;523
1145;524
1147;526
1149;527
1152;529
1155;531
1158;533
1161;535
1163;536
1165;537
1166;538
1167;539
1168;539
1169;540
1169;541
1170;542
1171;543
1172;544
1174;546
1175;547
1176;548
1177;549
1178;550
1179;551
1180;552
1181;553
1182;554
1183;555
1184;556
1186;557
1187;558
1188;559
1189;559
1190;560
1191;561
1192;561
1193;562
1194;562
1195;563
1196;563
1197;563
1198;564
1199;564
1200;565
1201;565
1202;566
1203;566
1204;567
1205;567
1206;567
981;555
981;554
984;554
989;554
995;554
1002;554
1007;554
1012;554
1016;554
1020;554
1023;554
1026;554
1029;554
1033;554
1037;554
1041;554
1045;554
1048;554
1050;555
1052;555
1054;556
1055;557
1057;557
1058;558
1060;558
1061;559
1063;560
1065;561
1068;562
1069;563
1071;564
1073;565
1075;566
1077;567
1079;568
1081;569
1083;570
1085;571
1087;573
1089;575
1091;576
1093;578
1095;580
1097;581
1098;582
1099;583
1101;583
1102;584
1104;585
1107;587
1109;588
1111;589
1112;589
1114;590
1115;591
1116;591
1117;592
1118;593
1119;593
1120;594
1121;595
1123;596
1124;597
1125;597
1126;598
1128;599
1129;600
1130;601
1131;602
1132;603
1134;604
1135;605
1136;606
1137;607
1138;607
1139;608
1140;608
1141;609
1142;610
1143;610
1144;611
1145;611
1145;612
1146;613
1147;613
1147;614
1148;614
952;581
953;581
955;580
958;580
961;579
965;579
970;578
975;578
978;577
982;577
985;577
988;576
991;576
994;576
996;576
999;576
1001;576
1002;576
1004;576
1005;576
1006;576
1007;576
1008;576
1010;576
1011;576
1012;576
1014;576
1015;576
1016;576
1017;576
1018;577
1019;577
1021;578
1022;578
1023;579
1025;579
1026;580
1028;581
1029;582
1030;582
1032;583
1033;583
1034;584
1035;584
1037;585
1038;586
1040;586
1043;587
1045;588
1047;589
1048;590
1050;590
1051;591
1052;591
1053;592
1054;592
1054;593
1055;593
1056;594
1057;594
15;743
18;743
21;743
23;743
25;743
27;743
28;743
30;743
32;743
34;743
35;743
37;743
38;743
39;743
40;743
41;743
42;743
43;743
44;743
45;743
46;743
47;743
48;743
49;743
50;743
51;743
52;743
53;743
55;743
57;743
58;743
60;743
61;743
62;743
63;743
64;743
65;743
67;743
68;743
69;743
70;743
71;743
72;743
73;743
74;743
905;618
908;617
912;615
916;614
921;612
926;611
931;610
936;609
941;609
945;609
949;609
953;609
956;609
958;609
960;609
963;609
965;609
968;609
971;609
974;609
976;609
978;609
980;609
981;609
983;609
984;609
986;610
987;610
989;611
991;611
993;612
995;613
997;614
999;614
1001;615
1003;615
1005;616
1007;617
1010;618
1013;620
1016;621
1019;622
1021;623
1023;625
1026;626
1029;627
1033;629
1037;630
1041;632
1045;633
1048;634
1051;635
1053;636
1055;636
1056;636
1058;637
1059;637
1060;637
1061;637
1062;637
1063;637
1065;637
1067;637
1069;637
1071;637
1073;637
1075;637
1077;637
1079;638
1082;639
1084;639
1085;640
1087;641
1088;641
1089;641
1089;642
1090;642
1092;643
1093;643
1094;644
1096;645
1097;645
1098;646
1099;646
1100;647
1101;647
1103;647
1104;648
1105;648
1107;649
1108;650
1109;650
1110;650
1110;651
1111;651
1112;651
