613;158
610;158
607;158
605;158
602;158
600;158
599;158
597;158
596;158
594;158
593;158
591;158
589;158
587;158
585;158
582;158
580;158
578;159
576;159
574;159
571;159
569;159
567;160
564;160
562;161
558;161
555;162
552;162
549;162
546;162
543;162
541;163
538;163
535;163
531;163
528;163
524;163
521;163
517;163
513;163
509;163
506;163
502;162
499;161
496;160
493;159
491;158
489;158
487;158
485;157
484;156
482;156
481;156
480;155
479;155
479;154
478;154
477;153
477;151
477;148
477;144
477;139
477;135
477;131
477;128
477;125
477;122
479;120
483;117
488;113
494;108
501;102
509;98
518;93
527;89
535;88
543;86
550;86
557;86
565;86
572;86
578;86
584;86
588;86
593;87
597;90
601;92
604;94
607;96
610;98
612;99
614;102
616;104
618;106
619;109
621;111
623;114
624;117
625;119
626;121
627;124
628;125
628;127
629;129
630;131
630;132
631;135
631;136
632;137
632;139
632;141
633;143
633;144
633;146
634;148
634;151
634;153
634;155
634;157
634;159
634;161
634;162
634;164
634;166
634;169
634;172
634;175
634;178
634;181
634;183
634;185
634;187
634;189
634;190
634;191
634;192
633;193
631;195
629;196
628;197
626;198
624;199
622;200
619;202
617;202
615;203
613;204
611;205
608;206
605;206
603;207
600;207
598;207
595;207
592;207
589;208
586;208
585;208
583;208
581;208
579;208
577;208
574;208
572;208
570;208
567;208
565;208
563;208
560;208
557;208
555;208
553;208
552;208
550;208
548;208
546;208
544;208
541;208
539;207
537;207
534;206
532;206
529;205
527;205
525;204
522;203
519;203
517;202
514;201
512;200
510;199
508;198
506;196
504;194
502;192
500;190
499;188
497;186
496;185
494;183
493;181
492;179
491;178
490;177
489;175
489;174
488;173
487;171
486;170
486;168
485;167
485;165
484;163
483;162
483;160
483;159
483;157
483;156
483;154
483;153
483;151
483;150
483;149
483;148
483;147
483;146
483;145
483;144
483;143
483;141
483;140
483;139
483;138
483;136
484;135
484;134
485;134
485;133
486;131
487;129
487;128
488;126
489;125
490;124
490;123
491;123
491;122
492;122
492;121
493;121
493;120
493;119
494;119
494;118
495;118
528;126
529;126
530;125
530;124
531;124
532;123
534;122
537;120
541;118
547;115
557;110
570;104
584;98
606;92
630;87
648;82
660;80
668;78
675;77
679;77
682;76
685;76
687;76
688;76
691;76
695;76
699;76
703;76
708;76
712;76
715;76
717;76
718;76
720;76
721;76
722;76
723;76
722;76
720;76
719;76
718;76
718;75
718;74
718;73
718;72
718;71
718;70
718;69
718;68
718;67
718;66
717;65
716;65
716;64
716;63
716;62
716;61
716;60
716;59
716;60
716;61
714;61
713;61
712;61
711;61
707;61
700;61
690;61
677;62
658;64
637;65
615;68
590;71
559;75
527;79
487;84
446;90
403;105
361;122
326;139
287;158
255;176
230;190
206;202
184;217
310;407
310;408
310;409
306;409
305;409
304;409
303;409
302;409
300;409
299;409
298;409
297;409
295;409
294;407
292;403
290;397
289;392
288;385
288;380
288;376
288;370
288;367
288;363
288;360
288;356
288;353
288;350
288;347
288;344
289;341
291;337
293;334
295;330
296;328
298;326
300;324
302;322
303;320
305;318
307;317
310;315
312;313
315;312
317;310
320;309
323;307
327;306
331;305
335;304
340;303
345;302
349;301
354;301
358;300
364;300
369;299
373;299
378;298
383;298
388;298
393;298
397;298
401;298
405;298
409;298
412;298
416;298
420;298
424;298
428;298
431;299
434;301
437;303
440;305
443;307
445;310
448;313
450;316
453;321
455;326
457;331
458;338
459;345
460;351
460;356
460;363
460;370
460;377
460;385
460;394
457;403
453;412
450;418
446;424
442;429
436;435
431;441
425;446
418;452
412;457
406;461
400;465
393;469
386;471
379;473
370;475
363;475
356;475
348;475
340;475
332;475
323;475
315;475
308;473
302;470
296;466
289;461
283;457
278;453
272;446
268;439
264;433
260;425
258;417
256;409
255;403
255;396
255;387
255;379
255;372
255;367
255;363
256;360
258;357
261;354
263;351
265;349
267;347
269;345
273;343
276;341
280;340
283;339
286;339
289;338
292;338
294;338
296;338
297;338
299;338
302;338
305;338
308;338
311;338
314;338
316;338
318;338
319;338
320;338
321;338
322;338
323;338
324;338
324;339
324;340
324;341
324;343
324;345
324;348
325;351
326;354
327;357
328;359
328;362
329;363
329;364
329;365
329;366
330;367
330;368
330;369
328;369
325;369
321;369
318;369
314;369
311;369
308;369
305;369
303;369
301;369
299;369
297;369
295;369
294;369
293;369
292;369
291;369
290;369
289;369
288;370
288;371
288;372
288;373
290;373
292;373
294;373
296;374
298;374
301;374
304;374
307;375
309;375
312;375
313;375
316;376
318;376
320;376
322;376
324;376
325;376
327;376
328;376
330;376
331;376
332;376
334;376
335;376
336;376
337;376
338;376
338;375
338;374
337;374
335;373
334;373
333;373
332;373
331;373
330;373
329;373
328;373
327;373
326;373
325;373
325;372
325;371
325;370
325;369
325;368
326;367
327;366
329;366
331;365
333;364
336;363
338;363
340;363
343;362
345;362
348;362
350;362
353;361
356;361
358;361
362;360
365;360
369;359
373;359
376;359
380;359
384;359
388;359
391;359
395;359
399;359
404;359
409;359
414;359
419;359
424;359
429;359
433;359
438;359
442;359
445;359
448;359
451;359
454;359
456;359
458;359
459;359
460;359
461;359
462;359
463;359
463;360
463;361
463;362
463;363
463;365
463;366
463;367
463;369
460;370
457;372
453;373
450;374
447;376
443;376
439;377
435;378
431;378
426;378
421;378
417;378
414;378
411;378
409;378
406;378
405;378
403;378
402;378
400;378
399;378
398;378
397;378
396;378
395;378
395;376
395;375
395;373
395;371
395;369
395;368
395;367
395;366
395;365
395;364
395;363
397;363
398;362
400;361
401;361
403;360
404;360
406;359
407;359
408;359
409;359
409;358
410;358
411;358
412;358
362;384
362;382
362;380
362;379
362;378
362;377
362;376
362;375
361;375
360;377
360;380
360;383
359;385
359;387
359;390
359;392
359;395
359;397
359;400
359;403
359;405
359;406
359;407
359;408
359;409
359;410
359;411
359;413
359;414
359;416
359;418
359;420
359;421
359;422
359;424
359;426
359;427
359;428
359;429
359;430
359;431
359;433
359;434
359;435
359;436
359;437
359;438
359;439
359;441
359;442
359;443
359;445
359;446
359;447
359;448
359;449
366;451
372;449
379;448
387;447
394;446
401;445
407;444
412;444
416;443
419;443
421;443
422;443
423;443
424;443
425;443
394;291
394;294
394;297
394;300
394;303
394;305
395;307
398;310
401;312
405;316
411;320
416;322
422;325
428;326
433;328
438;329
442;329
446;329
451;329
457;329
463;328
468;324
473;319
480;310
486;300
490;291
493;284
495;278
495;273
495;267
495;263
495;258
495;254
495;252
492;249
488;245
483;243
479;240
473;237
467;236
460;234
453;234
446;234
440;234
433;234
427;234
421;234
415;237
410;240
405;244
401;247
397;250
394;253
392;256
390;258
388;260
387;263
387;266
387;269
387;272
387;274
387;276
387;279
387;281
389;283
393;286
398;289
404;291
412;292
420;294
427;295
432;295
437;296
440;296
442;296
444;296
445;296
446;296
447;296
456;295
463;295
477;295
503;295
527;295
549;295
566;295
583;295
599;295
611;291
623;284
634;277
642;271
649;265
654;259
658;252
661;245
663;238
664;230
664;225
664;219
664;215
664;211
664;208
662;205
657;202
649;199
635;196
619;194
602;193
585;193
569;193
555;193
543;193
534;193
528;193
523;194
520;197
518;199
516;202
514;207
512;212
511;219
510;227
509;233
509;241
509;254
509;265
509;275
510;284
515;291
519;296
523;299
527;302
532;303
538;304
543;304
547;304
551;304
553;304
554;304
555;304
556;304
557;303
558;303
559;303
559;301
559;298
559;294
559;288
559;284
559;279
559;274
559;270
559;267
559;265
559;264
559;263
559;262
559;261
559;264
559;275
559;314
559;367
563;414
577;488
588;540
601;594
611;644
615;674
618;691
619;701
620;707
621;711
621;714
621;715
621;716
621;717
621;718
621;719
625;719
641;719
686;709
748;698
829;682
924;670
1030;665
1143;662
1246;660
1329;655
1365;652
1365;647
1365;646
1365;644
1364;644
1362;644
1361;644
1358;644
1356;644
1354;644
1351;644
1350;644
1348;644
1347;644
1346;644
1345;644
1344;644
716;636
738;605
808;499
893;386
997;261
1118;126
1220;19
1329;-24
1365;-24
574;176
576;176
577;176
579;176
580;177
581;183
582;199
582;225
582;251
582;278
582;299
582;322
579;341
573;357
567;370
560;380
552;391
540;401
526;410
511;416
497;419
484;419
471;419
460;419
449;419
440;419
433;415
427;410
422;402
418;397
415;392
413;389
412;387
411;386
411;385
411;384
411;383
411;382
411;381
411;379
413;378
416;377
420;375
423;374
426;373
428;373
429;372
431;372
433;371
435;371
438;370
440;370
444;370
448;369
454;369
463;369
478;369
499;369
523;369
548;369
571;376
590;385
607;395
621;405
633;415
642;424
650;433
657;444
663;454
666;461
668;469
669;472
669;474
670;475
670;476
670;477
669;476
668;473
665;471
664;469
662;468
660;466
658;464
655;462
651;460
647;458
641;457
636;456
628;456
620;456
611;456
603;456
596;456
588;457
580;461
574;464
567;468
560;471
555;473
552;476
550;477
548;478
547;479
545;479
543;479
541;479
538;479
536;479
534;479
531;479
529;479
526;479
523;479
518;477
511;476
503;474
495;471
488;470
482;468
476;467
470;465
465;463
458;461
452;459
446;457
441;455
436;452
432;450
428;449
426;448
424;447
422;447
420;446
419;445
417;444
416;444
415;443
414;443
413;443
413;442
412;442
411;442
410;442
409;445
408;449
406;457
404;471
402;490
401;512
401;531
401;559
401;582
401;599
401;611
401;619
401;624
401;625
401;627
401;628
401;629
401;630
401;631
400;631
399;631
397;631
394;629
391;628
387;626
382;624
375;620
366;615
354;608
341;601
328;598
312;595
299;593
286;592
275;592
266;591
257;590
249;588
244;587
240;586
238;585
237;585
236;585
235;585
234;585
233;585
232;585
231;585
231;584
231;582
230;580
229;574
228;565
227;555
227;542
226;520
226;494
226;476
226;459
225;440
224;422
222;409
220;399
218;391
216;385
215;381
214;378
213;375
213;373
212;371
212;370
211;369
211;368
211;367
212;367
215;367
224;367
237;367
258;367
295;367
354;361
448;346
570;327
695;313
825;306
939;305
1047;305
1133;305
1215;305
1273;305
1322;305
1351;309
1365;313
1365;315
1365;316
1365;317
1365;318
1365;319
1365;320
1365;321
1365;322
1365;323
1364;323
1361;324
1357;325
1351;325
1342;326
1331;327
1319;327
1304;329
1285;330
1266;332
1247;332
1228;334
1210;337
1194;339
1181;340
1172;340
1162;340
1155;340
1151;340
1147;340
1145;340
1144;340
1143;340
1142;340
1141;340
1141;343
1141;356
1144;383
1166;452
1187;512
1218;617
1240;692
1260;743
1272;743
1278;743
1281;743
1282;743
1283;743
