705;146
705;148
705;149
705;150
705;151
704;153
703;154
702;155
701;155
700;156
699;156
699;157
698;157
697;158
697;159
696;159
695;159
694;160
693;161
692;161
691;162
690;162
689;163
687;163
686;163
684;164
683;164
682;164
681;164
680;164
679;164
678;164
677;164
675;164
674;165
672;165
671;165
670;166
669;166
668;167
667;167
665;168
664;168
664;169
663;170
662;170
661;171
660;172
660;173
659;174
658;175
658;176
657;178
657;179
656;181
656;182
655;183
655;184
654;185
654;186
654;187
653;188
653;189
653;190
652;191
651;192
650;193
650;194
649;194
648;195
646;196
645;196
643;197
642;198
640;198
639;199
637;199
636;200
635;201
634;201
633;202
631;203
630;204
629;204
628;205
627;206
626;206
625;207
624;208
623;209
623;210
622;211
622;212
621;213
621;214
621;216
620;217
620;218
620;219
620;220
620;221
619;222
619;223
619;224
618;225
617;227
616;228
615;229
613;231
612;233
610;235
609;236
608;237
606;238
605;239
604;240
602;241
601;242
599;243
598;243
597;244
596;245
594;245
594;246
593;246
592;246
592;247
591;247
590;247
589;248
588;249
587;249
586;249
586;250
585;250
584;250
583;250
583;251
582;251
581;251
581;252
580;253
579;253
579;254
578;254
578;255
578;256
578;257
578;258
578;259
578;260
578;261
578;262
578;263
578;264
578;265
578;266
578;267
578;268
579;269
579;270
580;270
580;271
581;272
581;273
582;274
583;275
584;276
584;277
585;278
586;279
586;280
587;280
587;281
588;282
588;283
588;284
588;285
588;286
588;287
588;289
588;290
588;291
588;293
588;294
588;296
588;297
588;298
588;299
588;300
588;301
588;302
588;303
588;304
588;305
588;306
588;307
588;308
588;309
588;310
588;311
588;312
588;313
588;314
588;315
588;316
588;318
588;319
588;321
587;322
586;324
585;325
584;326
583;326
582;327
581;327
580;327
578;328
576;328
574;328
571;328
569;328
566;328
563;328
561;328
560;328
559;328
558;328
557;328
558;328
563;328
574;326
589;322
604;318
617;316
628;314
638;312
648;311
656;310
663;309
669;309
674;308
677;308
679;308
681;308
682;308
683;308
684;308
685;307
685;305
686;303
687;300
687;298
688;295
688;293
689;292
689;291
689;289
689;288
689;287
689;285
689;284
689;283
689;282
689;281
689;280
689;279
690;277
691;276
691;275
692;274
693;273
695;271
696;270
698;269
699;267
700;266
702;265
702;264
703;262
704;262
704;261
705;260
705;259
705;258
705;257
705;256
705;255
705;254
705;253
705;252
703;252
700;251
697;251
694;251
691;251
688;251
686;251
684;251
682;251
681;251
680;251
679;251
678;251
677;251
676;251
675;252
675;254
674;255
674;258
673;259
673;261
673;263
673;264
673;265
673;266
673;267
673;269
673;270
673;271
673;272
673;273
674;274
676;274
676;275
677;276
678;277
679;278
679;280
680;282
681;284
682;287
683;289
684;292
685;293
685;295
686;296
687;298
688;299
688;300
689;301
690;302
690;303
691;304
691;305
691;306
691;307
691;308
691;310
691;311
691;314
691;316
691;317
691;319
691;320
690;321
689;322
688;322
688;323
687;323
685;323
684;323
682;323
680;323
679;323
677;323
675;323
673;323
672;323
670;323
669;323
667;322
666;322
665;322
664;322
663;322
662;322
662;324
662;326
662;328
662;329
662;331
661;333
660;334
658;335
656;337
654;338
650;340
647;341
644;342
640;343
636;343
631;343
625;343
618;343
612;343
605;343
598;343
591;343
583;343
576;343
569;343
563;341
558;338
555;334
552;328
550;321
550;314
550;308
550;303
550;299
550;295
552;290
555;286
558;282
559;280
560;278
561;277
562;277
562;276
563;276
563;275
564;275
564;274
564;273
564;272
564;271
564;270
564;269
564;268
563;268
562;268
561;268
559;268
558;268
557;268
556;268
555;269
554;270
553;271
552;272
551;273
550;274
550;275
549;276
548;278
547;279
546;280
545;281
544;283
544;284
543;285
542;285
542;286
542;287
541;288
541;290
541;291
541;293
541;295
541;297
541;298
541;300
541;301
541;302
541;303
541;304
541;305
541;306
541;307
541;308
541;309
541;310
541;311
541;312
540;312
538;312
536;312
534;312
531;312
529;312
526;312
523;312
520;312
517;312
515;312
512;312
510;312
509;312
507;311
506;311
506;310
505;310
504;310
503;310
502;310
502;311
502;312
502;314
504;316
506;318
508;321
509;323
511;324
513;326
515;328
517;330
519;332
520;333
522;335
523;336
524;337
525;338
525;340
526;341
526;342
526;343
527;344
527;345
527;346
527;347
527;348
527;349
527;350
527;351
527;352
525;353
524;355
523;356
521;357
520;358
519;359
518;360
517;360
516;362
515;362
515;363
514;364
513;364
513;365
512;366
512;367
512;368
512;369
512;370
512;371
512;372
512;373
512;374
512;375
512;377
512;378
512;379
512;380
512;381
512;383
513;384
514;385
515;387
516;388
518;389
519;390
520;392
522;393
523;394
524;395
526;396
527;397
528;398
530;400
531;401
532;402
534;402
535;403
536;404
537;405
538;405
539;406
540;407
541;408
542;409
543;409
543;410
544;410
544;411
545;411
545;412
545;413
545;414
545;415
545;416
544;417
542;417
539;417
537;417
535;417
533;417
531;417
530;417
528;417
527;417
526;417
525;417
524;417
523;417
522;417
521;417
521;419
521;420
521;421
521;422
520;424
519;425
519;427
518;428
517;430
516;431
515;432
515;433
514;434
513;436
512;437
511;438
510;440
509;442
508;443
506;445
506;446
505;447
505;448
504;448
504;449
503;449
503;450
502;450
502;451
501;452
501;453
500;454
500;455
499;455
499;456
498;456
498;457
497;457
497;458
497;459
496;460
495;461
495;462
494;463
494;464
493;465
493;466
492;467
491;468
491;469
490;470
489;471
488;472
487;473
487;474
486;475
485;476
484;477
483;479
483;480
482;481
481;482
481;483
480;484
713;159
713;165
713;172
713;177
713;181
713;184
713;188
713;193
713;197
713;201
716;205
718;208
720;211
723;213
726;215
729;217
732;218
736;220
738;220
741;221
744;221
746;222
748;222
750;222
753;222
755;222
757;222
760;222
762;221
764;219
765;218
766;217
767;216
768;215
769;215
769;214
770;214
770;213
770;212
770;211
770;210
770;209
770;208
487;530
489;531
491;532
492;533
493;533
494;534
495;534
495;535
496;535
496;536
497;537
498;537
498;538
499;538
499;539
499;540
500;540
500;541
489;492
489;494
489;496
489;498
489;501
489;503
489;506
489;508
489;509
489;510
489;511
489;513
489;514
489;515
489;516
489;517
489;518
489;519
489;520
489;521
489;522
489;523
489;524
490;524
492;524
494;524
495;524
497;524
499;524
501;525
502;525
503;525
505;525
506;525
507;525
508;525
509;526
510;526
511;526
512;526
513;526
513;527
514;527
515;528
516;528
517;529
518;530
519;531
520;531
520;532
521;532
521;533
522;534
524;536
525;537
525;538
526;539
527;540
528;541
528;542
529;543
529;544
530;544
530;545
530;546
531;547
531;548
531;549
531;550
531;551
531;552
531;553
531;554
531;555
531;556
531;557
531;558
531;559
531;560
531;561
530;562
529;563
528;564
528;565
527;566
526;566
526;567
525;567
525;568
524;569
523;569
522;569
521;569
520;570
519;570
518;570
517;570
516;571
515;571
514;571
513;571
512;571
511;571
510;571
509;571
508;571
507;569
507;568
507;567
507;566
507;565
507;564
507;563
507;562
507;561
507;560
507;559
508;558
509;558
510;557
511;557
512;556
513;556
514;556
514;555
515;555
516;555
517;555
518;555
519;555
520;555
521;555
522;555
524;555
525;555
526;555
527;555
528;555
528;556
529;557
530;558
531;559
532;560
533;561
534;562
536;563
537;564
538;565
540;566
541;567
543;568
544;569
546;570
548;570
550;571
552;571
554;572
556;572
559;572
561;573
564;573
566;573
569;573
570;574
572;574
573;574
574;574
575;574
576;574
576;573
576;571
576;570
576;569
576;567
576;566
576;565
576;564
575;563
574;563
573;562
573;561
572;561
571;560
570;559
570;558
569;557
569;556
569;555
569;554
569;553
569;552
569;551
570;550
571;548
572;546
573;544
573;542
574;539
575;537
575;535
575;533
575;531
575;529
575;527
575;525
575;524
575;521
575;519
575;517
575;516
575;514
575;513
575;512
575;511
575;510
575;509
576;508
577;508
579;508
581;507
584;507
586;507
588;507
589;507
590;507
591;507
592;507
593;507
594;506
595;505
596;504
596;503
597;502
598;500
599;498
599;496
600;494
600;492
600;490
600;487
600;485
600;483
598;481
595;480
593;478
590;477
586;476
583;475
579;475
574;475
570;475
566;475
563;475
560;475
558;475
556;475
554;475
553;475
552;475
551;476
550;477
550;478
549;479
549;480
549;482
549;483
549;484
549;485
549;486
550;487
553;487
556;487
561;487
565;487
569;487
572;487
575;487
578;487
580;486
581;485
581;484
582;483
583;481
584;480
584;478
585;476
585;473
586;472
586;470
586;469
586;467
586;465
586;463
586;462
586;461
586;459
586;458
586;457
586;455
585;454
585;453
584;452
584;451
584;450
584;449
584;448
584;447
584;446
584;445
584;444
584;443
584;442
584;440
583;439
582;437
581;436
579;434
576;431
573;429
569;426
564;423
560;421
555;418
552;416
549;415
546;414
545;413
544;413
543;412
542;412
541;412
541;411
554;389
555;389
556;388
557;387
558;386
559;385
560;385
561;384
563;383
564;382
565;381
566;381
567;380
568;379
569;379
570;378
571;378
572;377
574;376
575;376
576;375
577;375
578;375
578;374
579;374
580;374
580;373
581;373
582;373
583;373
584;373
585;373
586;373
587;373
588;373
589;373
590;373
591;373
592;373
593;372
593;371
593;370
593;369
593;368
593;367
593;366
593;365
593;364
592;364
591;363
590;363
589;363
588;363
587;363
586;363
585;363
584;363
583;363
582;363
581;363
580;363
579;363
578;363
578;362
578;361
578;359
578;358
578;357
579;356
581;355
582;355
583;354
585;353
586;352
588;352
590;352
591;351
592;351
593;351
595;351
596;351
597;351
598;351
599;351
600;351
601;351
602;351
603;351
604;351
605;351
606;351
607;352
608;352
609;353
610;353
611;354
612;354
613;355
614;355
616;356
617;356
618;357
620;358
621;358
622;359
623;359
625;360
626;360
627;361
629;361
630;362
632;362
633;363
635;363
637;364
639;364
641;364
643;365
645;365
647;365
650;365
652;365
654;365
655;365
657;365
658;365
659;365
660;365
662;365
663;365
664;365
665;365
667;365
668;365
669;365
670;365
672;365
673;365
674;365
675;365
676;365
677;365
678;364
679;364
680;363
681;362
682;362
683;361
684;361
685;361
687;361
688;360
689;360
690;360
692;359
693;359
695;359
697;359
698;358
699;358
700;358
701;357
702;357
702;356
703;356
703;355
703;354
703;353
703;352
703;351
703;350
703;349
703;348
703;347
703;346
703;345
703;344
703;343
703;342
703;341
703;340
703;339
702;338
701;338
700;337
699;337
697;336
695;336
693;336
692;335
689;335
687;335
685;334
683;334
681;333
679;333
678;333
676;333
674;332
673;332
671;331
670;331
668;330
667;330
665;329
664;329
663;328
662;327
661;327
661;326
660;325
659;324
659;323
658;322
657;321
656;320
655;318
654;317
653;316
652;314
650;313
649;311
647;310
646;309
645;308
644;307
644;306
643;305
643;303
643;302
643;299
643;297
643;295
643;293
643;291
643;289
643;288
643;286
643;285
643;284
643;283
643;282
643;281
643;280
643;279
643;278
643;277
643;276
643;275
643;274
643;273
643;272
643;271
643;270
643;269
643;268
643;267
643;265
643;264
642;263
642;262
642;261
642;260
642;258
642;257
642;256
642;255
642;254
642;252
644;251
647;250
649;249
651;248
653;247
654;247
655;247
655;246
656;246
657;246
658;245
660;245
661;245
662;245
663;244
665;244
666;244
667;244
669;243
671;243
672;243
673;243
674;242
675;242
676;242
676;241
677;241
678;241
678;240
678;239
678;238
678;237
678;236
679;236
680;236
681;235
683;235
685;234
687;234
690;234
692;234
694;234
696;234
697;234
699;234
700;234
701;234
703;234
704;235
706;238
708;242
711;249
714;257
716;264
718;270
720;276
722;284
724;293
725;304
726;313
726;321
726;328
726;336
726;347
726;359
726;371
726;378
726;386
726;393
724;401
722;409
719;417
717;425
715;431
714;436
714;439
714;441
714;442
714;443
714;444
714;445
714;446
712;446
709;446
705;446
700;446
696;443
693;440
691;438
688;436
686;435
685;433
684;432
683;431
682;430
680;429
680;428
679;427
678;426
677;426
676;425
675;425
674;425
673;424
672;424
671;424
669;424
668;424
666;424
665;424
664;424
663;424
662;424
661;424
660;424
659;424
657;425
656;427
654;429
652;432
651;434
649;435
648;437
648;438
647;439
646;440
646;441
645;442
645;443
645;444
645;445
645;446
645;447
645;448
645;449
645;450
645;452
645;453
645;455
646;457
648;458
651;460
653;461
656;462
658;462
660;462
662;463
663;463
665;463
666;463
667;464
668;465
670;466
671;467
672;468
673;470
674;472
675;473
676;475
677;477
678;480
678;483
678;486
678;490
678;493
678;496
678;499
678;501
678;502
678;504
677;505
675;506
674;507
672;508
670;508
669;509
668;509
667;509
666;509
664;509
663;509
661;509
660;509
658;509
657;508
655;507
654;506
652;505
651;504
649;504
647;504
645;504
643;504
641;504
639;504
637;504
636;504
634;504
633;505
631;506
630;507
629;508
629;509
628;510
627;512
627;515
627;517
627;520
627;523
627;525
627;527
627;529
627;531
627;532
629;534
631;535
634;537
637;538
641;540
646;541
652;543
658;544
663;544
668;545
673;545
678;545
682;545
686;545
689;545
693;545
695;545
699;545
701;545
704;545
706;544
708;542
710;540
711;538
713;536
714;534
715;532
715;531
716;529
716;528
716;526
716;525
716;524
716;523
716;522
716;521
716;520
716;519
716;518
716;517
716;516
716;515
716;514
716;512
716;510
716;508
716;507
717;507
717;506
718;505
718;504
719;504
719;503
719;501
719;500
719;498
719;497
719;496
719;495
719;494
719;493
718;493
717;492
717;491
717;490
717;489
717;488
719;488
722;487
725;487
728;487
731;487
733;487
736;487
738;487
740;487
741;489
744;492
746;497
747;501
749;506
749;509
750;512
750;516
750;521
750;528
750;534
750;540
750;544
750;547
750;549
749;551
747;553
745;554
743;556
741;558
738;560
733;562
728;564
724;566
719;568
715;570
710;571
706;573
702;574
697;574
692;574
687;574
682;574
677;574
673;574
669;574
665;574
662;573
659;572
656;571
654;570
651;569
650;568
648;567
647;567
646;566
645;566
645;565
644;565
644;564
643;564
642;564
641;564
639;564
637;564
635;564
632;564
630;564
627;564
626;564
624;565
622;566
621;568
620;569
618;571
617;573
616;574
616;576
615;578
615;580
614;581
614;582
614;584
614;585
614;586
614;587
614;588
616;589
618;591
622;592
624;593
627;594
628;595
629;596
630;596
631;596
631;597
632;597
632;598
632;599
632;600
632;601
632;602
631;603
629;603
628;603
626;603
624;603
622;603
620;603
619;603
617;603
615;603
613;603
611;603
609;603
607;603
606;603
604;603
603;603
602;603
601;603
600;603
598;603
597;602
595;602
594;602
592;601
590;601
588;601
587;601
585;601
584;601
583;601
582;601
581;601
580;601
579;601
578;601
577;601
576;601
575;601
574;601
573;601
572;601
571;601
519;608
519;607
519;605
519;603
519;602
519;601
519;600
519;599
519;598
519;597
520;597
520;596
521;595
521;594
522;594
522;593
523;593
523;592
524;592
524;591
572;598
572;597
572;596
572;594
572;593
572;591
571;590
570;589
569;589
568;588
567;588
566;587
565;587
564;587
563;586
562;586
561;586
560;586
559;586
557;586
556;586
555;586
554;586
553;586
552;586
551;586
550;586
548;586
547;586
546;586
545;586
544;586
543;586
542;586
541;586
540;586
539;586
538;586
537;586
536;586
535;586
534;586
533;586
532;586
531;586
530;586
529;586
528;586
527;586
526;586
525;586
524;586
523;586
522;586
521;586
520;586
519;586
518;586
517;586
516;586
515;586
515;587
515;588
515;589
515;590
515;591
515;592
515;593
515;594
515;595
515;596
515;597
515;598
515;599
541;598
542;598
543;598
544;598
545;598
546;598
547;598
548;598
549;598
550;598
551;598
552;598
552;597
552;596
552;595
552;594
552;593
552;592
552;591
552;590
552;589
552;588
552;587
552;586
551;586
550;586
549;586
548;586
547;586
546;586
545;586
544;586
543;586
542;586
541;586
540;586
539;586
538;586
537;586
536;586
535;586
534;586
533;586
533;587
533;588
532;588
532;589
531;589
531;590
531;591
531;592
531;593
531;594
531;595
531;596
532;596
533;596
534;596
535;596
536;596
518;620
518;621
519;622
520;623
521;625
523;626
524;628
525;630
527;631
528;633
529;634
530;635
531;637
532;638
533;639
534;640
535;641
536;642
538;643
539;644
540;644
542;645
543;645
545;646
547;646
548;646
550;647
551;647
553;647
555;648
556;648
557;648
559;648
560;648
561;648
563;648
564;648
566;648
567;648
569;648
570;648
572;648
574;648
575;648
577;648
578;648
579;648
581;648
582;648
583;648
584;648
585;648
587;648
588;648
589;648
591;648
592;648
593;648
595;648
596;648
598;648
599;648
600;648
602;648
603;648
604;648
605;648
606;648
607;648
608;648
609;648
610;648
611;648
612;648
613;648
614;648
615;647
616;646
617;645
617;644
618;642
619;641
620;640
621;638
621;637
622;635
623;634
624;633
624;632
625;631
625;630
626;629
627;628
628;627
628;626
629;626
629;625
630;624
630;623
631;623
631;622
632;622
632;621
633;620
634;619
635;619
635;618
593;609
594;609
595;609
596;609
597;609
598;611
599;613
600;615
601;617
602;619
603;621
603;623
604;624
604;626
604;627
604;628
604;630
604;631
604;632
604;633
604;634
604;635
604;636
604;637
603;638
600;638
598;639
596;639
594;639
592;639
590;639
589;639
588;639
587;639
585;639
584;639
583;639
581;639
580;639
579;639
577;639
576;639
575;639
573;639
572;639
570;639
569;639
568;639
567;639
566;639
565;639
564;639
563;639
562;639
561;639
560;638
559;637
558;636
557;635
556;634
556;633
555;632
555;631
555;630
554;628
554;627
554;625
554;624
554;623
554;622
554;620
554;619
554;618
554;617
554;616
554;615
554;614
554;613
554;612
554;611
554;610
554;609
699;380
697;380
695;379
693;379
691;379
690;379
688;378
687;378
686;378
685;377
684;377
682;377
681;377
680;377
679;377
678;377
677;377
676;377
675;377
674;377
673;377
672;377
671;377
670;377
669;377
669;378
668;379
667;380
666;381
666;382
665;382
665;383
664;383
663;383
662;383
660;383
659;383
657;383
656;383
655;383
654;383
653;383
652;383
651;383
650;383
649;383
648;383
647;383
646;383
645;383
644;384
643;385
643;386
642;387
642;388
641;388
641;389
641;390
641;391
641;392
641;393
641;394
641;395
641;396
641;397
641;398
641;399
641;400
641;401
641;402
642;403
643;404
644;404
644;405
645;405
646;406
647;406
648;407
649;407
650;408
651;408
652;409
654;409
655;409
656;410
657;410
658;410
659;410
660;411
661;411
663;411
664;412
665;412
666;412
667;412
668;413
669;413
670;413
671;413
673;414
674;414
675;414
676;415
677;416
678;416
679;417
680;417
681;418
682;418
682;419
683;419
684;419
684;420
685;420
686;420
687;420
688;420
689;420
690;420
691;420
693;420
694;420
695;420
696;420
697;420
698;420
699;420
700;419
701;418
701;417
702;416
702;415
703;415
703;414
704;413
704;412
705;412
706;411
707;410
707;409
708;409
708;408
709;407
710;406
711;405
711;404
711;403
711;402
711;401
711;400
711;399
711;398
711;397
711;396
711;395
711;394
709;392
707;390
704;389
702;388
700;387
699;386
698;385
697;385
697;384
697;383
697;382
697;381
697;380
576;170
575;170
573;170
571;170
569;170
566;170
564;170
561;170
560;170
559;170
557;170
556;171
555;171
553;171
552;172
551;173
549;173
548;173
547;174
546;174
545;175
544;176
543;176
542;177
541;178
540;178
540;179
539;180
538;180
538;181
537;182
537;183
537;184
536;184
536;185
536;186
535;188
535;189
534;190
534;192
534;193
533;195
533;196
533;197
533;198
532;199
532;200
532;201
531;202
531;203
531;204
530;205
530;206
530;207
530;208
530;209
530;210
530;211
530;212
530;213
530;214
531;215
533;216
536;217
538;217
540;218
542;218
543;218
545;218
546;218
547;218
549;218
550;218
552;218
553;218
555;218
556;218
557;218
558;218
559;218
560;217
561;217
562;217
563;216
564;216
565;216
566;215
567;215
568;215
570;215
571;214
572;214
573;214
574;214
575;214
576;214
577;214
578;214
579;214
581;214
582;214
583;214
584;214
585;214
586;213
588;213
589;213
590;213
592;212
593;212
594;212
595;212
596;212
597;212
597;211
597;210
597;208
597;207
597;205
597;204
597;203
597;202
597;201
597;200
597;199
598;198
598;197
598;196
598;195
598;194
598;193
598;192
598;191
598;190
598;189
598;188
598;187
598;186
598;185
598;184
596;183
594;183
593;183
591;182
590;182
589;182
588;182
587;182
586;182
585;182
584;182
583;182
582;182
581;182
580;182
579;182
579;181
578;181
566;198
564;198
563;198
562;198
561;198
560;198
559;198
559;199
559;200
559;201
559;202
559;203
559;204
559;205
559;206
559;207
559;208
559;209
559;210
559;211
560;212
561;212
562;212
563;212
564;212
565;212
566;212
567;212
568;212
569;212
570;212
571;212
572;212
573;212
574;212
574;211
575;211
576;211
577;211
578;211
579;211
580;211
581;211
582;211
583;211
583;210
583;209
584;208
584;207
584;206
584;205
584;204
584;203
584;202
584;201
584;200
584;199
584;198
584;197
584;196
584;195
584;194
584;193
584;192
583;192
582;192
581;192
580;192
579;192
578;192
577;192
576;192
575;192
574;192
573;192
572;192
571;192
