720;406
722;406
724;406
727;406
731;406
734;406
736;406
738;406
741;406
743;406
746;406
749;406
751;406
753;405
756;404
758;403
760;403
762;402
764;402
766;401
767;401
769;400
771;399
774;399
777;398
781;396
785;395
790;393
795;391
799;389
802;388
805;386
807;385
810;383
813;382
815;381
816;380
818;380
819;379
820;379
821;378
823;377
824;376
826;375
827;373
829;372
831;371
832;369
834;367
835;365
836;364
837;363
838;361
839;360
840;358
841;357
842;355
843;354
845;353
846;351
847;350
848;348
849;347
850;345
852;343
853;341
855;339
857;337
858;335
860;332
862;330
863;328
865;327
866;325
867;323
868;321
869;319
870;316
871;314
872;311
873;309
874;306
875;304
876;301
877;299
878;296
880;293
881;291
882;287
884;283
885;281
887;278
889;274
890;272
893;269
895;266
897;264
900;260
902;258
905;255
909;251
912;251
913;250
915;249
917;248
921;246
925;243
930;241
936;238
941;236
946;234
951;232
955;230
959;229
964;227
969;225
973;223
979;222
984;220
989;219
994;217
998;216
1003;215
1009;214
1013;213
1017;213
1021;212
1025;211
1029;210
1033;210
1037;209
1041;209
1045;209
1050;209
1054;209
1058;208
1063;208
1067;208
1070;208
1074;208
1078;207
1082;206
1086;205
1091;203
1096;202
1102;199
1107;196
1112;193
1118;190
1123;187
1129;184
1135;180
1141;177
1147;173
1152;169
1156;166
1160;163
1163;160
1166;157
1168;155
1170;154
1172;153
1173;152
1175;151
1176;149
1177;149
1177;148
1178;147
1179;147
1179;146
1180;145
1180;144
1181;144
1181;143
1181;142
1183;142
1184;142
1187;142
1188;142
1190;142
1191;142
1192;142
1193;142
1194;142
1195;142
1196;142
1197;142
1198;142
1199;142
1200;142
1202;143
1204;144
1206;146
1208;148
1210;149
1212;151
1214;154
1216;156
1218;158
1220;161
1223;164
1225;168
1227;172
1228;176
1229;179
1230;181
1231;183
1231;185
1231;186
1231;187
1232;188
1232;189
1232;190
1232;191
1232;192
1232;193
1232;195
1232;198
1232;201
1232;204
1232;206
1232;208
1232;210
1232;211
1232;212
1232;213
1232;214
1232;215
1232;216
1232;217
1232;218
1232;219
1232;221
1232;222
1232;223
1232;224
1232;225
1232;226
1232;227
1232;228
1232;229
1232;230
1232;231
1232;232
1232;233
1232;234
1232;235
1232;236
1232;237
1232;238
1231;240
1230;241
1229;242
1229;243
1228;244
1228;245
1227;245
1227;246
1226;247
1225;248
1224;250
1223;252
1222;254
1221;257
1220;260
1219;263
1218;265
1217;267
1217;269
1216;270
1216;272
1216;273
1215;274
1215;275
1215;276
1215;277
1215;278
1215;279
1214;280
1214;281
1214;282
1214;284
1213;285
1213;286
1213;287
1213;288
1213;289
1213;290
1213;291
1213;292
1213;293
1213;295
1212;297
1212;300
1211;303
1211;307
1210;309
1210;312
1209;314
1209;316
1208;318
1208;320
1208;321
1207;324
1207;325
1207;327
1206;329
1206;330
1206;331
1206;332
1206;333
1206;334
1206;335
1206;336
1206;338
1206;341
1206;343
1206;346
1206;349
1206;353
1206;355
1206;357
1206;359
1206;360
1206;361
1207;362
1207;364
1207;365
1207;366
1207;368
1207;371
1207;375
1208;381
1210;390
1213;403
1216;415
1219;426
1222;436
1223;443
1224;448
1225;451
1226;453
1226;454
1226;455
1226;456
1227;456
1227;457
1227;458
1227;459
1227;461
1227;462
1227;464
1227;466
1227;468
1227;470
1227;471
1227;473
1227;474
1227;476
1227;477
1227;478
1227;480
1227;481
1227;482
1227;483
1227;484
1227;485
1227;486
1227;487
1227;488
1227;489
1227;491
1227;493
1226;496
1226;498
1226;500
1225;502
1225;504
1225;505
1224;506
1224;507
1224;508
1223;509
1223;511
1222;513
1221;515
1220;517
1219;520
1219;522
1219;523
1218;524
1218;525
1217;526
1217;527
1217;528
1216;530
1216;533
1215;535
1215;537
1214;538
1214;540
1213;541
1213;542
1213;543
1212;544
1212;546
1211;548
1210;550
1209;552
1208;555
1207;558
1206;560
1206;562
1205;563
1205;565
1205;566
1204;567
1204;568
1203;569
1203;570
1202;571
1201;573
1200;575
1198;577
1197;579
1195;581
1194;583
1192;585
1190;588
1189;590
1187;592
1186;593
1185;594
1185;595
1184;596
1183;597
1182;598
1181;598
1180;599
1179;599
1178;600
1175;600
1171;601
1168;602
1166;603
1165;603
1164;603
1163;604
1161;604
1160;605
1159;605
1158;606
1157;606
1157;607
1156;607
1154;608
1152;609
1151;609
1150;610
1149;610
1148;610
1146;611
1144;612
1142;612
1141;613
1140;613
1139;613
1138;613
1137;613
1136;613
1135;613
1134;613
1133;613
1132;613
1131;612
1130;611
1130;610
1127;605
1123;599
1118;592
1115;588
1114;585
1112;584
1112;583
1111;582
1110;581
1110;580
1109;580
1109;579
1108;579
1108;578
1108;577
1106;576
1104;572
1100;567
1097;560
1094;557
1092;554
1091;552
1090;551
1089;550
1088;549
1088;548
1087;547
1086;546
1085;544
1083;542
1080;539
1077;534
1073;530
1071;527
1068;525
1066;523
1065;521
1063;519
1061;518
1060;516
1058;514
1056;512
1053;509
1051;505
1049;502
1047;499
1046;496
1044;494
1043;492
1042;489
1041;488
1040;486
1039;484
1038;482
1037;481
1036;479
1034;477
1033;475
1031;472
1029;469
1027;467
1025;464
1023;461
1021;459
1019;456
1016;454
1013;451
1010;448
1006;445
1003;441
999;437
996;433
993;430
990;426
987;423
984;420
980;417
977;414
973;411
968;408
965;405
961;401
956;397
952;393
949;389
945;384
942;381
939;378
937;376
935;374
933;372
931;371
930;369
928;369
928;368
928;367
928;366
928;365
927;364
927;363
926;362
926;361
925;360
925;359
924;358
924;356
923;355
923;354
923;353
922;352
922;351
922;350
921;349
920;348
919;346
918;344
917;342
916;340
915;339
914;338
914;337
913;335
912;334
910;332
909;331
908;329
906;327
904;326
902;324
900;323
898;322
897;321
895;320
893;319
891;318
889;317
887;316
885;315
884;313
882;312
880;311
879;310
878;310
876;309
874;308
873;308
871;307
869;306
868;306
867;305
865;305
864;304
862;304
861;303
859;303
857;302
856;302
854;301
852;301
849;301
846;300
843;300
840;300
837;300
833;300
831;300
828;300
826;300
823;300
819;300
815;299
811;299
807;298
802;298
798;297
794;297
791;296
787;295
783;295
779;294
775;293
771;292
767;291
762;290
759;289
756;288
752;287
749;285
745;284
741;283
736;281
731;280
726;278
721;277
716;275
711;273
706;272
702;270
697;269
693;267
689;266
685;264
681;262
678;260
673;257
669;254
663;251
658;248
653;245
646;242
640;239
634;237
628;234
619;230
612;228
603;226
595;224
587;224
579;223
572;223
567;222
566;222
565;222
564;222
562;221
559;220
556;218
553;216
551;215
549;213
547;212
545;211
544;210
542;209
541;209
539;208
538;207
537;206
535;205
533;204
532;204
530;202
528;202
526;201
525;200
523;199
521;197
519;196
517;194
515;193
514;191
512;190
511;189
509;187
507;186
506;184
503;182
500;181
498;179
495;177
493;176
490;174
488;173
486;171
485;170
483;169
482;168
480;167
478;166
476;165
475;163
473;162
470;160
468;159
465;157
463;155
460;154
457;152
454;151
451;150
448;148
446;148
444;147
441;146
439;145
436;145
434;144
431;143
428;142
425;141
423;140
421;140
419;140
418;139
417;139
415;139
414;139
413;139
412;139
410;139
409;139
408;139
407;139
406;139
405;139
404;139
403;139
402;139
401;139
399;139
397;139
396;139
394;139
393;139
391;139
389;141
386;143
383;148
376;155
371;161
365;168
360;174
354;180
349;186
344;192
339;199
334;206
330;212
327;218
324;223
321;227
318;230
316;232
313;236
311;238
309;241
306;243
304;245
303;247
301;247
301;248
300;248
299;249
298;249
296;249
294;249
292;249
289;249
288;249
286;249
285;249
284;249
282;249
281;249
280;249
279;249
278;247
277;244
277;241
276;238
276;235
276;233
276;231
276;229
276;227
275;225
275;223
275;220
274;219
273;219
273;218
272;217
271;216
270;214
269;212
268;211
267;211
266;210
266;209
265;208
264;206
263;205
261;203
260;201
259;200
257;199
256;197
255;197
255;196
254;195
253;194
252;193
250;192
249;192
247;191
245;191
244;190
242;190
240;189
239;189
238;189
237;189
236;189
235;189
234;189
233;189
232;190
231;192
230;194
229;196
228;198
228;200
228;201
227;202
227;203
227;204
226;206
226;207
225;209
225;210
225;212
224;214
224;217
224;219
223;222
223;225
222;227
222;228
222;229
222;230
222;231
222;232
222;233
222;234
222;235
222;236
222;238
222;240
222;244
222;248
222;253
222;258
222;261
222;263
222;265
222;267
222;269
222;270
222;271
222;272
222;273
222;274
222;275
222;276
222;277
222;278
222;279
222;281
222;283
222;284
221;285
221;287
221;290
220;291
220;292
220;293
220;294
220;295
220;296
220;297
219;298
218;299
217;300
216;301
215;301
215;302
214;302
213;303
212;304
210;305
208;307
207;308
206;309
205;309
205;310
204;310
204;311
203;311
202;311
202;312
201;312
200;312
199;313
198;313
197;313
197;314
196;314
195;314
194;315
193;317
191;318
190;320
190;321
189;321
189;322
188;323
188;324
187;324
187;325
186;327
186;328
186;329
185;330
185;331
185;333
185;334
184;335
184;336
184;337
184;338
184;339
184;340
184;342
184;344
184;346
184;348
184;350
184;353
184;354
185;356
186;357
187;359
188;360
189;361
190;362
191;364
193;366
195;367
197;369
199;371
201;372
202;374
204;375
205;376
206;376
207;377
208;378
209;378
210;379
212;380
213;380
214;381
216;382
217;382
219;383
220;383
222;384
224;384
225;385
227;385
228;386
230;387
231;387
233;388
235;389
237;391
239;392
241;393
242;394
244;395
245;396
246;397
247;398
248;398
248;399
249;399
249;400
250;400
250;401
250;402
251;402
251;403
251;404
251;405
251;406
251;407
251;408
251;409
251;411
251;413
251;415
251;418
251;421
251;423
251;425
251;427
251;428
251;429
251;430
251;431
251;432
251;434
251;437
250;439
249;441
249;442
248;442
247;443
247;444
247;445
246;445
244;447
242;449
240;451
238;453
236;456
234;458
232;460
231;462
231;463
230;463
229;464
229;465
227;468
225;470
225;471
223;473
222;476
220;479
220;480
219;482
218;482
218;483
217;484
217;485
217;486
217;487
216;489
216;492
216;494
216;498
216;501
216;504
216;506
216;508
216;509
217;510
220;511
220;512
220;513
221;514
221;515
222;515
223;516
224;517
225;518
226;519
227;519
228;520
228;521
229;521
230;522
232;523
233;524
235;525
237;525
239;526
240;527
242;527
243;528
244;528
246;528
247;529
248;529
249;529
250;530
251;530
252;530
253;531
254;531
255;531
256;532
257;532
258;533
259;534
260;534
262;535
263;537
264;538
266;540
267;541
268;543
269;544
269;545
270;546
270;547
271;549
271;550
272;551
272;552
272;553
273;554
273;555
273;556
273;557
273;558
273;559
273;560
273;561
273;562
273;563
273;564
273;565
273;566
274;567
274;568
274;569
274;570
274;571
274;572
275;574
275;575
276;577
276;579
277;581
277;582
278;584
278;585
279;586
280;587
280;589
281;590
283;591
284;593
285;594
286;596
288;597
289;599
291;600
293;601
295;603
297;604
299;605
301;607
302;608
304;609
306;610
307;611
309;612
311;613
312;613
313;614
314;614
315;614
317;614
318;614
319;614
320;614
321;614
322;614
323;614
324;614
325;614
326;614
327;614
328;614
329;614
330;614
331;614
333;613
335;612
336;612
338;611
339;610
341;609
342;608
343;608
344;607
346;606
347;605
348;605
349;604
350;604
351;603
352;603
353;602
355;601
356;601
358;600
359;599
360;598
362;597
363;596
364;595
365;594
367;593
368;591
370;590
372;588
374;586
375;584
378;582
380;580
383;578
385;576
388;575
390;574
392;572
394;571
396;570
399;569
401;569
402;568
404;567
406;567
407;567
408;567
409;567
410;567
411;567
412;567
413;567
414;567
415;567
416;567
417;567
418;567
419;567
420;567
421;567
422;567
423;567
424;568
425;569
426;571
427;573
428;575
429;576
430;578
431;579
432;580
432;581
433;581
433;582
434;583
435;584
437;585
439;587
441;588
443;590
444;591
446;592
447;592
448;593
450;594
451;595
453;596
454;597
456;598
458;598
459;599
460;600
461;600
463;605
464;605
465;606
466;606
467;606
468;607
470;607
472;607
475;608
478;608
482;609
485;609
488;609
491;609
494;609
497;609
500;609
503;609
506;609
509;609
511;609
514;609
516;609
518;609
521;609
523;609
526;609
529;609
532;609
536;609
540;609
543;609
547;609
550;608
554;607
558;605
561;603
565;601
567;599
570;598
572;596
573;595
575;594
576;593
577;592
578;591
580;589
582;587
584;585
586;583
588;581
590;579
592;578
593;576
595;574
596;573
597;571
598;569
599;568
600;566
601;565
602;563
603;561
604;557
605;555
606;553
606;550
607;549
607;547
607;546
607;544
607;543
607;542
607;541
607;540
607;539
607;538
607;536
607;535
607;534
607;532
607;531
607;529
607;528
607;527
607;526
607;525
607;524
607;523
607;521
607;519
607;517
607;515
607;513
607;511
607;508
607;506
607;504
607;501
607;499
607;497
607;495
607;493
607;490
607;488
607;485
607;483
606;481
606;479
605;478
604;476
603;475
603;473
602;471
600;470
599;468
598;466
596;464
595;463
593;461
591;459
589;457
586;455
583;452
581;450
578;448
575;446
572;444
569;442
566;441
564;439
561;437
559;435
556;432
552;429
548;427
544;424
539;421
533;418
528;417
524;415
519;413
514;412
509;410
504;409
499;408
494;407
488;406
483;405
478;405
474;404
470;404
466;404
463;404
461;404
458;404
456;404
454;404
452;404
450;404
448;404
447;404
446;404
445;404
444;404
442;404
441;404
440;405
439;406
437;407
435;409
434;411
432;413
431;414
430;416
428;417
427;418
426;420
425;421
424;422
423;423
422;425
421;426
420;427
418;429
417;431
416;432
415;434
414;436
413;438
412;440
412;442
411;444
411;446
411;447
410;449
410;450
410;452
410;453
410;454
410;456
410;457
409;459
409;461
409;463
409;465
409;467
409;470
409;472
409;475
409;477
409;479
409;481
409;483
409;485
409;488
409;490
409;493
409;495
409;498
409;500
410;501
410;503
411;505
412;507
413;509
413;511
414;512
415;514
416;516
417;517
417;519
418;520
419;521
420;523
421;524
422;526
424;528
425;530
427;533
428;535
429;537
430;538
431;540
432;541
434;542
434;543
435;544
436;545
437;546
438;547
439;548
441;549
442;550
444;552
446;553
449;555
451;556
453;558
455;560
457;562
460;564
462;566
464;568
467;570
470;572
473;574
477;576
480;578
484;580
488;581
491;583
495;584
498;585
501;587
504;588
507;589
510;590
513;590
516;591
519;591
522;592
525;593
527;593
530;594
533;594
536;594
539;595
543;596
547;596
550;596
553;596
556;596
559;596
562;596
565;596
568;596
571;596
574;596
577;596
580;596
583;596
585;596
588;596
590;596
593;596
597;596
600;596
604;596
608;596
613;596
616;596
620;596
624;595
629;594
634;592
638;591
644;589
649;587
653;585
658;583
661;580
665;578
668;575
671;573
674;571
676;569
677;567
679;566
680;565
681;564
682;563
683;561
684;560
684;559
684;558
685;557
685;556
686;555
686;553
686;552
686;549
686;546
686;544
686;542
686;540
686;537
686;535
686;533
686;532
686;530
686;528
686;526
686;524
686;522
686;520
686;518
686;516
686;514
685;513
684;511
684;509
683;508
683;506
682;504
681;503
681;501
680;500
680;499
680;498
679;497
679;496
678;495
678;494
677;492
676;490
675;488
674;487
673;486
672;484
671;482
670;481
668;480
667;479
666;477
665;476
664;475
662;474
660;472
659;471
657;470
655;469
654;468
652;468
651;467
649;466
648;466
646;465
644;465
642;464
640;464
637;463
635;463
632;462
629;462
627;462
626;462
624;462
623;462
622;462
621;462
620;462
619;462
617;465
617;468
616;471
616;474
615;476
615;478
615;479
615;480
615;482
615;483
615;484
615;485
615;486
615;488
615;489
615;491
615;493
615;497
615;500
615;503
615;506
615;509
615;511
615;513
615;516
615;518
615;520
615;522
615;524
615;527
615;530
615;531
615;533
615;535
615;536
615;538
615;540
615;541
615;543
616;544
617;546
618;547
619;549
620;550
621;551
622;553
623;554
625;555
626;557
628;559
630;561
632;562
634;564
636;566
638;567
640;569
642;570
645;572
647;573
649;573
650;574
652;575
653;575
654;576
656;576
657;577
659;577
662;578
664;579
667;580
669;580
672;581
676;581
680;582
685;582
690;582
694;582
699;582
703;582
708;582
713;582
716;582
719;582
722;582
724;582
727;582
731;582
735;581
739;578
743;574
747;571
750;567
754;563
757;560
759;557
761;553
763;550
764;545
765;541
767;537
767;533
768;529
768;525
769;522
769;518
769;515
769;512
769;509
769;506
769;504
769;502
769;499
769;497
769;496
769;493
769;492
769;489
769;488
769;486
769;485
769;483
769;482
769;481
769;479
768;478
767;477
766;476
765;475
764;473
763;472
762;471
760;468
759;466
757;464
756;463
754;461
753;459
751;458
748;455
746;453
744;451
741;448
739;446
737;444
736;442
734;441
732;439
731;436
729;435
728;433
727;432
725;429
724;428
723;427
723;426
722;425
721;425
720;424
719;423
718;422
717;422
716;421
715;421
714;420
713;419
712;419
710;418
708;417
707;416
705;415
704;415
702;414
701;413
700;412
699;412
698;412
698;411
696;411
695;411
694;410
693;410
692;409
691;409
690;409
690;408
689;408
687;408
684;407
682;406
679;405
676;404
674;403
671;402
669;401
667;400
664;400
661;399
658;398
654;396
651;395
647;394
644;393
640;392
637;390
633;390
630;389
627;387
624;386
620;385
617;383
614;382
610;380
607;378
604;377
601;375
599;373
597;371
595;370
593;368
591;366
589;364
586;362
584;360
582;358
580;355
578;354
576;352
574;350
573;348
572;346
570;344
570;342
569;341
568;339
568;338
568;337
567;336
567;335
567;334
567;333
567;332
567;331
567;330
567;329
567;328
567;327
567;325
567;324
567;323
567;322
567;321
567;320
568;319
569;318
570;317
571;316
572;314
574;313
576;312
579;311
582;310
585;309
588;309
591;308
594;308
597;308
599;308
601;308
603;308
604;308
605;308
606;308
607;308
609;308
611;308
613;308
615;308
617;308
619;308
620;308
622;308
623;308
624;308
625;308
626;308
627;308
628;308
630;308
631;308
633;308
635;308
636;309
638;309
639;309
641;310
642;310
643;311
644;311
645;312
646;312
647;313
649;314
651;315
653;317
655;318
656;318
657;319
658;320
659;320
660;321
661;321
661;322
662;323
663;325
664;326
665;327
666;328
667;329
668;329
668;330
669;331
670;332
670;333
671;334
671;335
672;336
672;337
673;337
673;338
673;339
674;339
674;340
675;340
675;341
675;342
676;343
676;344
677;346
678;348
680;351
681;355
682;357
683;359
684;361
684;362
685;363
686;363
686;364
686;365
687;365
687;366
688;366
688;367
689;368
689;369
690;370
690;371
691;372
692;373
692;374
693;374
693;375
694;376
695;377
696;378
697;380
698;381
699;382
700;383
700;384
701;384
701;385
702;385
703;386
704;387
705;388
705;389
706;389
707;391
708;391
709;392
710;393
711;393
711;394
712;394
713;394
713;395
713;396
714;397
714;398
714;399
715;399
715;400
716;401
716;402
717;402
717;403
718;403
718;404
