525;607
523;607
521;607
519;607
517;607
515;607
513;607
511;607
509;607
507;607
506;607
504;607
503;606
502;605
500;605
499;604
498;604
496;603
495;603
494;602
492;601
491;600
490;599
489;598
488;597
487;595
485;594
484;593
483;591
483;590
482;589
481;588
480;586
479;585
479;584
478;583
477;582
476;581
475;580
475;579
474;578
473;577
473;576
472;575
471;575
470;574
470;573
469;572
468;571
467;570
466;569
465;568
464;567
464;566
463;565
462;564
461;563
461;562
460;561
459;560
458;560
458;559
457;558
456;557
455;557
455;556
454;556
453;555
451;554
449;553
447;551
446;550
444;548
442;546
441;545
440;543
439;542
438;541
437;540
436;538
435;537
434;536
432;535
431;534
430;533
429;532
428;531
427;530
425;529
424;529
423;528
422;528
421;527
420;526
419;525
418;525
417;524
416;523
415;523
414;522
413;522
413;521
412;521
411;520
410;520
409;519
408;519
407;518
406;518
405;517
404;517
403;516
402;516
401;515
400;515
399;514
398;514
397;514
396;513
396;512
397;512
398;512
399;512
400;512
401;512
402;512
403;512
404;512
405;512
406;512
408;512
409;512
410;512
412;512
413;512
415;512
416;512
417;512
419;512
420;512
421;512
422;513
423;513
424;514
426;514
427;515
428;516
429;516
430;517
431;517
432;518
433;518
434;519
436;519
437;520
438;520
439;521
440;521
441;522
442;522
443;522
444;523
445;524
446;524
447;525
448;526
450;526
450;527
451;527
452;528
453;528
454;529
455;529
456;530
457;531
458;532
459;533
460;533
461;534
462;535
462;536
463;536
464;537
465;537
466;538
466;539
467;539
468;540
469;541
470;541
470;542
471;542
472;543
473;544
474;545
475;545
476;545
477;546
478;546
478;547
479;547
480;547
481;547
481;544
481;541
481;539
480;537
479;535
477;534
477;532
476;531
475;530
474;529
473;528
472;526
471;525
470;524
470;523
469;522
468;521
468;520
468;519
467;519
466;518
466;517
465;514
464;513
463;511
462;509
461;508
461;507
460;506
460;505
459;504
459;503
458;502
457;501
457;500
456;499
455;499
455;498
454;497
454;496
453;495
452;495
451;494
450;493
449;492
448;491
447;490
446;489
445;488
444;486
443;485
442;484
441;483
440;481
439;480
438;479
437;478
436;477
435;476
435;474
434;474
433;473
432;472
431;471
431;470
430;470
429;469
428;468
427;467
426;466
425;465
424;464
423;463
421;462
420;461
419;460
418;459
417;458
416;457
415;456
414;455
413;454
411;454
410;453
409;452
408;451
406;451
405;450
404;450
403;449
402;449
401;448
400;448
398;448
397;447
396;447
395;446
394;446
393;446
392;445
391;444
390;443
389;442
389;441
389;440
389;439
389;438
389;437
389;436
390;436
391;436
392;436
393;436
394;436
396;436
397;436
399;436
400;436
402;436
403;436
404;436
405;436
406;436
408;436
409;436
410;437
411;438
412;438
413;439
414;440
415;440
415;441
416;442
417;443
419;444
420;444
421;445
422;446
423;447
424;449
425;450
427;451
428;451
429;452
430;453
431;454
432;455
434;456
435;457
436;457
437;458
439;459
440;460
441;461
442;462
443;463
445;464
446;464
447;465
447;466
449;467
450;468
451;469
452;470
453;472
454;473
455;474
456;476
457;477
458;477
458;478
460;479
461;480
462;481
463;482
464;483
465;483
466;484
467;485
468;486
469;486
470;487
472;488
473;488
475;489
476;490
477;491
479;492
481;492
482;493
484;494
485;495
487;495
489;496
490;497
492;498
493;499
494;499
496;500
497;500
498;501
499;501
500;502
501;502
502;502
503;502
504;502
505;502
506;502
507;502
508;502
509;502
510;502
510;500
511;498
511;495
511;491
511;487
511;484
511;481
511;478
511;476
511;474
511;472
511;471
511;469
511;467
511;466
511;464
511;463
511;461
510;460
510;458
509;457
508;455
507;454
507;452
506;451
505;450
504;448
504;447
503;446
502;444
501;443
500;442
499;440
498;439
497;438
496;437
495;436
494;435
494;434
493;433
492;432
490;430
489;429
488;428
486;426
485;425
484;424
482;422
481;421
480;420
479;419
477;418
476;417
474;416
473;415
472;414
470;414
469;413
468;412
466;411
465;411
464;410
463;410
462;409
461;409
459;408
458;407
457;406
455;406
454;405
453;404
452;404
451;403
449;403
448;402
447;402
446;401
445;401
443;400
442;400
441;399
440;399
439;398
438;397
437;397
436;396
435;396
434;395
433;395
432;394
431;394
430;393
429;393
428;392
427;391
425;391
424;390
424;389
423;389
422;388
421;388
421;387
420;386
419;385
418;385
418;384
417;384
417;383
416;383
416;382
415;382
415;381
415;380
414;379
414;378
414;377
414;376
414;375
414;374
414;373
414;372
414;371
414;370
414;369
414;368
414;366
414;365
414;363
414;361
414;359
414;358
414;356
414;355
414;354
414;353
414;352
414;351
414;350
414;349
414;348
414;347
414;346
414;345
414;344
414;346
414;348
414;351
414;353
414;355
414;356
414;358
414;359
414;360
414;361
415;362
415;363
416;364
416;365
417;366
418;367
419;368
420;369
421;370
423;371
424;372
426;373
428;374
430;375
431;376
433;377
434;378
436;378
437;379
438;380
440;381
442;381
443;382
445;383
447;384
449;384
451;385
452;386
454;386
455;387
457;387
459;388
460;388
462;389
464;389
465;390
466;390
468;391
469;391
470;392
472;392
473;392
474;392
476;393
477;393
478;393
480;393
481;394
482;394
484;394
485;395
486;395
488;395
489;396
491;396
493;396
494;397
496;397
497;398
498;398
499;399
500;399
501;399
502;400
503;400
504;400
504;401
505;401
506;402
507;403
508;404
509;404
509;405
510;405
510;403
510;399
510;396
510;392
510;390
509;387
508;385
507;383
507;382
506;380
505;378
503;376
502;375
502;373
501;371
500;370
499;368
498;367
498;366
497;364
496;363
495;362
494;360
492;358
491;357
490;355
489;353
488;352
487;351
486;349
485;348
484;347
483;346
482;345
481;344
480;343
479;342
477;341
476;340
475;338
473;338
472;337
471;335
469;334
468;333
466;332
464;331
463;330
461;329
460;328
458;327
457;326
456;325
455;324
453;323
452;322
451;320
450;319
449;319
447;318
447;317
446;316
445;315
444;314
443;314
443;313
442;312
441;311
440;310
439;309
439;308
438;307
437;307
436;306
436;305
435;304
435;303
434;302
434;301
433;300
433;299
432;298
432;297
431;296
431;295
431;293
430;292
430;291
430;290
430;289
429;288
429;287
429;286
428;285
428;284
428;283
428;282
428;281
428;280
428;279
428;278
428;277
428;276
428;275
428;274
428;273
428;272
428;271
428;270
428;269
428;267
428;266
428;264
428;263
428;261
428;260
428;258
428;257
428;256
428;255
428;254
428;253
428;252
428;251
428;250
428;249
428;248
428;247
428;246
427;245
427;244
427;243
427;242
427;243
427;245
427;247
427;249
427;251
427;252
427;254
427;255
427;256
427;258
427;259
427;261
427;262
427;263
427;265
428;266
429;267
430;268
430;269
431;270
433;271
434;272
436;274
438;275
439;277
440;278
442;279
443;280
445;281
446;282
447;283
449;284
451;285
453;286
455;287
457;288
459;289
461;290
462;291
464;292
466;292
467;293
469;293
470;294
472;295
473;295
474;296
476;296
477;297
478;298
479;299
480;299
482;300
483;301
485;302
487;303
488;305
490;306
492;308
494;309
495;311
497;312
498;314
499;315
501;316
502;317
503;318
504;319
505;320
506;321
507;322
508;323
509;324
510;325
510;326
511;327
512;327
513;328
513;329
514;330
515;331
515;332
516;333
517;334
518;336
519;337
520;339
521;340
521;341
522;342
522;344
523;345
524;346
524;347
525;348
526;349
526;350
527;351
527;352
528;352
528;353
529;353
529;351
529;349
529;346
529;343
528;340
527;338
526;336
525;334
524;332
523;331
522;329
520;327
518;325
517;323
515;321
514;319
512;317
510;316
509;314
507;313
505;312
504;310
502;309
500;308
498;307
497;306
495;305
493;303
491;302
490;301
488;300
487;299
485;298
484;297
482;296
481;295
479;293
478;292
476;290
475;288
474;286
472;285
471;283
470;282
469;281
467;279
466;278
465;277
464;276
463;275
462;273
461;272
460;271
459;270
458;268
457;267
456;266
455;265
454;263
453;262
452;260
451;259
450;257
450;256
448;254
448;253
447;252
446;251
445;250
445;249
444;248
444;247
443;246
443;245
442;243
441;242
441;241
440;240
440;238
439;237
439;236
438;235
438;233
437;232
437;231
436;230
436;229
435;228
435;227
435;226
434;225
434;224
433;224
433;223
433;222
432;221
432;220
431;219
430;218
429;217
428;217
427;216
425;215
424;215
422;213
420;212
418;211
416;210
414;209
413;209
412;208
411;208
410;207
408;206
407;206
406;205
405;205
404;204
403;204
402;204
400;203
399;202
398;202
397;202
395;201
394;201
392;201
391;200
389;200
388;200
386;199
385;199
384;198
383;198
382;198
381;197
380;197
379;196
378;196
378;195
377;195
377;194
376;194
376;193
375;193
375;192
374;192
374;191
375;191
377;191
379;191
381;191
383;191
385;191
386;191
387;191
388;191
390;191
391;191
392;191
393;191
394;191
396;191
397;191
399;191
400;191
402;191
404;191
406;192
408;192
410;192
411;192
413;193
414;193
415;194
417;194
418;195
420;196
421;197
422;198
423;199
425;200
426;202
428;203
429;204
430;205
431;207
432;208
433;209
435;210
436;211
437;212
438;213
439;215
440;216
441;217
442;219
443;220
444;222
444;223
445;223
446;224
446;225
447;225
447;226
448;227
449;227
450;228
451;229
452;230
453;231
454;232
455;234
456;235
457;236
458;237
460;239
461;240
462;241
463;242
464;243
465;243
466;244
466;245
467;246
468;246
469;247
470;247
470;248
471;249
472;249
473;250
474;251
475;252
476;252
477;253
478;254
479;255
480;256
481;256
481;257
482;258
483;259
484;260
485;261
485;262
486;264
487;265
488;266
489;267
489;268
490;268
491;269
492;270
492;271
493;272
493;273
494;273
495;274
496;275
497;276
498;277
499;278
499;279
500;279
500;280
501;281
501;282
502;282
503;283
503;284
504;284
505;284
505;285
506;285
507;285
507;284
507;283
507;282
507;281
506;280
505;278
504;277
503;275
501;274
500;272
499;270
498;268
497;267
496;265
496;264
495;263
495;262
495;261
494;260
494;259
493;258
493;257
492;256
492;255
492;254
491;253
490;252
490;250
489;249
489;248
488;246
487;245
486;243
485;242
484;241
483;239
482;238
481;236
479;235
478;233
477;232
475;231
474;230
473;229
472;228
471;227
470;226
469;225
469;224
468;223
467;222
466;221
465;220
464;218
463;217
462;216
461;214
460;213
459;211
458;210
456;208
455;207
455;206
454;204
453;203
452;202
452;201
451;200
451;199
450;198
450;197
449;196
448;194
448;193
448;192
448;191
447;190
447;189
447;188
447;187
447;186
447;185
448;186
449;187
450;188
451;189
452;190
453;191
454;192
456;193
457;195
458;197
460;199
461;201
463;202
464;204
465;205
466;206
466;207
467;208
468;209
469;209
470;210
470;211
471;211
472;212
473;213
474;214
475;215
476;216
477;216
478;217
479;218
480;219
481;220
482;222
484;223
485;225
487;227
489;229
490;231
492;233
493;235
495;236
496;238
498;239
499;241
500;242
501;243
503;245
504;246
505;247
506;248
507;250
508;251
509;252
510;253
511;254
511;255
512;256
513;257
514;258
515;260
516;261
516;263
517;264
518;265
519;266
520;267
520;268
521;268
522;269
523;270
524;271
525;272
526;273
527;274
528;275
529;276
530;277
531;278
531;279
532;279
532;280
533;280
534;281
534;282
535;283
535;284
536;284
537;286
538;287
539;288
539;289
540;290
541;291
541;292
542;293
542;294
543;296
544;297
545;298
546;299
546;300
547;301
548;302
549;302
550;303
550;304
551;305
552;305
553;306
554;306
555;307
556;308
557;309
558;310
559;311
560;312
560;313
561;314
561;316
562;317
563;318
563;319
564;320
564;321
565;322
565;324
566;325
566;326
567;327
567;328
568;329
568;330
568;331
569;332
569;333
569;334
569;335
569;336
569;337
569;338
569;339
569;340
569;341
569;342
569;343
569;344
569;345
569;346
569;347
569;348
569;349
569;350
569;351
569;352
569;353
569;354
569;355
570;356
570;357
570;358
571;359
571;360
571;361
571;362
571;363
571;365
571;366
571;367
571;368
570;368
570;369
569;369
569;370
569;371
574;371
578;371
583;370
589;366
595;363
598;361
601;359
604;358
607;356
608;356
609;355
610;355
610;354
611;354
612;354
613;354
614;354
617;354
620;353
623;353
627;353
630;353
633;353
636;353
638;353
640;353
641;353
642;353
643;353
644;353
645;353
643;353
641;353
639;354
637;355
636;355
635;355
634;356
633;356
632;356
632;357
630;357
629;358
628;359
627;359
626;360
625;361
624;361
623;362
622;363
621;364
620;364
620;365
619;365
619;366
618;367
617;368
616;369
615;371
615;372
614;373
614;374
613;374
613;375
612;376
611;377
610;378
609;378
608;379
607;380
606;381
605;382
604;383
603;384
601;386
600;387
599;388
598;390
597;391
596;392
595;393
594;394
594;395
593;396
592;397
591;398
590;399
589;400
588;402
587;403
586;405
585;407
584;409
583;411
582;413
581;414
580;416
579;417
579;418
578;418
578;419
578;420
578;421
578;423
580;424
582;425
584;427
585;428
587;428
588;429
589;429
590;430
592;430
593;430
595;431
597;431
598;431
600;431
602;431
604;431
607;431
609;431
612;431
614;431
616;431
619;431
621;431
623;431
625;431
627;431
628;431
629;431
630;431
631;431
632;431
633;431
634;431
635;431
636;431
637;431
638;431
639;431
640;431
641;431
642;431
643;431
643;432
644;432
645;432
646;432
646;433
646;434
646;435
646;436
646;437
645;438
644;439
642;440
639;442
637;443
636;443
635;444
634;445
633;446
632;446
631;447
630;448
629;448
629;449
628;449
628;450
627;450
627;451
626;451
626;452
625;452
624;453
623;454
622;455
620;456
619;458
617;459
616;460
615;461
614;462
613;462
612;463
611;463
610;463
608;463
605;463
603;463
600;463
597;463
595;463
593;463
592;463
591;463
590;463
589;463
588;463
587;463
586;463
585;463
583;463
582;464
582;465
581;465
579;466
578;467
577;468
575;469
575;470
574;470
573;471
572;472
571;473
570;473
570;474
569;474
568;475
568;476
567;476
567;477
566;478
566;479
566;480
565;481
564;482
564;484
563;485
563;487
562;488
562;489
561;490
561;491
560;491
560;492
559;493
559;494
558;495
558;496
558;497
558;498
558;499
558;500
558;501
558;502
558;503
558;504
559;504
559;505
559;506
559;507
560;508
560;509
560;510
560;511
560;513
560;514
560;516
560;517
560;519
560;520
560;521
560;522
561;523
562;524
564;525
565;526
567;528
568;529
570;530
571;531
573;532
574;533
575;534
577;534
578;535
579;536
581;536
582;537
584;537
586;538
588;538
590;539
592;539
594;539
596;539
597;539
599;539
600;539
602;539
604;539
605;539
606;539
607;539
608;539
609;539
610;539
612;539
613;539
614;539
615;539
616;539
617;539
618;539
619;539
620;539
622;539
623;538
624;537
625;537
627;536
628;535
630;535
631;534
632;534
633;534
634;534
635;533
636;533
637;533
638;533
639;533
640;533
641;533
642;533
644;533
645;533
646;533
647;533
649;533
650;533
651;533
652;533
653;533
655;533
657;533
658;533
660;533
661;533
663;533
664;533
665;533
667;533
668;533
669;533
670;533
671;533
672;533
672;532
672;530
672;529
672;528
672;526
672;525
672;524
672;523
672;522
672;521
672;520
672;519
672;518
672;517
672;516
674;516
676;516
677;516
680;516
682;516
683;516
685;516
686;516
687;516
688;516
689;516
690;516
691;516
692;516
692;517
693;517
694;518
695;519
695;520
696;521
696;522
697;523
698;524
698;525
699;526
699;527
700;528
700;529
701;529
701;530
702;531
702;532
703;533
704;533
705;534
705;535
706;536
707;537
708;538
709;539
709;540
710;540
710;541
711;542
712;542
712;543
713;543
713;544
714;545
715;545
716;546
717;546
718;547
719;547
720;547
721;547
722;547
723;547
724;547
725;547
726;547
727;547
728;547
728;546
729;545
729;544
730;544
730;543
731;543
731;542
731;541
731;540
731;539
731;538
731;537
731;536
731;535
731;534
731;533
731;532
731;530
731;529
731;527
731;526
731;525
731;523
731;522
731;520
731;518
731;517
731;515
731;514
731;513
731;511
731;510
731;509
731;508
731;507
731;506
730;505
730;504
729;504
728;503
728;502
727;501
726;500
726;499
725;499
725;498
724;498
724;497
723;496
722;494
721;493
720;492
718;491
717;489
716;488
715;487
714;486
713;485
712;484
711;483
709;482
708;481
707;480
706;479
705;478
704;478
704;477
703;477
702;476
701;476
700;475
699;474
698;473
697;473
695;472
695;471
694;471
693;470
692;470
692;469
691;469
690;468
689;467
688;466
687;466
686;466
685;466
684;465
683;465
682;465
682;464
682;463
683;463
684;463
686;463
687;463
689;463
690;463
691;463
692;463
693;463
694;463
695;463
697;463
698;463
700;463
702;463
703;463
705;463
707;463
709;463
710;463
713;463
714;463
716;463
718;463
720;464
721;465
723;466
724;466
725;467
726;468
727;469
728;470
728;471
729;471
729;472
730;472
730;473
731;473
731;472
731;471
731;470
732;467
733;467
735;466
736;465
737;464
738;463
739;462
740;461
742;460
743;459
744;458
745;457
746;455
747;454
748;453
748;452
749;451
750;450
750;449
750;448
751;448
751;447
751;446
751;445
751;444
751;443
751;441
751;440
751;438
751;436
751;435
751;433
751;432
751;430
751;429
750;428
750;427
749;426
748;425
747;424
746;423
745;421
744;421
743;420
742;419
741;418
740;417
739;416
738;414
737;413
736;413
735;412
735;411
734;410
733;409
732;409
732;408
731;407
729;406
728;406
727;405
726;404
725;403
724;402
723;402
721;401
720;400
718;400
717;399
716;399
714;398
713;398
711;397
710;397
709;396
708;396
707;396
706;395
705;395
704;395
704;394
703;394
703;393
705;393
707;393
709;393
711;393
713;393
714;393
717;393
718;393
721;393
723;393
724;393
726;393
727;393
728;393
729;393
730;393
731;393
733;393
735;393
737;393
740;393
742;393
744;393
745;393
746;393
747;393
748;393
750;393
751;393
753;393
755;393
757;394
758;394
760;395
761;395
762;395
763;396
765;396
766;397
768;397
771;398
774;398
776;398
778;398
780;399
782;399
784;399
785;399
788;399
789;399
791;399
792;399
794;399
795;399
796;399
797;399
798;399
799;399
800;399
801;397
802;396
802;395
803;393
803;392
803;391
803;390
803;388
803;387
803;386
803;384
803;382
803;380
803;378
803;375
803;373
803;371
803;369
803;368
803;366
803;365
803;363
803;362
803;360
803;358
803;356
803;353
802;351
800;349
800;347
799;346
798;345
798;344
798;338
798;337
798;336
797;335
796;334
795;332
793;330
792;327
791;326
790;324
789;322
788;321
787;319
785;318
784;316
782;315
781;313
779;312
778;311
777;310
776;309
775;308
774;307
773;306
772;305
771;304
770;303
769;302
768;301
767;300
766;299
765;298
764;298
763;297
762;296
761;296
761;295
760;294
759;294
758;293
756;293
755;292
753;291
752;290
750;290
749;289
747;288
746;288
744;287
743;287
741;286
739;286
737;285
736;285
734;284
733;284
731;283
729;283
728;282
726;282
725;281
723;281
722;280
721;280
720;279
719;279
718;278
717;278
716;278
714;278
713;277
712;277
710;277
709;277
707;277
706;277
705;277
704;277
703;277
702;277
702;276
702;275
702;274
704;273
705;273
707;272
709;271
710;271
712;270
714;269
716;269
718;268
720;268
722;268
723;267
725;267
726;267
727;267
728;267
730;267
731;267
732;267
734;267
736;267
737;267
740;267
742;267
744;267
746;267
748;267
749;267
750;267
751;267
753;267
754;268
755;268
757;269
758;270
760;271
761;272
763;273
764;274
766;275
767;275
768;276
769;277
771;278
772;279
774;279
775;280
776;281
778;282
780;282
781;283
783;285
785;286
787;287
788;288
789;289
791;290
792;292
794;293
795;294
797;296
799;298
800;299
802;301
804;302
805;303
806;304
808;305
809;306
810;307
811;308
812;308
813;309
815;310
816;311
817;311
819;312
820;312
821;313
822;313
823;314
824;314
825;314
825;315
826;315
827;315
827;316
828;316
829;316
830;317
830;318
831;318
832;319
833;319
833;320
834;320
834;321
835;322
836;323
836;324
836;325
837;326
837;327
838;327
838;324
838;322
838;320
837;317
836;315
835;313
833;311
832;308
830;306
828;304
826;302
823;299
820;297
817;294
815;293
813;291
810;289
809;287
806;285
804;283
802;282
800;280
797;277
794;275
792;273
789;271
788;269
786;268
784;266
782;265
781;263
779;262
777;260
775;259
773;257
771;256
769;255
768;254
766;253
764;252
763;250
762;250
761;249
759;248
758;248
757;248
756;248
755;248
754;248
752;248
750;247
747;247
744;246
741;246
738;246
735;246
733;245
731;245
729;245
727;244
726;244
724;244
723;244
721;243
720;243
719;243
718;242
717;242
716;242
715;242
714;242
713;242
712;242
711;242
710;242
709;242
708;242
707;242
705;242
704;242
702;242
701;242
700;243
699;244
698;244
697;245
696;245
695;246
694;246
694;247
693;247
692;248
691;248
690;249
689;250
688;250
687;252
686;253
684;254
683;255
681;256
680;257
679;258
678;260
677;261
676;262
675;264
673;265
672;267
671;269
669;270
668;272
667;273
666;274
665;275
664;276
663;276
663;277
662;278
661;278
660;278
659;278
658;278
658;276
657;275
657;274
657;273
657;272
657;271
657;269
657;268
657;266
657;264
657;263
657;262
657;261
657;259
657;258
657;257
657;255
657;254
657;253
657;251
657;250
657;248
658;246
659;245
660;243
661;241
662;239
663;237
665;235
667;234
669;232
671;231
673;229
674;228
676;227
677;226
679;226
681;225
683;225
685;224
687;223
689;223
691;223
693;222
695;222
697;222
699;222
701;221
702;221
704;221
706;221
708;220
709;220
711;220
712;220
713;220
715;220
717;220
719;220
721;220
724;220
727;220
729;220
732;220
734;220
736;220
738;220
740;220
742;220
744;220
747;220
750;220
752;220
755;220
758;220
760;220
763;220
765;220
767;220
769;220
770;220
772;220
774;220
776;220
779;220
782;220
784;220
787;220
789;220
791;220
793;220
794;220
796;220
798;220
799;220
800;220
802;220
803;220
803;219
803;218
803;217
803;215
803;214
803;213
803;212
802;211
801;210
800;209
799;207
797;206
795;204
794;203
792;202
791;200
789;199
788;198
786;197
785;196
783;195
781;194
779;193
777;193
776;192
774;192
772;191
770;190
769;190
766;190
764;189
762;189
760;189
758;189
756;189
754;188
751;188
749;188
747;188
745;188
743;188
740;188
738;188
736;188
734;188
732;188
731;188
729;188
728;188
727;188
725;188
723;188
721;188
719;188
717;188
716;188
714;188
713;188
712;188
710;188
709;188
707;188
705;188
704;188
702;188
701;188
700;188
699;188
698;188
697;188
696;188
695;189
694;189
693;189
691;189
690;190
689;190
688;190
687;190
686;191
685;191
684;192
683;192
682;192
680;193
679;193
678;194
677;195
676;196
675;197
673;197
672;198
671;199
670;200
669;200
668;201
667;201
666;202
665;203
664;203
664;204
663;204
662;205
661;205
660;206
659;207
658;207
658;208
657;208
656;209
654;210
653;211
652;212
650;213
650;214
649;215
648;215
647;215
646;215
646;214
646;213
646;211
646;209
646;207
648;205
649;204
650;202
652;200
653;198
654;197
655;196
656;194
657;193
657;192
658;191
659;190
660;189
660;188
661;188
661;187
662;186
663;186
663;185
664;185
664;184
665;183
666;182
668;181
669;180
669;179
670;178
671;177
672;176
673;175
674;174
676;173
677;171
678;170
680;169
681;168
683;167
684;165
686;164
687;163
689;162
691;161
694;160
696;159
699;158
701;157
703;156
705;156
707;155
708;155
709;155
711;155
713;154
714;154
716;154
717;154
719;153
721;153
723;153
725;153
727;153
728;153
730;153
732;153
733;153
736;153
738;153
740;153
742;153
744;153
745;153
746;153
747;153
748;153
749;153
751;153
752;153
754;153
755;153
757;153
758;153
759;153
760;153
761;153
762;154
763;155
764;156
763;156
761;156
759;155
757;153
755;152
753;151
751;150
749;148
747;147
745;146
743;145
741;144
739;144
738;143
736;142
735;141
733;141
732;140
731;140
730;139
729;139
727;138
726;137
725;137
724;136
722;136
720;135
719;134
717;133
716;133
715;132
714;132
713;131
712;131
711;130
710;129
709;129
707;128
706;128
704;127
703;127
701;127
700;126
699;126
697;126
696;125
695;125
693;125
691;125
689;125
687;125
686;125
684;125
683;125
682;125
681;125
680;125
679;125
678;125
677;125
676;125
675;125
674;125
673;125
672;125
671;125
670;125
669;125
668;125
667;125
665;125
664;125
663;125
661;125
660;126
658;127
657;128
655;129
654;129
653;130
652;131
651;132
650;132
649;133
648;133
647;134
647;135
646;135
645;135
647;135
648;134
649;133
651;132
652;130
653;129
655;127
657;126
658;124
660;122
662;121
663;120
665;119
666;118
667;117
668;116
668;115
669;115
670;114
671;114
672;113
674;112
676;111
678;110
680;109
681;108
682;107
684;107
685;106
686;106
687;105
689;104
690;104
691;103
693;103
694;102
695;102
697;102
698;102
699;101
701;101
702;101
704;101
706;101
709;101
711;101
713;101
715;101
717;101
718;101
720;101
722;101
724;101
725;101
728;101
730;101
733;101
735;101
738;101
740;101
742;101
744;101
746;101
748;101
750;101
751;101
752;101
753;101
754;101
756;101
759;101
762;101
765;101
768;101
770;101
773;101
775;101
778;101
781;101
784;101
786;101
789;101
791;102
794;103
796;103
798;104
800;104
801;105
803;106
804;106
806;107
807;107
809;108
811;109
812;110
813;111
815;112
816;112
817;113
818;114
819;115
820;117
821;118
821;119
822;120
823;121
824;122
825;123
826;125
827;126
828;127
829;129
830;130
830;132
831;133
831;134
832;135
832;136
833;137
833;138
834;140
834;142
834;144
835;146
835;148
835;149
835;151
836;153
836;154
836;156
836;157
837;159
837;160
837;161
838;162
838;164
838;165
838;166
839;167
839;168
839;170
840;171
841;172
841;173
842;174
842;175
843;176
843;177
844;178
844;179
845;180
845;181
846;181
846;182
847;182
847;183
848;183
849;183
850;184
851;184
853;184
855;185
856;185
857;185
858;185
859;185
860;185
861;185
862;185
864;185
865;185
866;185
868;185
870;185
872;185
873;185
875;185
878;185
880;185
883;185
886;184
887;183
889;183
890;182
891;182
894;181
896;180
898;179
900;178
902;178
903;177
904;177
905;176
906;176
907;175
908;175
908;174
909;174
909;173
909;172
909;171
909;170
909;169
909;168
909;167
909;166
909;165
909;164
909;163
909;162
909;161
909;160
909;159
909;158
909;157
909;156
909;155
909;156
909;157
909;159
909;160
909;161
909;162
909;164
909;165
909;166
909;167
909;169
909;171
909;172
909;174
909;177
909;178
909;180
909;182
909;183
909;184
908;185
908;186
908;187
908;189
908;190
908;191
908;192
907;193
907;194
906;194
906;195
906;196
905;197
905;199
904;200
903;201
903;202
902;204
902;205
901;207
901;208
900;209
900;210
899;212
898;213
897;215
896;217
895;219
894;220
893;222
892;224
891;225
891;226
890;227
890;228
889;230
888;231
888;232
887;233
887;234
886;236
886;237
886;239
886;242
885;244
885;246
885;248
885;249
885;250
885;251
885;252
885;253
885;254
885;255
885;256
885;257
885;258
885;259
885;260
886;261
887;261
888;262
889;262
890;263
892;263
894;264
895;264
897;265
899;265
901;265
902;265
904;265
906;265
907;265
909;265
911;265
912;265
913;265
914;265
915;265
916;265
917;265
918;265
919;265
920;265
921;265
922;265
923;265
924;265
925;265
926;265
927;265
928;265
929;265
930;265
931;265
932;265
933;265
933;267
933;268
933;269
933;271
933;273
933;274
933;276
933;278
933;280
933;281
933;283
933;284
933;286
933;287
933;288
933;290
932;290
932;291
931;292
931;293
930;294
929;294
929;295
928;296
928;297
927;297
926;298
924;299
923;300
921;302
919;303
918;305
916;306
914;307
913;308
911;309
910;310
909;311
908;312
907;313
906;314
905;315
903;317
902;318
901;320
899;322
898;323
897;324
896;326
896;327
895;328
894;328
894;329
893;331
892;332
891;333
890;334
890;336
889;337
888;338
887;339
887;340
886;341
886;343
885;343
885;344
884;346
884;347
884;348
884;349
884;350
884;353
884;354
884;355
884;356
884;357
884;358
884;359
884;360
885;361
886;361
887;361
888;361
890;361
891;361
893;361
894;361
895;361
898;361
900;361
902;361
903;361
904;360
906;358
907;357
909;356
910;355
911;354
912;353
913;352
914;350
915;349
916;348
917;347
918;346
919;345
920;344
921;343
921;342
922;342
922;341
923;341
924;340
924;339
924;338
925;337
926;336
926;334
927;333
927;332
928;331
928;330
928;329
929;328
929;327
929;326
929;325
929;326
929;328
929;332
929;336
929;339
929;341
929;344
929;346
929;348
928;350
928;352
928;353
928;355
927;357
927;358
926;360
926;361
926;362
926;364
925;365
925;366
925;368
925;369
924;371
924;372
924;373
924;374
923;375
923;376
923;377
922;378
922;379
922;380
921;381
921;382
921;383
920;384
920;385
919;386
919;387
918;388
917;389
917;391
915;392
914;393
913;395
911;397
910;399
908;401
907;402
905;404
903;405
902;406
901;407
900;408
899;408
899;409
898;411
897;412
896;412
895;412
893;413
892;413
891;413
890;413
889;414
887;415
885;416
883;416
881;418
879;419
878;419
876;420
875;421
874;422
873;423
872;424
871;424
870;426
869;427
868;428
866;430
865;431
864;433
863;434
862;435
861;436
860;437
859;438
858;439
857;440
856;441
855;442
855;443
854;444
853;446
852;447
851;449
850;450
850;451
849;452
849;453
848;454
847;456
847;457
847;458
846;459
846;460
846;461
846;462
845;463
845;464
845;465
845;467
845;468
845;469
845;470
845;471
845;472
845;473
845;474
845;475
846;475
848;475
850;475
851;475
852;474
853;473
854;472
855;471
857;469
858;468
860;468
861;467
863;465
865;463
867;462
869;461
870;461
871;460
872;459
874;458
876;458
877;457
880;456
881;456
883;455
884;455
885;454
887;454
888;453
890;453
892;453
893;452
895;452
896;452
897;452
898;451
899;451
900;451
900;450
902;450
903;450
903;449
904;449
905;449
906;449
907;449
907;450
907;452
907;453
907;454
907;455
907;456
907;457
907;459
907;460
906;462
906;463
905;464
905;465
905;467
904;468
904;469
903;471
903;472
903;473
902;473
902;474
902;475
901;478
901;479
900;480
900;481
900;483
899;484
898;486
898;487
896;489
896;491
895;493
894;495
892;498
891;499
890;501
889;503
888;505
887;506
886;507
885;508
884;509
883;510
882;512
881;513
879;514
878;516
876;517
874;518
872;519
870;520
868;521
867;522
865;522
864;523
863;523
861;524
859;524
857;525
856;525
854;525
852;526
850;526
848;527
847;527
846;527
845;528
844;528
843;528
842;528
840;528
836;529
833;530
831;531
830;532
828;532
826;534
825;535
824;536
823;536
823;537
822;537
821;537
821;538
821;539
821;540
820;540
820;541
820;542
820;543
819;544
819;545
819;546
819;547
819;548
819;549
819;550
819;551
819;552
819;553
819;554
819;555
819;556
819;557
819;558
819;560
819;561
819;562
820;563
821;565
823;566
825;567
827;568
828;569
830;569
832;570
833;571
834;571
835;572
837;572
838;572
839;573
841;573
842;573
843;573
845;574
846;574
847;574
849;574
850;575
852;575
853;575
855;576
856;576
857;576
858;576
859;576
860;576
861;577
861;578
861;579
861;580
861;581
861;582
861;583
861;584
861;585
861;586
861;587
861;588
861;589
861;590
861;591
861;592
861;593
861;594
860;595
859;595
858;597
857;597
856;597
855;597
854;597
852;598
849;599
847;600
845;602
842;603
839;605
838;606
836;607
835;608
834;608
832;610
831;610
830;611
829;611
828;612
826;612
823;614
821;615
820;615
819;616
818;617
817;617
815;617
813;618
811;619
810;620
809;620
808;620
807;621
806;621
802;622
800;622
798;623
797;623
795;623
794;623
792;623
790;624
788;624
786;624
785;624
784;624
782;624
780;624
778;624
777;624
776;624
774;624
772;624
771;624
770;624
768;624
767;624
765;624
764;624
762;624
760;624
758;624
756;623
753;623
751;622
749;621
748;620
746;619
745;619
743;618
741;617
739;617
737;616
735;615
734;614
732;613
730;612
727;611
725;610
723;609
721;608
719;607
717;606
715;605
714;604
712;604
711;603
709;603
708;602
705;602
703;602
701;602
699;602
697;602
695;602
693;602
691;602
690;602
688;602
686;602
684;602
682;602
681;602
678;602
677;602
675;602
673;602
672;602
671;603
670;603
669;603
669;604
668;604
667;604
667;605
665;606
664;607
663;608
662;608
661;609
660;610
659;611
658;612
657;613
656;614
655;615
654;616
654;617
653;617
652;618
651;619
650;622
649;623
648;623
647;624
646;624
645;625
643;626
641;627
638;628
636;629
633;630
630;631
628;632
626;633
624;633
622;634
620;634
618;634
615;635
613;635
611;635
610;635
608;635
606;635
605;635
603;635
602;635
600;635
598;635
596;635
595;635
593;635
592;635
590;635
589;635
587;634
586;634
585;633
584;632
583;631
583;630
581;630
581;629
580;628
579;627
578;626
577;625
576;623
575;622
574;621
573;619
572;618
571;617
570;615
570;614
569;613
568;612
567;611
567;610
566;609
566;608
565;608
565;607
564;607
564;606
563;606
562;605
561;604
560;603
559;602
558;601
557;600
556;599
555;598
554;598
554;597
553;597
552;596
551;596
550;596
549;596
548;596
547;596
546;596
545;596
544;596
543;596
542;596
541;596
540;596
539;596
538;596
537;596
536;596
535;596
534;596
533;596
532;596
531;596
530;597
529;597
528;597
528;598
527;598
527;599
526;599
526;600
525;600
525;601
525;602
525;603
525;604
525;605
525;606
525;607
525;608
525;609
525;610
524;610
523;610
522;610
521;610
520;610
